[0.011s] Invoking command in '/home/humble/ros2_ws/build/linorobot2_base': CMAKE_PREFIX_PATH=${CMAKE_PREFIX_PATH}:/home/humble/ros2_ws/install/py_pub_sub:/opt/ros/humble /usr/bin/cmake /home/humble/ros2_ws/src/linorobot2/linorobot2_base -DCMAKE_INSTALL_PREFIX=/home/humble/ros2_ws/install/linorobot2_base
[0.069s] -- The C compiler identification is GNU 11.4.0
[0.114s] -- The CXX compiler identification is GNU 11.4.0
[0.121s] -- Detecting C compiler ABI info
[0.213s] -- Detecting C compiler ABI info - done
[0.218s] -- Check for working C compiler: /usr/bin/cc - skipped
[0.218s] -- Detecting C compile features
[0.219s] -- Detecting C compile features - done
[0.221s] -- Detecting CXX compiler ABI info
[0.282s] -- Detecting CXX compiler ABI info - done
[0.287s] -- Check for working CXX compiler: /usr/bin/c++ - skipped
[0.287s] -- Detecting CXX compile features
[0.287s] -- Detecting CXX compile features - done
[0.288s] -- Found ament_cmake: 1.3.11 (/opt/ros/humble/share/ament_cmake/cmake)
[0.391s] -- Found Python3: /usr/bin/python3 (found version "3.10.12") found components: Interpreter 
[0.498s] -- Configuring done
[0.500s] -- Generating done
[0.501s] -- Build files have been written to: /home/humble/ros2_ws/build/linorobot2_base
[0.506s] Invoked command in '/home/humble/ros2_ws/build/linorobot2_base' returned '0': CMAKE_PREFIX_PATH=${CMAKE_PREFIX_PATH}:/home/humble/ros2_ws/install/py_pub_sub:/opt/ros/humble /usr/bin/cmake /home/humble/ros2_ws/src/linorobot2/linorobot2_base -DCMAKE_INSTALL_PREFIX=/home/humble/ros2_ws/install/linorobot2_base
[0.507s] Invoking command in '/home/humble/ros2_ws/build/linorobot2_base': CMAKE_PREFIX_PATH=${CMAKE_PREFIX_PATH}:/home/humble/ros2_ws/install/py_pub_sub:/opt/ros/humble /usr/bin/cmake --build /home/humble/ros2_ws/build/linorobot2_base -- -j2 -l2
[0.551s] Invoked command in '/home/humble/ros2_ws/build/linorobot2_base' returned '0': CMAKE_PREFIX_PATH=${CMAKE_PREFIX_PATH}:/home/humble/ros2_ws/install/py_pub_sub:/opt/ros/humble /usr/bin/cmake --build /home/humble/ros2_ws/build/linorobot2_base -- -j2 -l2
[0.552s] Invoking command in '/home/humble/ros2_ws/build/linorobot2_base': CMAKE_PREFIX_PATH=${CMAKE_PREFIX_PATH}:/home/humble/ros2_ws/install/py_pub_sub:/opt/ros/humble /usr/bin/cmake --install /home/humble/ros2_ws/build/linorobot2_base
[0.561s] -- Install configuration: ""
[0.561s] -- Installing: /home/humble/ros2_ws/install/linorobot2_base/share/linorobot2_base/config
[0.561s] -- Installing: /home/humble/ros2_ws/install/linorobot2_base/share/linorobot2_base/config/ekf.yaml
[0.561s] -- Installing: /home/humble/ros2_ws/install/linorobot2_base/share/ament_index/resource_index/package_run_dependencies/linorobot2_base
[0.561s] -- Installing: /home/humble/ros2_ws/install/linorobot2_base/share/ament_index/resource_index/parent_prefix_path/linorobot2_base
[0.561s] -- Installing: /home/humble/ros2_ws/install/linorobot2_base/share/linorobot2_base/environment/ament_prefix_path.sh
[0.562s] -- Installing: /home/humble/ros2_ws/install/linorobot2_base/share/linorobot2_base/environment/ament_prefix_path.dsv
[0.562s] -- Installing: /home/humble/ros2_ws/install/linorobot2_base/share/linorobot2_base/environment/path.sh
[0.562s] -- Installing: /home/humble/ros2_ws/install/linorobot2_base/share/linorobot2_base/environment/path.dsv
[0.562s] -- Installing: /home/humble/ros2_ws/install/linorobot2_base/share/linorobot2_base/local_setup.bash
[0.562s] -- Installing: /home/humble/ros2_ws/install/linorobot2_base/share/linorobot2_base/local_setup.sh
[0.562s] -- Installing: /home/humble/ros2_ws/install/linorobot2_base/share/linorobot2_base/local_setup.zsh
[0.562s] -- Installing: /home/humble/ros2_ws/install/linorobot2_base/share/linorobot2_base/local_setup.dsv
[0.562s] -- Installing: /home/humble/ros2_ws/install/linorobot2_base/share/linorobot2_base/package.dsv
[0.562s] -- Installing: /home/humble/ros2_ws/install/linorobot2_base/share/ament_index/resource_index/packages/linorobot2_base
[0.562s] -- Installing: /home/humble/ros2_ws/install/linorobot2_base/share/linorobot2_base/cmake/linorobot2_baseConfig.cmake
[0.562s] -- Installing: /home/humble/ros2_ws/install/linorobot2_base/share/linorobot2_base/cmake/linorobot2_baseConfig-version.cmake
[0.563s] -- Installing: /home/humble/ros2_ws/install/linorobot2_base/share/linorobot2_base/package.xml
[0.576s] Invoked command in '/home/humble/ros2_ws/build/linorobot2_base' returned '0': CMAKE_PREFIX_PATH=${CMAKE_PREFIX_PATH}:/home/humble/ros2_ws/install/py_pub_sub:/opt/ros/humble /usr/bin/cmake --install /home/humble/ros2_ws/build/linorobot2_base
