[0.011s] Invoking command in '/home/humble/ros2_ws/build/linorobot2': CMAKE_PREFIX_PATH=${CMAKE_PREFIX_PATH}:/home/humble/ros2_ws/install/py_pub_sub:/opt/ros/humble /usr/bin/cmake /home/humble/ros2_ws/src/linorobot2/linorobot2 -DCMAKE_INSTALL_PREFIX=/home/humble/ros2_ws/install/linorobot2
[0.075s] -- The C compiler identification is GNU 11.4.0
[0.121s] -- The CXX compiler identification is GNU 11.4.0
[0.125s] -- Detecting C compiler ABI info
[0.219s] -- Detecting C compiler ABI info - done
[0.224s] -- Check for working C compiler: /usr/bin/cc - skipped
[0.224s] -- Detecting C compile features
[0.224s] -- Detecting C compile features - done
[0.227s] -- Detecting CXX compiler ABI info
[0.286s] -- Detecting CXX compiler ABI info - done
[0.293s] -- Check for working CXX compiler: /usr/bin/c++ - skipped
[0.293s] -- Detecting CXX compile features
[0.293s] -- Detecting CXX compile features - done
[0.295s] -- Found ament_cmake: 1.3.11 (/opt/ros/humble/share/ament_cmake/cmake)
[0.400s] -- Found Python3: /usr/bin/python3 (found version "3.10.12") found components: Interpreter 
[0.505s] -- Configuring done
[0.508s] -- Generating done
[0.509s] -- Build files have been written to: /home/humble/ros2_ws/build/linorobot2
[0.515s] Invoked command in '/home/humble/ros2_ws/build/linorobot2' returned '0': CMAKE_PREFIX_PATH=${CMAKE_PREFIX_PATH}:/home/humble/ros2_ws/install/py_pub_sub:/opt/ros/humble /usr/bin/cmake /home/humble/ros2_ws/src/linorobot2/linorobot2 -DCMAKE_INSTALL_PREFIX=/home/humble/ros2_ws/install/linorobot2
[0.518s] Invoking command in '/home/humble/ros2_ws/build/linorobot2': CMAKE_PREFIX_PATH=${CMAKE_PREFIX_PATH}:/home/humble/ros2_ws/install/py_pub_sub:/opt/ros/humble /usr/bin/cmake --build /home/humble/ros2_ws/build/linorobot2 -- -j2 -l2
[0.547s] Invoked command in '/home/humble/ros2_ws/build/linorobot2' returned '0': CMAKE_PREFIX_PATH=${CMAKE_PREFIX_PATH}:/home/humble/ros2_ws/install/py_pub_sub:/opt/ros/humble /usr/bin/cmake --build /home/humble/ros2_ws/build/linorobot2 -- -j2 -l2
[0.555s] Invoking command in '/home/humble/ros2_ws/build/linorobot2': CMAKE_PREFIX_PATH=${CMAKE_PREFIX_PATH}:/home/humble/ros2_ws/install/py_pub_sub:/opt/ros/humble /usr/bin/cmake --install /home/humble/ros2_ws/build/linorobot2
[0.560s] -- Install configuration: ""
[0.560s] -- Installing: /home/humble/ros2_ws/install/linorobot2/share/ament_index/resource_index/package_run_dependencies/linorobot2
[0.560s] -- Installing: /home/humble/ros2_ws/install/linorobot2/share/ament_index/resource_index/parent_prefix_path/linorobot2
[0.561s] -- Installing: /home/humble/ros2_ws/install/linorobot2/share/linorobot2/environment/ament_prefix_path.sh
[0.561s] -- Installing: /home/humble/ros2_ws/install/linorobot2/share/linorobot2/environment/ament_prefix_path.dsv
[0.561s] -- Installing: /home/humble/ros2_ws/install/linorobot2/share/linorobot2/environment/path.sh
[0.561s] -- Installing: /home/humble/ros2_ws/install/linorobot2/share/linorobot2/environment/path.dsv
[0.561s] -- Installing: /home/humble/ros2_ws/install/linorobot2/share/linorobot2/local_setup.bash
[0.562s] -- Installing: /home/humble/ros2_ws/install/linorobot2/share/linorobot2/local_setup.sh
[0.563s] -- Installing: /home/humble/ros2_ws/install/linorobot2/share/linorobot2/local_setup.zsh
[0.563s] -- Installing: /home/humble/ros2_ws/install/linorobot2/share/linorobot2/local_setup.dsv
[0.563s] -- Installing: /home/humble/ros2_ws/install/linorobot2/share/linorobot2/package.dsv
[0.563s] -- Installing: /home/humble/ros2_ws/install/linorobot2/share/ament_index/resource_index/packages/linorobot2
[0.563s] -- Installing: /home/humble/ros2_ws/install/linorobot2/share/linorobot2/cmake/linorobot2Config.cmake
[0.563s] -- Installing: /home/humble/ros2_ws/install/linorobot2/share/linorobot2/cmake/linorobot2Config-version.cmake
[0.564s] -- Installing: /home/humble/ros2_ws/install/linorobot2/share/linorobot2/package.xml
[0.568s] Invoked command in '/home/humble/ros2_ws/build/linorobot2' returned '0': CMAKE_PREFIX_PATH=${CMAKE_PREFIX_PATH}:/home/humble/ros2_ws/install/py_pub_sub:/opt/ros/humble /usr/bin/cmake --install /home/humble/ros2_ws/build/linorobot2
