running egg_info
creating ../../build/py_pub_sub/py_pub_sub.egg-info
writing ../../build/py_pub_sub/py_pub_sub.egg-info/PKG-INFO
writing dependency_links to ../../build/py_pub_sub/py_pub_sub.egg-info/dependency_links.txt
writing entry points to ../../build/py_pub_sub/py_pub_sub.egg-info/entry_points.txt
writing requirements to ../../build/py_pub_sub/py_pub_sub.egg-info/requires.txt
writing top-level names to ../../build/py_pub_sub/py_pub_sub.egg-info/top_level.txt
writing manifest file '../../build/py_pub_sub/py_pub_sub.egg-info/SOURCES.txt'
reading manifest file '../../build/py_pub_sub/py_pub_sub.egg-info/SOURCES.txt'
writing manifest file '../../build/py_pub_sub/py_pub_sub.egg-info/SOURCES.txt'
running build
running build_py
creating /home/humble/ros2_ws/build/py_pub_sub/build
creating /home/humble/ros2_ws/build/py_pub_sub/build/lib
creating /home/humble/ros2_ws/build/py_pub_sub/build/lib/py_pub_sub
copying py_pub_sub/test_subscriber.py -> /home/humble/ros2_ws/build/py_pub_sub/build/lib/py_pub_sub
copying py_pub_sub/test_publisher.py -> /home/humble/ros2_ws/build/py_pub_sub/build/lib/py_pub_sub
copying py_pub_sub/Start.py -> /home/humble/ros2_ws/build/py_pub_sub/build/lib/py_pub_sub
copying py_pub_sub/Field2Cover.py -> /home/humble/ros2_ws/build/py_pub_sub/build/lib/py_pub_sub
copying py_pub_sub/Astar.py -> /home/humble/ros2_ws/build/py_pub_sub/build/lib/py_pub_sub
copying py_pub_sub/__init__.py -> /home/humble/ros2_ws/build/py_pub_sub/build/lib/py_pub_sub
running install
running install_lib
creating /home/humble/ros2_ws/install/py_pub_sub/lib/python3.10/site-packages/py_pub_sub
copying /home/humble/ros2_ws/build/py_pub_sub/build/lib/py_pub_sub/test_subscriber.py -> /home/humble/ros2_ws/install/py_pub_sub/lib/python3.10/site-packages/py_pub_sub
copying /home/humble/ros2_ws/build/py_pub_sub/build/lib/py_pub_sub/test_publisher.py -> /home/humble/ros2_ws/install/py_pub_sub/lib/python3.10/site-packages/py_pub_sub
copying /home/humble/ros2_ws/build/py_pub_sub/build/lib/py_pub_sub/Start.py -> /home/humble/ros2_ws/install/py_pub_sub/lib/python3.10/site-packages/py_pub_sub
copying /home/humble/ros2_ws/build/py_pub_sub/build/lib/py_pub_sub/Field2Cover.py -> /home/humble/ros2_ws/install/py_pub_sub/lib/python3.10/site-packages/py_pub_sub
copying /home/humble/ros2_ws/build/py_pub_sub/build/lib/py_pub_sub/Astar.py -> /home/humble/ros2_ws/install/py_pub_sub/lib/python3.10/site-packages/py_pub_sub
copying /home/humble/ros2_ws/build/py_pub_sub/build/lib/py_pub_sub/__init__.py -> /home/humble/ros2_ws/install/py_pub_sub/lib/python3.10/site-packages/py_pub_sub
byte-compiling /home/humble/ros2_ws/install/py_pub_sub/lib/python3.10/site-packages/py_pub_sub/test_subscriber.py to test_subscriber.cpython-310.pyc
byte-compiling /home/humble/ros2_ws/install/py_pub_sub/lib/python3.10/site-packages/py_pub_sub/test_publisher.py to test_publisher.cpython-310.pyc
byte-compiling /home/humble/ros2_ws/install/py_pub_sub/lib/python3.10/site-packages/py_pub_sub/Start.py to Start.cpython-310.pyc
byte-compiling /home/humble/ros2_ws/install/py_pub_sub/lib/python3.10/site-packages/py_pub_sub/Field2Cover.py to Field2Cover.cpython-310.pyc
byte-compiling /home/humble/ros2_ws/install/py_pub_sub/lib/python3.10/site-packages/py_pub_sub/Astar.py to Astar.cpython-310.pyc
byte-compiling /home/humble/ros2_ws/install/py_pub_sub/lib/python3.10/site-packages/py_pub_sub/__init__.py to __init__.cpython-310.pyc
running install_data
creating /home/humble/ros2_ws/install/py_pub_sub/share/ament_index
creating /home/humble/ros2_ws/install/py_pub_sub/share/ament_index/resource_index
creating /home/humble/ros2_ws/install/py_pub_sub/share/ament_index/resource_index/packages
copying resource/py_pub_sub -> /home/humble/ros2_ws/install/py_pub_sub/share/ament_index/resource_index/packages
copying package.xml -> /home/humble/ros2_ws/install/py_pub_sub/share/py_pub_sub
creating /home/humble/ros2_ws/install/py_pub_sub/share/py_pub_sub/launch
copying launch/plan_launch.py -> /home/humble/ros2_ws/install/py_pub_sub/share/py_pub_sub/launch
running install_egg_info
Copying ../../build/py_pub_sub/py_pub_sub.egg-info to /home/humble/ros2_ws/install/py_pub_sub/lib/python3.10/site-packages/py_pub_sub-0.0.0-py3.10.egg-info
running install_scripts
Installing Astar script to /home/humble/ros2_ws/install/py_pub_sub/lib/py_pub_sub
Installing Start script to /home/humble/ros2_ws/install/py_pub_sub/lib/py_pub_sub
Installing talker script to /home/humble/ros2_ws/install/py_pub_sub/lib/py_pub_sub
writing list of installed files to '/home/humble/ros2_ws/build/py_pub_sub/install.log'
