[0.477s] Invoking command in '/home/humble/ros2_ws/src/py_pub_sub': PYTHONPATH=/home/humble/ros2_ws/build/py_pub_sub/prefix_override:/usr/lib/python3/dist-packages/colcon_core/task/python/colcon_distutils_commands:/home/humble/ros2_ws/install/py_pub_sub/lib/python3.10/site-packages:${PYTHONPATH} /usr/bin/python3 -W ignore:setup.py install is deprecated -W ignore:easy_install command is deprecated setup.py egg_info --egg-base ../../build/py_pub_sub build --build-base /home/humble/ros2_ws/build/py_pub_sub/build install --record /home/humble/ros2_ws/build/py_pub_sub/install.log --single-version-externally-managed install_data
[0.618s] running egg_info
[0.618s] creating ../../build/py_pub_sub/py_pub_sub.egg-info
[0.618s] writing ../../build/py_pub_sub/py_pub_sub.egg-info/PKG-INFO
[0.618s] writing dependency_links to ../../build/py_pub_sub/py_pub_sub.egg-info/dependency_links.txt
[0.618s] writing entry points to ../../build/py_pub_sub/py_pub_sub.egg-info/entry_points.txt
[0.618s] writing requirements to ../../build/py_pub_sub/py_pub_sub.egg-info/requires.txt
[0.618s] writing top-level names to ../../build/py_pub_sub/py_pub_sub.egg-info/top_level.txt
[0.618s] writing manifest file '../../build/py_pub_sub/py_pub_sub.egg-info/SOURCES.txt'
[0.619s] reading manifest file '../../build/py_pub_sub/py_pub_sub.egg-info/SOURCES.txt'
[0.620s] writing manifest file '../../build/py_pub_sub/py_pub_sub.egg-info/SOURCES.txt'
[0.621s] running build
[0.621s] running build_py
[0.621s] creating /home/humble/ros2_ws/build/py_pub_sub/build
[0.621s] creating /home/humble/ros2_ws/build/py_pub_sub/build/lib
[0.621s] creating /home/humble/ros2_ws/build/py_pub_sub/build/lib/py_pub_sub
[0.621s] copying py_pub_sub/test_subscriber.py -> /home/humble/ros2_ws/build/py_pub_sub/build/lib/py_pub_sub
[0.621s] copying py_pub_sub/test_publisher.py -> /home/humble/ros2_ws/build/py_pub_sub/build/lib/py_pub_sub
[0.622s] copying py_pub_sub/Start.py -> /home/humble/ros2_ws/build/py_pub_sub/build/lib/py_pub_sub
[0.623s] copying py_pub_sub/Field2Cover.py -> /home/humble/ros2_ws/build/py_pub_sub/build/lib/py_pub_sub
[0.623s] copying py_pub_sub/Astar.py -> /home/humble/ros2_ws/build/py_pub_sub/build/lib/py_pub_sub
[0.624s] copying py_pub_sub/__init__.py -> /home/humble/ros2_ws/build/py_pub_sub/build/lib/py_pub_sub
[0.624s] running install
[0.624s] running install_lib
[0.625s] creating /home/humble/ros2_ws/install/py_pub_sub/lib/python3.10/site-packages/py_pub_sub
[0.625s] copying /home/humble/ros2_ws/build/py_pub_sub/build/lib/py_pub_sub/test_subscriber.py -> /home/humble/ros2_ws/install/py_pub_sub/lib/python3.10/site-packages/py_pub_sub
[0.625s] copying /home/humble/ros2_ws/build/py_pub_sub/build/lib/py_pub_sub/test_publisher.py -> /home/humble/ros2_ws/install/py_pub_sub/lib/python3.10/site-packages/py_pub_sub
[0.625s] copying /home/humble/ros2_ws/build/py_pub_sub/build/lib/py_pub_sub/Start.py -> /home/humble/ros2_ws/install/py_pub_sub/lib/python3.10/site-packages/py_pub_sub
[0.625s] copying /home/humble/ros2_ws/build/py_pub_sub/build/lib/py_pub_sub/Field2Cover.py -> /home/humble/ros2_ws/install/py_pub_sub/lib/python3.10/site-packages/py_pub_sub
[0.625s] copying /home/humble/ros2_ws/build/py_pub_sub/build/lib/py_pub_sub/Astar.py -> /home/humble/ros2_ws/install/py_pub_sub/lib/python3.10/site-packages/py_pub_sub
[0.625s] copying /home/humble/ros2_ws/build/py_pub_sub/build/lib/py_pub_sub/__init__.py -> /home/humble/ros2_ws/install/py_pub_sub/lib/python3.10/site-packages/py_pub_sub
[0.625s] byte-compiling /home/humble/ros2_ws/install/py_pub_sub/lib/python3.10/site-packages/py_pub_sub/test_subscriber.py to test_subscriber.cpython-310.pyc
[0.626s] byte-compiling /home/humble/ros2_ws/install/py_pub_sub/lib/python3.10/site-packages/py_pub_sub/test_publisher.py to test_publisher.cpython-310.pyc
[0.626s] byte-compiling /home/humble/ros2_ws/install/py_pub_sub/lib/python3.10/site-packages/py_pub_sub/Start.py to Start.cpython-310.pyc
[0.627s] byte-compiling /home/humble/ros2_ws/install/py_pub_sub/lib/python3.10/site-packages/py_pub_sub/Field2Cover.py to Field2Cover.cpython-310.pyc
[0.627s] byte-compiling /home/humble/ros2_ws/install/py_pub_sub/lib/python3.10/site-packages/py_pub_sub/Astar.py to Astar.cpython-310.pyc
[0.628s] byte-compiling /home/humble/ros2_ws/install/py_pub_sub/lib/python3.10/site-packages/py_pub_sub/__init__.py to __init__.cpython-310.pyc
[0.628s] running install_data
[0.628s] creating /home/humble/ros2_ws/install/py_pub_sub/share/ament_index
[0.628s] creating /home/humble/ros2_ws/install/py_pub_sub/share/ament_index/resource_index
[0.628s] creating /home/humble/ros2_ws/install/py_pub_sub/share/ament_index/resource_index/packages
[0.628s] copying resource/py_pub_sub -> /home/humble/ros2_ws/install/py_pub_sub/share/ament_index/resource_index/packages
[0.628s] copying package.xml -> /home/humble/ros2_ws/install/py_pub_sub/share/py_pub_sub
[0.628s] creating /home/humble/ros2_ws/install/py_pub_sub/share/py_pub_sub/launch
[0.628s] copying launch/plan_launch.py -> /home/humble/ros2_ws/install/py_pub_sub/share/py_pub_sub/launch
[0.628s] running install_egg_info
[0.630s] Copying ../../build/py_pub_sub/py_pub_sub.egg-info to /home/humble/ros2_ws/install/py_pub_sub/lib/python3.10/site-packages/py_pub_sub-0.0.0-py3.10.egg-info
[0.630s] running install_scripts
[0.645s] Installing Astar script to /home/humble/ros2_ws/install/py_pub_sub/lib/py_pub_sub
[0.645s] Installing Start script to /home/humble/ros2_ws/install/py_pub_sub/lib/py_pub_sub
[0.645s] Installing talker script to /home/humble/ros2_ws/install/py_pub_sub/lib/py_pub_sub
[0.645s] writing list of installed files to '/home/humble/ros2_ws/build/py_pub_sub/install.log'
[0.665s] Invoked command in '/home/humble/ros2_ws/src/py_pub_sub' returned '0': PYTHONPATH=/home/humble/ros2_ws/build/py_pub_sub/prefix_override:/usr/lib/python3/dist-packages/colcon_core/task/python/colcon_distutils_commands:/home/humble/ros2_ws/install/py_pub_sub/lib/python3.10/site-packages:${PYTHONPATH} /usr/bin/python3 -W ignore:setup.py install is deprecated -W ignore:easy_install command is deprecated setup.py egg_info --egg-base ../../build/py_pub_sub build --build-base /home/humble/ros2_ws/build/py_pub_sub/build install --record /home/humble/ros2_ws/build/py_pub_sub/install.log --single-version-externally-managed install_data
