[0.009s] Invoking command in '/home/humble/ros2_ws/build/linorobot2_navigation': CMAKE_PREFIX_PATH=${CMAKE_PREFIX_PATH}:/home/humble/ros2_ws/install/py_pub_sub:/opt/ros/humble /usr/bin/cmake --build /home/humble/ros2_ws/build/linorobot2_navigation -- -j2 -l2
[0.046s] Invoked command in '/home/humble/ros2_ws/build/linorobot2_navigation' returned '0': CMAKE_PREFIX_PATH=${CMAKE_PREFIX_PATH}:/home/humble/ros2_ws/install/py_pub_sub:/opt/ros/humble /usr/bin/cmake --build /home/humble/ros2_ws/build/linorobot2_navigation -- -j2 -l2
[0.047s] Invoking command in '/home/humble/ros2_ws/build/linorobot2_navigation': CMAKE_PREFIX_PATH=${CMAKE_PREFIX_PATH}:/home/humble/ros2_ws/install/py_pub_sub:/opt/ros/humble /usr/bin/cmake --install /home/humble/ros2_ws/build/linorobot2_navigation
[0.054s] -- Install configuration: ""
[0.054s] -- Up-to-date: /home/humble/ros2_ws/install/linorobot2_navigation/share/linorobot2_navigation/launch
[0.057s] -- Up-to-date: /home/humble/ros2_ws/install/linorobot2_navigation/share/linorobot2_navigation/launch/slam.launch.py
[0.057s] -- Up-to-date: /home/humble/ros2_ws/install/linorobot2_navigation/share/linorobot2_navigation/launch/navigation.launch.py
[0.057s] -- Up-to-date: /home/humble/ros2_ws/install/linorobot2_navigation/share/linorobot2_navigation/rviz
[0.057s] -- Up-to-date: /home/humble/ros2_ws/install/linorobot2_navigation/share/linorobot2_navigation/rviz/linorobot2_navigation.rviz
[0.057s] -- Up-to-date: /home/humble/ros2_ws/install/linorobot2_navigation/share/linorobot2_navigation/rviz/linorobot2_navigation_minimal.rviz
[0.057s] -- Up-to-date: /home/humble/ros2_ws/install/linorobot2_navigation/share/linorobot2_navigation/rviz/linorobot2_slam.rviz
[0.058s] -- Up-to-date: /home/humble/ros2_ws/install/linorobot2_navigation/share/linorobot2_navigation/config
[0.059s] -- Up-to-date: /home/humble/ros2_ws/install/linorobot2_navigation/share/linorobot2_navigation/config/slam.yaml
[0.059s] -- Up-to-date: /home/humble/ros2_ws/install/linorobot2_navigation/share/linorobot2_navigation/config/navigation.yaml
[0.059s] -- Up-to-date: /home/humble/ros2_ws/install/linorobot2_navigation/share/linorobot2_navigation/config/navigation_sim.yaml
[0.059s] -- Up-to-date: /home/humble/ros2_ws/install/linorobot2_navigation/share/linorobot2_navigation/maps
[0.059s] -- Up-to-date: /home/humble/ros2_ws/install/linorobot2_navigation/share/linorobot2_navigation/maps/map.yaml
[0.059s] -- Up-to-date: /home/humble/ros2_ws/install/linorobot2_navigation/share/linorobot2_navigation/maps/playground.yaml
[0.059s] -- Up-to-date: /home/humble/ros2_ws/install/linorobot2_navigation/share/linorobot2_navigation/maps/map.pgm
[0.060s] -- Up-to-date: /home/humble/ros2_ws/install/linorobot2_navigation/share/linorobot2_navigation/maps/playground.pgm
[0.060s] -- Up-to-date: /home/humble/ros2_ws/install/linorobot2_navigation/share/ament_index/resource_index/package_run_dependencies/linorobot2_navigation
[0.060s] -- Up-to-date: /home/humble/ros2_ws/install/linorobot2_navigation/share/ament_index/resource_index/parent_prefix_path/linorobot2_navigation
[0.060s] -- Up-to-date: /home/humble/ros2_ws/install/linorobot2_navigation/share/linorobot2_navigation/environment/ament_prefix_path.sh
[0.060s] -- Up-to-date: /home/humble/ros2_ws/install/linorobot2_navigation/share/linorobot2_navigation/environment/ament_prefix_path.dsv
[0.060s] -- Up-to-date: /home/humble/ros2_ws/install/linorobot2_navigation/share/linorobot2_navigation/environment/path.sh
[0.060s] -- Up-to-date: /home/humble/ros2_ws/install/linorobot2_navigation/share/linorobot2_navigation/environment/path.dsv
[0.060s] -- Up-to-date: /home/humble/ros2_ws/install/linorobot2_navigation/share/linorobot2_navigation/local_setup.bash
[0.060s] -- Up-to-date: /home/humble/ros2_ws/install/linorobot2_navigation/share/linorobot2_navigation/local_setup.sh
[0.060s] -- Up-to-date: /home/humble/ros2_ws/install/linorobot2_navigation/share/linorobot2_navigation/local_setup.zsh
[0.060s] -- Up-to-date: /home/humble/ros2_ws/install/linorobot2_navigation/share/linorobot2_navigation/local_setup.dsv
[0.060s] -- Installing: /home/humble/ros2_ws/install/linorobot2_navigation/share/linorobot2_navigation/package.dsv
[0.060s] -- Up-to-date: /home/humble/ros2_ws/install/linorobot2_navigation/share/ament_index/resource_index/packages/linorobot2_navigation
[0.060s] -- Up-to-date: /home/humble/ros2_ws/install/linorobot2_navigation/share/linorobot2_navigation/cmake/linorobot2_navigationConfig.cmake
[0.060s] -- Up-to-date: /home/humble/ros2_ws/install/linorobot2_navigation/share/linorobot2_navigation/cmake/linorobot2_navigationConfig-version.cmake
[0.061s] -- Up-to-date: /home/humble/ros2_ws/install/linorobot2_navigation/share/linorobot2_navigation/package.xml
[0.073s] Invoked command in '/home/humble/ros2_ws/build/linorobot2_navigation' returned '0': CMAKE_PREFIX_PATH=${CMAKE_PREFIX_PATH}:/home/humble/ros2_ws/install/py_pub_sub:/opt/ros/humble /usr/bin/cmake --install /home/humble/ros2_ws/build/linorobot2_navigation
