running egg_info
creating ../../build/firebase_bridge/firebase_bridge.egg-info
writing ../../build/firebase_bridge/firebase_bridge.egg-info/PKG-INFO
writing dependency_links to ../../build/firebase_bridge/firebase_bridge.egg-info/dependency_links.txt
writing entry points to ../../build/firebase_bridge/firebase_bridge.egg-info/entry_points.txt
writing requirements to ../../build/firebase_bridge/firebase_bridge.egg-info/requires.txt
writing top-level names to ../../build/firebase_bridge/firebase_bridge.egg-info/top_level.txt
writing manifest file '../../build/firebase_bridge/firebase_bridge.egg-info/SOURCES.txt'
reading manifest file '../../build/firebase_bridge/firebase_bridge.egg-info/SOURCES.txt'
writing manifest file '../../build/firebase_bridge/firebase_bridge.egg-info/SOURCES.txt'
running build
running build_py
creating /home/humble/ros2_ws/build/firebase_bridge/build
creating /home/humble/ros2_ws/build/firebase_bridge/build/lib
creating /home/humble/ros2_ws/build/firebase_bridge/build/lib/firebase_bridge
copying firebase_bridge/pub_test.py -> /home/humble/ros2_ws/build/firebase_bridge/build/lib/firebase_bridge
copying firebase_bridge/__init__.py -> /home/humble/ros2_ws/build/firebase_bridge/build/lib/firebase_bridge
running install
running install_lib
creating /home/humble/ros2_ws/install/firebase_bridge/lib/python3.10/site-packages/firebase_bridge
copying /home/humble/ros2_ws/build/firebase_bridge/build/lib/firebase_bridge/pub_test.py -> /home/humble/ros2_ws/install/firebase_bridge/lib/python3.10/site-packages/firebase_bridge
copying /home/humble/ros2_ws/build/firebase_bridge/build/lib/firebase_bridge/__init__.py -> /home/humble/ros2_ws/install/firebase_bridge/lib/python3.10/site-packages/firebase_bridge
byte-compiling /home/humble/ros2_ws/install/firebase_bridge/lib/python3.10/site-packages/firebase_bridge/pub_test.py to pub_test.cpython-310.pyc
byte-compiling /home/humble/ros2_ws/install/firebase_bridge/lib/python3.10/site-packages/firebase_bridge/__init__.py to __init__.cpython-310.pyc
running install_data
creating /home/humble/ros2_ws/install/firebase_bridge/share/ament_index
creating /home/humble/ros2_ws/install/firebase_bridge/share/ament_index/resource_index
creating /home/humble/ros2_ws/install/firebase_bridge/share/ament_index/resource_index/packages
copying resource/firebase_bridge -> /home/humble/ros2_ws/install/firebase_bridge/share/ament_index/resource_index/packages
copying package.xml -> /home/humble/ros2_ws/install/firebase_bridge/share/firebase_bridge
running install_egg_info
Copying ../../build/firebase_bridge/firebase_bridge.egg-info to /home/humble/ros2_ws/install/firebase_bridge/lib/python3.10/site-packages/firebase_bridge-0.0.0-py3.10.egg-info
running install_scripts
Installing firebase script to /home/humble/ros2_ws/install/firebase_bridge/lib/firebase_bridge
writing list of installed files to '/home/humble/ros2_ws/build/firebase_bridge/install.log'
