[0.429s] Invoking command in '/home/humble/ros2_ws/src/py_pub_sub': PYTHONPATH=/home/humble/ros2_ws/build/py_pub_sub/prefix_override:/usr/lib/python3/dist-packages/colcon_core/task/python/colcon_distutils_commands:/home/humble/ros2_ws/install/py_pub_sub/lib/python3.10/site-packages:${PYTHONPATH} /usr/bin/python3 -W ignore:setup.py install is deprecated -W ignore:easy_install command is deprecated setup.py egg_info --egg-base ../../build/py_pub_sub build --build-base /home/humble/ros2_ws/build/py_pub_sub/build install --record /home/humble/ros2_ws/build/py_pub_sub/install.log --single-version-externally-managed install_data
[0.598s] running egg_info
[0.599s] writing ../../build/py_pub_sub/py_pub_sub.egg-info/PKG-INFO
[0.599s] writing dependency_links to ../../build/py_pub_sub/py_pub_sub.egg-info/dependency_links.txt
[0.600s] writing entry points to ../../build/py_pub_sub/py_pub_sub.egg-info/entry_points.txt
[0.600s] writing requirements to ../../build/py_pub_sub/py_pub_sub.egg-info/requires.txt
[0.600s] writing top-level names to ../../build/py_pub_sub/py_pub_sub.egg-info/top_level.txt
[0.602s] reading manifest file '../../build/py_pub_sub/py_pub_sub.egg-info/SOURCES.txt'
[0.604s] writing manifest file '../../build/py_pub_sub/py_pub_sub.egg-info/SOURCES.txt'
[0.604s] running build
[0.604s] running build_py
[0.604s] copying py_pub_sub/test_publisher.py -> /home/humble/ros2_ws/build/py_pub_sub/build/lib/py_pub_sub
[0.605s] running install
[0.606s] running install_lib
[0.606s] copying /home/humble/ros2_ws/build/py_pub_sub/build/lib/py_pub_sub/test_publisher.py -> /home/humble/ros2_ws/install/py_pub_sub/lib/python3.10/site-packages/py_pub_sub
[0.607s] byte-compiling /home/humble/ros2_ws/install/py_pub_sub/lib/python3.10/site-packages/py_pub_sub/test_publisher.py to test_publisher.cpython-310.pyc
[0.608s] running install_data
[0.608s] running install_egg_info
[0.609s] removing '/home/humble/ros2_ws/install/py_pub_sub/lib/python3.10/site-packages/py_pub_sub-0.0.0-py3.10.egg-info' (and everything under it)
[0.609s] Copying ../../build/py_pub_sub/py_pub_sub.egg-info to /home/humble/ros2_ws/install/py_pub_sub/lib/python3.10/site-packages/py_pub_sub-0.0.0-py3.10.egg-info
[0.611s] running install_scripts
[0.627s] Installing talker script to /home/humble/ros2_ws/install/py_pub_sub/lib/py_pub_sub
[0.628s] writing list of installed files to '/home/humble/ros2_ws/build/py_pub_sub/install.log'
[0.649s] Invoked command in '/home/humble/ros2_ws/src/py_pub_sub' returned '0': PYTHONPATH=/home/humble/ros2_ws/build/py_pub_sub/prefix_override:/usr/lib/python3/dist-packages/colcon_core/task/python/colcon_distutils_commands:/home/humble/ros2_ws/install/py_pub_sub/lib/python3.10/site-packages:${PYTHONPATH} /usr/bin/python3 -W ignore:setup.py install is deprecated -W ignore:easy_install command is deprecated setup.py egg_info --egg-base ../../build/py_pub_sub build --build-base /home/humble/ros2_ws/build/py_pub_sub/build install --record /home/humble/ros2_ws/build/py_pub_sub/install.log --single-version-externally-managed install_data
