[0.072s] DEBUG:colcon:Command line arguments: ['/usr/bin/colcon', 'build']
[0.072s] DEBUG:colcon:Parsed command line arguments: Namespace(log_base=None, log_level=None, verb_name='build', build_base='build', install_base='install', merge_install=False, symlink_install=False, test_result_base=None, continue_on_error=False, executor='parallel', parallel_workers=2, event_handlers=None, ignore_user_meta=False, metas=['./colcon.meta'], base_paths=['.'], packages_ignore=None, packages_ignore_regex=None, paths=None, packages_up_to=None, packages_up_to_regex=None, packages_above=None, packages_above_and_dependencies=None, packages_above_depth=None, packages_select_by_dep=None, packages_skip_by_dep=None, packages_skip_up_to=None, packages_select_build_failed=False, packages_skip_build_finished=False, packages_select_test_failures=False, packages_skip_test_passed=False, packages_select=None, packages_skip=None, packages_select_regex=None, packages_skip_regex=None, packages_start=None, packages_end=None, allow_overriding=[], cmake_args=None, cmake_target=None, cmake_target_skip_unavailable=False, cmake_clean_cache=False, cmake_clean_first=False, cmake_force_configure=False, ament_cmake_args=None, catkin_cmake_args=None, catkin_skip_building_tests=False, verb_parser=<colcon_defaults.argument_parser.defaults.DefaultArgumentsDecorator object at 0x7f0300333c70>, verb_extension=<colcon_core.verb.build.BuildVerb object at 0x7f0300333700>, main=<bound method BuildVerb.main of <colcon_core.verb.build.BuildVerb object at 0x7f0300333700>>)
[0.168s] Level 1:colcon.colcon_core.package_discovery:discover_packages(colcon_meta) check parameters
[0.168s] Level 1:colcon.colcon_core.package_discovery:discover_packages(recursive) check parameters
[0.168s] Level 1:colcon.colcon_core.package_discovery:discover_packages(ignore) check parameters
[0.168s] Level 1:colcon.colcon_core.package_discovery:discover_packages(path) check parameters
[0.168s] Level 1:colcon.colcon_core.package_discovery:discover_packages(colcon_meta) discover
[0.168s] Level 1:colcon.colcon_core.package_discovery:discover_packages(recursive) discover
[0.168s] INFO:colcon.colcon_core.package_discovery:Crawling recursively for packages in '/home/humble/ros2_ws'
[0.168s] Level 1:colcon.colcon_core.package_identification:_identify(.) by extensions ['ignore', 'ignore_ament_install']
[0.168s] Level 1:colcon.colcon_core.package_identification:_identify(.) by extension 'ignore'
[0.168s] Level 1:colcon.colcon_core.package_identification:_identify(.) by extension 'ignore_ament_install'
[0.168s] Level 1:colcon.colcon_core.package_identification:_identify(.) by extensions ['colcon_pkg']
[0.168s] Level 1:colcon.colcon_core.package_identification:_identify(.) by extension 'colcon_pkg'
[0.168s] Level 1:colcon.colcon_core.package_identification:_identify(.) by extensions ['colcon_meta']
[0.168s] Level 1:colcon.colcon_core.package_identification:_identify(.) by extension 'colcon_meta'
[0.168s] Level 1:colcon.colcon_core.package_identification:_identify(.) by extensions ['ros']
[0.168s] Level 1:colcon.colcon_core.package_identification:_identify(.) by extension 'ros'
[0.176s] Level 1:colcon.colcon_core.package_identification:_identify(.) by extensions ['cmake', 'python']
[0.176s] Level 1:colcon.colcon_core.package_identification:_identify(.) by extension 'cmake'
[0.176s] Level 1:colcon.colcon_core.package_identification:_identify(.) by extension 'python'
[0.176s] Level 1:colcon.colcon_core.package_identification:_identify(.) by extensions ['python_setup_py']
[0.176s] Level 1:colcon.colcon_core.package_identification:_identify(.) by extension 'python_setup_py'
[0.176s] Level 1:colcon.colcon_core.package_identification:_identify(build) by extensions ['ignore', 'ignore_ament_install']
[0.176s] Level 1:colcon.colcon_core.package_identification:_identify(build) by extension 'ignore'
[0.176s] Level 1:colcon.colcon_core.package_identification:_identify(build) ignored
[0.176s] Level 1:colcon.colcon_core.package_identification:_identify(install) by extensions ['ignore', 'ignore_ament_install']
[0.176s] Level 1:colcon.colcon_core.package_identification:_identify(install) by extension 'ignore'
[0.176s] Level 1:colcon.colcon_core.package_identification:_identify(install) ignored
[0.176s] Level 1:colcon.colcon_core.package_identification:_identify(log) by extensions ['ignore', 'ignore_ament_install']
[0.176s] Level 1:colcon.colcon_core.package_identification:_identify(log) by extension 'ignore'
[0.176s] Level 1:colcon.colcon_core.package_identification:_identify(log) ignored
[0.177s] Level 1:colcon.colcon_core.package_identification:_identify(src) by extensions ['ignore', 'ignore_ament_install']
[0.177s] Level 1:colcon.colcon_core.package_identification:_identify(src) by extension 'ignore'
[0.177s] Level 1:colcon.colcon_core.package_identification:_identify(src) by extension 'ignore_ament_install'
[0.177s] Level 1:colcon.colcon_core.package_identification:_identify(src) by extensions ['colcon_pkg']
[0.177s] Level 1:colcon.colcon_core.package_identification:_identify(src) by extension 'colcon_pkg'
[0.177s] Level 1:colcon.colcon_core.package_identification:_identify(src) by extensions ['colcon_meta']
[0.177s] Level 1:colcon.colcon_core.package_identification:_identify(src) by extension 'colcon_meta'
[0.177s] Level 1:colcon.colcon_core.package_identification:_identify(src) by extensions ['ros']
[0.177s] Level 1:colcon.colcon_core.package_identification:_identify(src) by extension 'ros'
[0.177s] Level 1:colcon.colcon_core.package_identification:_identify(src) by extensions ['cmake', 'python']
[0.177s] Level 1:colcon.colcon_core.package_identification:_identify(src) by extension 'cmake'
[0.177s] Level 1:colcon.colcon_core.package_identification:_identify(src) by extension 'python'
[0.177s] Level 1:colcon.colcon_core.package_identification:_identify(src) by extensions ['python_setup_py']
[0.177s] Level 1:colcon.colcon_core.package_identification:_identify(src) by extension 'python_setup_py'
[0.177s] Level 1:colcon.colcon_core.package_identification:_identify(src/linorobot2) by extensions ['ignore', 'ignore_ament_install']
[0.177s] Level 1:colcon.colcon_core.package_identification:_identify(src/linorobot2) by extension 'ignore'
[0.177s] Level 1:colcon.colcon_core.package_identification:_identify(src/linorobot2) by extension 'ignore_ament_install'
[0.177s] Level 1:colcon.colcon_core.package_identification:_identify(src/linorobot2) by extensions ['colcon_pkg']
[0.177s] Level 1:colcon.colcon_core.package_identification:_identify(src/linorobot2) by extension 'colcon_pkg'
[0.177s] Level 1:colcon.colcon_core.package_identification:_identify(src/linorobot2) by extensions ['colcon_meta']
[0.177s] Level 1:colcon.colcon_core.package_identification:_identify(src/linorobot2) by extension 'colcon_meta'
[0.177s] Level 1:colcon.colcon_core.package_identification:_identify(src/linorobot2) by extensions ['ros']
[0.177s] Level 1:colcon.colcon_core.package_identification:_identify(src/linorobot2) by extension 'ros'
[0.177s] Level 1:colcon.colcon_core.package_identification:_identify(src/linorobot2) by extensions ['cmake', 'python']
[0.177s] Level 1:colcon.colcon_core.package_identification:_identify(src/linorobot2) by extension 'cmake'
[0.177s] Level 1:colcon.colcon_core.package_identification:_identify(src/linorobot2) by extension 'python'
[0.177s] Level 1:colcon.colcon_core.package_identification:_identify(src/linorobot2) by extensions ['python_setup_py']
[0.177s] Level 1:colcon.colcon_core.package_identification:_identify(src/linorobot2) by extension 'python_setup_py'
[0.177s] Level 1:colcon.colcon_core.package_identification:_identify(src/linorobot2/docker) by extensions ['ignore', 'ignore_ament_install']
[0.177s] Level 1:colcon.colcon_core.package_identification:_identify(src/linorobot2/docker) by extension 'ignore'
[0.177s] Level 1:colcon.colcon_core.package_identification:_identify(src/linorobot2/docker) by extension 'ignore_ament_install'
[0.177s] Level 1:colcon.colcon_core.package_identification:_identify(src/linorobot2/docker) by extensions ['colcon_pkg']
[0.177s] Level 1:colcon.colcon_core.package_identification:_identify(src/linorobot2/docker) by extension 'colcon_pkg'
[0.177s] Level 1:colcon.colcon_core.package_identification:_identify(src/linorobot2/docker) by extensions ['colcon_meta']
[0.177s] Level 1:colcon.colcon_core.package_identification:_identify(src/linorobot2/docker) by extension 'colcon_meta'
[0.177s] Level 1:colcon.colcon_core.package_identification:_identify(src/linorobot2/docker) by extensions ['ros']
[0.177s] Level 1:colcon.colcon_core.package_identification:_identify(src/linorobot2/docker) by extension 'ros'
[0.177s] Level 1:colcon.colcon_core.package_identification:_identify(src/linorobot2/docker) by extensions ['cmake', 'python']
[0.178s] Level 1:colcon.colcon_core.package_identification:_identify(src/linorobot2/docker) by extension 'cmake'
[0.178s] Level 1:colcon.colcon_core.package_identification:_identify(src/linorobot2/docker) by extension 'python'
[0.178s] Level 1:colcon.colcon_core.package_identification:_identify(src/linorobot2/docker) by extensions ['python_setup_py']
[0.178s] Level 1:colcon.colcon_core.package_identification:_identify(src/linorobot2/docker) by extension 'python_setup_py'
[0.178s] Level 1:colcon.colcon_core.package_identification:_identify(src/linorobot2/docs) by extensions ['ignore', 'ignore_ament_install']
[0.178s] Level 1:colcon.colcon_core.package_identification:_identify(src/linorobot2/docs) by extension 'ignore'
[0.178s] Level 1:colcon.colcon_core.package_identification:_identify(src/linorobot2/docs) by extension 'ignore_ament_install'
[0.178s] Level 1:colcon.colcon_core.package_identification:_identify(src/linorobot2/docs) by extensions ['colcon_pkg']
[0.178s] Level 1:colcon.colcon_core.package_identification:_identify(src/linorobot2/docs) by extension 'colcon_pkg'
[0.178s] Level 1:colcon.colcon_core.package_identification:_identify(src/linorobot2/docs) by extensions ['colcon_meta']
[0.178s] Level 1:colcon.colcon_core.package_identification:_identify(src/linorobot2/docs) by extension 'colcon_meta'
[0.178s] Level 1:colcon.colcon_core.package_identification:_identify(src/linorobot2/docs) by extensions ['ros']
[0.178s] Level 1:colcon.colcon_core.package_identification:_identify(src/linorobot2/docs) by extension 'ros'
[0.178s] Level 1:colcon.colcon_core.package_identification:_identify(src/linorobot2/docs) by extensions ['cmake', 'python']
[0.178s] Level 1:colcon.colcon_core.package_identification:_identify(src/linorobot2/docs) by extension 'cmake'
[0.178s] Level 1:colcon.colcon_core.package_identification:_identify(src/linorobot2/docs) by extension 'python'
[0.178s] Level 1:colcon.colcon_core.package_identification:_identify(src/linorobot2/docs) by extensions ['python_setup_py']
[0.178s] Level 1:colcon.colcon_core.package_identification:_identify(src/linorobot2/docs) by extension 'python_setup_py'
[0.178s] Level 1:colcon.colcon_core.package_identification:_identify(src/linorobot2/linorobot2) by extensions ['ignore', 'ignore_ament_install']
[0.178s] Level 1:colcon.colcon_core.package_identification:_identify(src/linorobot2/linorobot2) by extension 'ignore'
[0.178s] Level 1:colcon.colcon_core.package_identification:_identify(src/linorobot2/linorobot2) by extension 'ignore_ament_install'
[0.178s] Level 1:colcon.colcon_core.package_identification:_identify(src/linorobot2/linorobot2) by extensions ['colcon_pkg']
[0.178s] Level 1:colcon.colcon_core.package_identification:_identify(src/linorobot2/linorobot2) by extension 'colcon_pkg'
[0.178s] Level 1:colcon.colcon_core.package_identification:_identify(src/linorobot2/linorobot2) by extensions ['colcon_meta']
[0.178s] Level 1:colcon.colcon_core.package_identification:_identify(src/linorobot2/linorobot2) by extension 'colcon_meta'
[0.178s] Level 1:colcon.colcon_core.package_identification:_identify(src/linorobot2/linorobot2) by extensions ['ros']
[0.178s] Level 1:colcon.colcon_core.package_identification:_identify(src/linorobot2/linorobot2) by extension 'ros'
[0.180s] DEBUG:colcon.colcon_core.package_identification:Package 'src/linorobot2/linorobot2' with type 'ros.ament_cmake' and name 'linorobot2'
[0.180s] Level 1:colcon.colcon_core.package_identification:_identify(src/linorobot2/linorobot2_base) by extensions ['ignore', 'ignore_ament_install']
[0.180s] Level 1:colcon.colcon_core.package_identification:_identify(src/linorobot2/linorobot2_base) by extension 'ignore'
[0.180s] Level 1:colcon.colcon_core.package_identification:_identify(src/linorobot2/linorobot2_base) by extension 'ignore_ament_install'
[0.180s] Level 1:colcon.colcon_core.package_identification:_identify(src/linorobot2/linorobot2_base) by extensions ['colcon_pkg']
[0.180s] Level 1:colcon.colcon_core.package_identification:_identify(src/linorobot2/linorobot2_base) by extension 'colcon_pkg'
[0.180s] Level 1:colcon.colcon_core.package_identification:_identify(src/linorobot2/linorobot2_base) by extensions ['colcon_meta']
[0.180s] Level 1:colcon.colcon_core.package_identification:_identify(src/linorobot2/linorobot2_base) by extension 'colcon_meta'
[0.180s] Level 1:colcon.colcon_core.package_identification:_identify(src/linorobot2/linorobot2_base) by extensions ['ros']
[0.180s] Level 1:colcon.colcon_core.package_identification:_identify(src/linorobot2/linorobot2_base) by extension 'ros'
[0.180s] DEBUG:colcon.colcon_core.package_identification:Package 'src/linorobot2/linorobot2_base' with type 'ros.ament_cmake' and name 'linorobot2_base'
[0.181s] Level 1:colcon.colcon_core.package_identification:_identify(src/linorobot2/linorobot2_bringup) by extensions ['ignore', 'ignore_ament_install']
[0.181s] Level 1:colcon.colcon_core.package_identification:_identify(src/linorobot2/linorobot2_bringup) by extension 'ignore'
[0.181s] Level 1:colcon.colcon_core.package_identification:_identify(src/linorobot2/linorobot2_bringup) by extension 'ignore_ament_install'
[0.181s] Level 1:colcon.colcon_core.package_identification:_identify(src/linorobot2/linorobot2_bringup) by extensions ['colcon_pkg']
[0.181s] Level 1:colcon.colcon_core.package_identification:_identify(src/linorobot2/linorobot2_bringup) by extension 'colcon_pkg'
[0.181s] Level 1:colcon.colcon_core.package_identification:_identify(src/linorobot2/linorobot2_bringup) by extensions ['colcon_meta']
[0.181s] Level 1:colcon.colcon_core.package_identification:_identify(src/linorobot2/linorobot2_bringup) by extension 'colcon_meta'
[0.181s] Level 1:colcon.colcon_core.package_identification:_identify(src/linorobot2/linorobot2_bringup) by extensions ['ros']
[0.181s] Level 1:colcon.colcon_core.package_identification:_identify(src/linorobot2/linorobot2_bringup) by extension 'ros'
[0.181s] DEBUG:colcon.colcon_core.package_identification:Package 'src/linorobot2/linorobot2_bringup' with type 'ros.ament_cmake' and name 'linorobot2_bringup'
[0.181s] Level 1:colcon.colcon_core.package_identification:_identify(src/linorobot2/linorobot2_description) by extensions ['ignore', 'ignore_ament_install']
[0.181s] Level 1:colcon.colcon_core.package_identification:_identify(src/linorobot2/linorobot2_description) by extension 'ignore'
[0.181s] Level 1:colcon.colcon_core.package_identification:_identify(src/linorobot2/linorobot2_description) by extension 'ignore_ament_install'
[0.181s] Level 1:colcon.colcon_core.package_identification:_identify(src/linorobot2/linorobot2_description) by extensions ['colcon_pkg']
[0.181s] Level 1:colcon.colcon_core.package_identification:_identify(src/linorobot2/linorobot2_description) by extension 'colcon_pkg'
[0.181s] Level 1:colcon.colcon_core.package_identification:_identify(src/linorobot2/linorobot2_description) by extensions ['colcon_meta']
[0.181s] Level 1:colcon.colcon_core.package_identification:_identify(src/linorobot2/linorobot2_description) by extension 'colcon_meta'
[0.181s] Level 1:colcon.colcon_core.package_identification:_identify(src/linorobot2/linorobot2_description) by extensions ['ros']
[0.181s] Level 1:colcon.colcon_core.package_identification:_identify(src/linorobot2/linorobot2_description) by extension 'ros'
[0.182s] DEBUG:colcon.colcon_core.package_identification:Package 'src/linorobot2/linorobot2_description' with type 'ros.ament_cmake' and name 'linorobot2_description'
[0.182s] Level 1:colcon.colcon_core.package_identification:_identify(src/linorobot2/linorobot2_gazebo) by extensions ['ignore', 'ignore_ament_install']
[0.182s] Level 1:colcon.colcon_core.package_identification:_identify(src/linorobot2/linorobot2_gazebo) by extension 'ignore'
[0.182s] Level 1:colcon.colcon_core.package_identification:_identify(src/linorobot2/linorobot2_gazebo) by extension 'ignore_ament_install'
[0.182s] Level 1:colcon.colcon_core.package_identification:_identify(src/linorobot2/linorobot2_gazebo) by extensions ['colcon_pkg']
[0.182s] Level 1:colcon.colcon_core.package_identification:_identify(src/linorobot2/linorobot2_gazebo) by extension 'colcon_pkg'
[0.182s] Level 1:colcon.colcon_core.package_identification:_identify(src/linorobot2/linorobot2_gazebo) by extensions ['colcon_meta']
[0.182s] Level 1:colcon.colcon_core.package_identification:_identify(src/linorobot2/linorobot2_gazebo) by extension 'colcon_meta'
[0.182s] Level 1:colcon.colcon_core.package_identification:_identify(src/linorobot2/linorobot2_gazebo) by extensions ['ros']
[0.182s] Level 1:colcon.colcon_core.package_identification:_identify(src/linorobot2/linorobot2_gazebo) by extension 'ros'
[0.182s] DEBUG:colcon.colcon_core.package_identification:Package 'src/linorobot2/linorobot2_gazebo' with type 'ros.ament_cmake' and name 'linorobot2_gazebo'
[0.183s] Level 1:colcon.colcon_core.package_identification:_identify(src/linorobot2/linorobot2_navigation) by extensions ['ignore', 'ignore_ament_install']
[0.183s] Level 1:colcon.colcon_core.package_identification:_identify(src/linorobot2/linorobot2_navigation) by extension 'ignore'
[0.183s] Level 1:colcon.colcon_core.package_identification:_identify(src/linorobot2/linorobot2_navigation) by extension 'ignore_ament_install'
[0.183s] Level 1:colcon.colcon_core.package_identification:_identify(src/linorobot2/linorobot2_navigation) by extensions ['colcon_pkg']
[0.183s] Level 1:colcon.colcon_core.package_identification:_identify(src/linorobot2/linorobot2_navigation) by extension 'colcon_pkg'
[0.183s] Level 1:colcon.colcon_core.package_identification:_identify(src/linorobot2/linorobot2_navigation) by extensions ['colcon_meta']
[0.183s] Level 1:colcon.colcon_core.package_identification:_identify(src/linorobot2/linorobot2_navigation) by extension 'colcon_meta'
[0.183s] Level 1:colcon.colcon_core.package_identification:_identify(src/linorobot2/linorobot2_navigation) by extensions ['ros']
[0.183s] Level 1:colcon.colcon_core.package_identification:_identify(src/linorobot2/linorobot2_navigation) by extension 'ros'
[0.183s] DEBUG:colcon.colcon_core.package_identification:Package 'src/linorobot2/linorobot2_navigation' with type 'ros.ament_cmake' and name 'linorobot2_navigation'
[0.183s] Level 1:colcon.colcon_core.package_identification:_identify(src/linorobot2_viz) by extensions ['ignore', 'ignore_ament_install']
[0.183s] Level 1:colcon.colcon_core.package_identification:_identify(src/linorobot2_viz) by extension 'ignore'
[0.183s] Level 1:colcon.colcon_core.package_identification:_identify(src/linorobot2_viz) by extension 'ignore_ament_install'
[0.183s] Level 1:colcon.colcon_core.package_identification:_identify(src/linorobot2_viz) by extensions ['colcon_pkg']
[0.183s] Level 1:colcon.colcon_core.package_identification:_identify(src/linorobot2_viz) by extension 'colcon_pkg'
[0.183s] Level 1:colcon.colcon_core.package_identification:_identify(src/linorobot2_viz) by extensions ['colcon_meta']
[0.183s] Level 1:colcon.colcon_core.package_identification:_identify(src/linorobot2_viz) by extension 'colcon_meta'
[0.183s] Level 1:colcon.colcon_core.package_identification:_identify(src/linorobot2_viz) by extensions ['ros']
[0.183s] Level 1:colcon.colcon_core.package_identification:_identify(src/linorobot2_viz) by extension 'ros'
[0.184s] DEBUG:colcon.colcon_core.package_identification:Package 'src/linorobot2_viz' with type 'ros.ament_cmake' and name 'linorobot2_viz'
[0.184s] Level 1:colcon.colcon_core.package_identification:_identify(src/py_pub_sub) by extensions ['ignore', 'ignore_ament_install']
[0.184s] Level 1:colcon.colcon_core.package_identification:_identify(src/py_pub_sub) by extension 'ignore'
[0.184s] Level 1:colcon.colcon_core.package_identification:_identify(src/py_pub_sub) by extension 'ignore_ament_install'
[0.184s] Level 1:colcon.colcon_core.package_identification:_identify(src/py_pub_sub) by extensions ['colcon_pkg']
[0.184s] Level 1:colcon.colcon_core.package_identification:_identify(src/py_pub_sub) by extension 'colcon_pkg'
[0.184s] Level 1:colcon.colcon_core.package_identification:_identify(src/py_pub_sub) by extensions ['colcon_meta']
[0.184s] Level 1:colcon.colcon_core.package_identification:_identify(src/py_pub_sub) by extension 'colcon_meta'
[0.184s] Level 1:colcon.colcon_core.package_identification:_identify(src/py_pub_sub) by extensions ['ros']
[0.184s] Level 1:colcon.colcon_core.package_identification:_identify(src/py_pub_sub) by extension 'ros'
[0.185s] DEBUG:colcon.colcon_core.package_identification:Package 'src/py_pub_sub' with type 'ros.ament_python' and name 'py_pub_sub'
[0.185s] Level 1:colcon.colcon_core.package_discovery:discover_packages(recursive) using defaults
[0.185s] Level 1:colcon.colcon_core.package_discovery:discover_packages(ignore) discover
[0.185s] Level 1:colcon.colcon_core.package_discovery:discover_packages(ignore) using defaults
[0.185s] Level 1:colcon.colcon_core.package_discovery:discover_packages(path) discover
[0.185s] Level 1:colcon.colcon_core.package_discovery:discover_packages(path) using defaults
[0.207s] Level 1:colcon.colcon_core.package_discovery:discover_packages(prefix_path) check parameters
[0.207s] Level 1:colcon.colcon_core.package_discovery:discover_packages(prefix_path) discover
[0.209s] DEBUG:colcon.colcon_installed_package_information.package_discovery:Found 8 installed packages in /home/humble/ros2_ws/install
[0.210s] DEBUG:colcon.colcon_installed_package_information.package_discovery:Found 315 installed packages in /opt/ros/humble
[0.210s] Level 1:colcon.colcon_core.package_discovery:discover_packages(prefix_path) using defaults
[0.234s] Level 5:colcon.colcon_core.verb:set package 'linorobot2' build argument 'cmake_args' from command line to 'None'
[0.234s] Level 5:colcon.colcon_core.verb:set package 'linorobot2' build argument 'cmake_target' from command line to 'None'
[0.234s] Level 5:colcon.colcon_core.verb:set package 'linorobot2' build argument 'cmake_target_skip_unavailable' from command line to 'False'
[0.234s] Level 5:colcon.colcon_core.verb:set package 'linorobot2' build argument 'cmake_clean_cache' from command line to 'False'
[0.234s] Level 5:colcon.colcon_core.verb:set package 'linorobot2' build argument 'cmake_clean_first' from command line to 'False'
[0.234s] Level 5:colcon.colcon_core.verb:set package 'linorobot2' build argument 'cmake_force_configure' from command line to 'False'
[0.234s] Level 5:colcon.colcon_core.verb:set package 'linorobot2' build argument 'ament_cmake_args' from command line to 'None'
[0.234s] Level 5:colcon.colcon_core.verb:set package 'linorobot2' build argument 'catkin_cmake_args' from command line to 'None'
[0.234s] Level 5:colcon.colcon_core.verb:set package 'linorobot2' build argument 'catkin_skip_building_tests' from command line to 'False'
[0.234s] DEBUG:colcon.colcon_core.verb:Building package 'linorobot2' with the following arguments: {'ament_cmake_args': None, 'build_base': '/home/humble/ros2_ws/build/linorobot2', 'catkin_cmake_args': None, 'catkin_skip_building_tests': False, 'cmake_args': None, 'cmake_clean_cache': False, 'cmake_clean_first': False, 'cmake_force_configure': False, 'cmake_target': None, 'cmake_target_skip_unavailable': False, 'install_base': '/home/humble/ros2_ws/install/linorobot2', 'merge_install': False, 'path': '/home/humble/ros2_ws/src/linorobot2/linorobot2', 'symlink_install': False, 'test_result_base': None}
[0.234s] Level 5:colcon.colcon_core.verb:set package 'linorobot2_base' build argument 'cmake_args' from command line to 'None'
[0.234s] Level 5:colcon.colcon_core.verb:set package 'linorobot2_base' build argument 'cmake_target' from command line to 'None'
[0.234s] Level 5:colcon.colcon_core.verb:set package 'linorobot2_base' build argument 'cmake_target_skip_unavailable' from command line to 'False'
[0.234s] Level 5:colcon.colcon_core.verb:set package 'linorobot2_base' build argument 'cmake_clean_cache' from command line to 'False'
[0.235s] Level 5:colcon.colcon_core.verb:set package 'linorobot2_base' build argument 'cmake_clean_first' from command line to 'False'
[0.235s] Level 5:colcon.colcon_core.verb:set package 'linorobot2_base' build argument 'cmake_force_configure' from command line to 'False'
[0.235s] Level 5:colcon.colcon_core.verb:set package 'linorobot2_base' build argument 'ament_cmake_args' from command line to 'None'
[0.235s] Level 5:colcon.colcon_core.verb:set package 'linorobot2_base' build argument 'catkin_cmake_args' from command line to 'None'
[0.235s] Level 5:colcon.colcon_core.verb:set package 'linorobot2_base' build argument 'catkin_skip_building_tests' from command line to 'False'
[0.235s] DEBUG:colcon.colcon_core.verb:Building package 'linorobot2_base' with the following arguments: {'ament_cmake_args': None, 'build_base': '/home/humble/ros2_ws/build/linorobot2_base', 'catkin_cmake_args': None, 'catkin_skip_building_tests': False, 'cmake_args': None, 'cmake_clean_cache': False, 'cmake_clean_first': False, 'cmake_force_configure': False, 'cmake_target': None, 'cmake_target_skip_unavailable': False, 'install_base': '/home/humble/ros2_ws/install/linorobot2_base', 'merge_install': False, 'path': '/home/humble/ros2_ws/src/linorobot2/linorobot2_base', 'symlink_install': False, 'test_result_base': None}
[0.235s] Level 5:colcon.colcon_core.verb:set package 'linorobot2_bringup' build argument 'cmake_args' from command line to 'None'
[0.235s] Level 5:colcon.colcon_core.verb:set package 'linorobot2_bringup' build argument 'cmake_target' from command line to 'None'
[0.235s] Level 5:colcon.colcon_core.verb:set package 'linorobot2_bringup' build argument 'cmake_target_skip_unavailable' from command line to 'False'
[0.235s] Level 5:colcon.colcon_core.verb:set package 'linorobot2_bringup' build argument 'cmake_clean_cache' from command line to 'False'
[0.235s] Level 5:colcon.colcon_core.verb:set package 'linorobot2_bringup' build argument 'cmake_clean_first' from command line to 'False'
[0.235s] Level 5:colcon.colcon_core.verb:set package 'linorobot2_bringup' build argument 'cmake_force_configure' from command line to 'False'
[0.235s] Level 5:colcon.colcon_core.verb:set package 'linorobot2_bringup' build argument 'ament_cmake_args' from command line to 'None'
[0.235s] Level 5:colcon.colcon_core.verb:set package 'linorobot2_bringup' build argument 'catkin_cmake_args' from command line to 'None'
[0.235s] Level 5:colcon.colcon_core.verb:set package 'linorobot2_bringup' build argument 'catkin_skip_building_tests' from command line to 'False'
[0.235s] DEBUG:colcon.colcon_core.verb:Building package 'linorobot2_bringup' with the following arguments: {'ament_cmake_args': None, 'build_base': '/home/humble/ros2_ws/build/linorobot2_bringup', 'catkin_cmake_args': None, 'catkin_skip_building_tests': False, 'cmake_args': None, 'cmake_clean_cache': False, 'cmake_clean_first': False, 'cmake_force_configure': False, 'cmake_target': None, 'cmake_target_skip_unavailable': False, 'install_base': '/home/humble/ros2_ws/install/linorobot2_bringup', 'merge_install': False, 'path': '/home/humble/ros2_ws/src/linorobot2/linorobot2_bringup', 'symlink_install': False, 'test_result_base': None}
[0.235s] Level 5:colcon.colcon_core.verb:set package 'linorobot2_description' build argument 'cmake_args' from command line to 'None'
[0.235s] Level 5:colcon.colcon_core.verb:set package 'linorobot2_description' build argument 'cmake_target' from command line to 'None'
[0.235s] Level 5:colcon.colcon_core.verb:set package 'linorobot2_description' build argument 'cmake_target_skip_unavailable' from command line to 'False'
[0.235s] Level 5:colcon.colcon_core.verb:set package 'linorobot2_description' build argument 'cmake_clean_cache' from command line to 'False'
[0.235s] Level 5:colcon.colcon_core.verb:set package 'linorobot2_description' build argument 'cmake_clean_first' from command line to 'False'
[0.235s] Level 5:colcon.colcon_core.verb:set package 'linorobot2_description' build argument 'cmake_force_configure' from command line to 'False'
[0.235s] Level 5:colcon.colcon_core.verb:set package 'linorobot2_description' build argument 'ament_cmake_args' from command line to 'None'
[0.235s] Level 5:colcon.colcon_core.verb:set package 'linorobot2_description' build argument 'catkin_cmake_args' from command line to 'None'
[0.235s] Level 5:colcon.colcon_core.verb:set package 'linorobot2_description' build argument 'catkin_skip_building_tests' from command line to 'False'
[0.235s] DEBUG:colcon.colcon_core.verb:Building package 'linorobot2_description' with the following arguments: {'ament_cmake_args': None, 'build_base': '/home/humble/ros2_ws/build/linorobot2_description', 'catkin_cmake_args': None, 'catkin_skip_building_tests': False, 'cmake_args': None, 'cmake_clean_cache': False, 'cmake_clean_first': False, 'cmake_force_configure': False, 'cmake_target': None, 'cmake_target_skip_unavailable': False, 'install_base': '/home/humble/ros2_ws/install/linorobot2_description', 'merge_install': False, 'path': '/home/humble/ros2_ws/src/linorobot2/linorobot2_description', 'symlink_install': False, 'test_result_base': None}
[0.235s] Level 5:colcon.colcon_core.verb:set package 'linorobot2_gazebo' build argument 'cmake_args' from command line to 'None'
[0.235s] Level 5:colcon.colcon_core.verb:set package 'linorobot2_gazebo' build argument 'cmake_target' from command line to 'None'
[0.235s] Level 5:colcon.colcon_core.verb:set package 'linorobot2_gazebo' build argument 'cmake_target_skip_unavailable' from command line to 'False'
[0.235s] Level 5:colcon.colcon_core.verb:set package 'linorobot2_gazebo' build argument 'cmake_clean_cache' from command line to 'False'
[0.235s] Level 5:colcon.colcon_core.verb:set package 'linorobot2_gazebo' build argument 'cmake_clean_first' from command line to 'False'
[0.235s] Level 5:colcon.colcon_core.verb:set package 'linorobot2_gazebo' build argument 'cmake_force_configure' from command line to 'False'
[0.235s] Level 5:colcon.colcon_core.verb:set package 'linorobot2_gazebo' build argument 'ament_cmake_args' from command line to 'None'
[0.235s] Level 5:colcon.colcon_core.verb:set package 'linorobot2_gazebo' build argument 'catkin_cmake_args' from command line to 'None'
[0.235s] Level 5:colcon.colcon_core.verb:set package 'linorobot2_gazebo' build argument 'catkin_skip_building_tests' from command line to 'False'
[0.235s] DEBUG:colcon.colcon_core.verb:Building package 'linorobot2_gazebo' with the following arguments: {'ament_cmake_args': None, 'build_base': '/home/humble/ros2_ws/build/linorobot2_gazebo', 'catkin_cmake_args': None, 'catkin_skip_building_tests': False, 'cmake_args': None, 'cmake_clean_cache': False, 'cmake_clean_first': False, 'cmake_force_configure': False, 'cmake_target': None, 'cmake_target_skip_unavailable': False, 'install_base': '/home/humble/ros2_ws/install/linorobot2_gazebo', 'merge_install': False, 'path': '/home/humble/ros2_ws/src/linorobot2/linorobot2_gazebo', 'symlink_install': False, 'test_result_base': None}
[0.236s] Level 5:colcon.colcon_core.verb:set package 'linorobot2_navigation' build argument 'cmake_args' from command line to 'None'
[0.236s] Level 5:colcon.colcon_core.verb:set package 'linorobot2_navigation' build argument 'cmake_target' from command line to 'None'
[0.236s] Level 5:colcon.colcon_core.verb:set package 'linorobot2_navigation' build argument 'cmake_target_skip_unavailable' from command line to 'False'
[0.236s] Level 5:colcon.colcon_core.verb:set package 'linorobot2_navigation' build argument 'cmake_clean_cache' from command line to 'False'
[0.236s] Level 5:colcon.colcon_core.verb:set package 'linorobot2_navigation' build argument 'cmake_clean_first' from command line to 'False'
[0.236s] Level 5:colcon.colcon_core.verb:set package 'linorobot2_navigation' build argument 'cmake_force_configure' from command line to 'False'
[0.236s] Level 5:colcon.colcon_core.verb:set package 'linorobot2_navigation' build argument 'ament_cmake_args' from command line to 'None'
[0.236s] Level 5:colcon.colcon_core.verb:set package 'linorobot2_navigation' build argument 'catkin_cmake_args' from command line to 'None'
[0.236s] Level 5:colcon.colcon_core.verb:set package 'linorobot2_navigation' build argument 'catkin_skip_building_tests' from command line to 'False'
[0.236s] DEBUG:colcon.colcon_core.verb:Building package 'linorobot2_navigation' with the following arguments: {'ament_cmake_args': None, 'build_base': '/home/humble/ros2_ws/build/linorobot2_navigation', 'catkin_cmake_args': None, 'catkin_skip_building_tests': False, 'cmake_args': None, 'cmake_clean_cache': False, 'cmake_clean_first': False, 'cmake_force_configure': False, 'cmake_target': None, 'cmake_target_skip_unavailable': False, 'install_base': '/home/humble/ros2_ws/install/linorobot2_navigation', 'merge_install': False, 'path': '/home/humble/ros2_ws/src/linorobot2/linorobot2_navigation', 'symlink_install': False, 'test_result_base': None}
[0.236s] Level 5:colcon.colcon_core.verb:set package 'linorobot2_viz' build argument 'cmake_args' from command line to 'None'
[0.236s] Level 5:colcon.colcon_core.verb:set package 'linorobot2_viz' build argument 'cmake_target' from command line to 'None'
[0.236s] Level 5:colcon.colcon_core.verb:set package 'linorobot2_viz' build argument 'cmake_target_skip_unavailable' from command line to 'False'
[0.236s] Level 5:colcon.colcon_core.verb:set package 'linorobot2_viz' build argument 'cmake_clean_cache' from command line to 'False'
[0.236s] Level 5:colcon.colcon_core.verb:set package 'linorobot2_viz' build argument 'cmake_clean_first' from command line to 'False'
[0.236s] Level 5:colcon.colcon_core.verb:set package 'linorobot2_viz' build argument 'cmake_force_configure' from command line to 'False'
[0.236s] Level 5:colcon.colcon_core.verb:set package 'linorobot2_viz' build argument 'ament_cmake_args' from command line to 'None'
[0.236s] Level 5:colcon.colcon_core.verb:set package 'linorobot2_viz' build argument 'catkin_cmake_args' from command line to 'None'
[0.236s] Level 5:colcon.colcon_core.verb:set package 'linorobot2_viz' build argument 'catkin_skip_building_tests' from command line to 'False'
[0.236s] DEBUG:colcon.colcon_core.verb:Building package 'linorobot2_viz' with the following arguments: {'ament_cmake_args': None, 'build_base': '/home/humble/ros2_ws/build/linorobot2_viz', 'catkin_cmake_args': None, 'catkin_skip_building_tests': False, 'cmake_args': None, 'cmake_clean_cache': False, 'cmake_clean_first': False, 'cmake_force_configure': False, 'cmake_target': None, 'cmake_target_skip_unavailable': False, 'install_base': '/home/humble/ros2_ws/install/linorobot2_viz', 'merge_install': False, 'path': '/home/humble/ros2_ws/src/linorobot2_viz', 'symlink_install': False, 'test_result_base': None}
[0.236s] Level 5:colcon.colcon_core.verb:set package 'py_pub_sub' build argument 'cmake_args' from command line to 'None'
[0.236s] Level 5:colcon.colcon_core.verb:set package 'py_pub_sub' build argument 'cmake_target' from command line to 'None'
[0.236s] Level 5:colcon.colcon_core.verb:set package 'py_pub_sub' build argument 'cmake_target_skip_unavailable' from command line to 'False'
[0.236s] Level 5:colcon.colcon_core.verb:set package 'py_pub_sub' build argument 'cmake_clean_cache' from command line to 'False'
[0.236s] Level 5:colcon.colcon_core.verb:set package 'py_pub_sub' build argument 'cmake_clean_first' from command line to 'False'
[0.236s] Level 5:colcon.colcon_core.verb:set package 'py_pub_sub' build argument 'cmake_force_configure' from command line to 'False'
[0.236s] Level 5:colcon.colcon_core.verb:set package 'py_pub_sub' build argument 'ament_cmake_args' from command line to 'None'
[0.236s] Level 5:colcon.colcon_core.verb:set package 'py_pub_sub' build argument 'catkin_cmake_args' from command line to 'None'
[0.236s] Level 5:colcon.colcon_core.verb:set package 'py_pub_sub' build argument 'catkin_skip_building_tests' from command line to 'False'
[0.236s] DEBUG:colcon.colcon_core.verb:Building package 'py_pub_sub' with the following arguments: {'ament_cmake_args': None, 'build_base': '/home/humble/ros2_ws/build/py_pub_sub', 'catkin_cmake_args': None, 'catkin_skip_building_tests': False, 'cmake_args': None, 'cmake_clean_cache': False, 'cmake_clean_first': False, 'cmake_force_configure': False, 'cmake_target': None, 'cmake_target_skip_unavailable': False, 'install_base': '/home/humble/ros2_ws/install/py_pub_sub', 'merge_install': False, 'path': '/home/humble/ros2_ws/src/py_pub_sub', 'symlink_install': False, 'test_result_base': None}
[0.236s] INFO:colcon.colcon_core.executor:Executing jobs using 'parallel' executor
[0.237s] DEBUG:colcon.colcon_parallel_executor.executor.parallel:run_until_complete
[0.237s] INFO:colcon.colcon_ros.task.ament_cmake.build:Building ROS package in '/home/humble/ros2_ws/src/linorobot2/linorobot2' with build type 'ament_cmake'
[0.237s] INFO:colcon.colcon_cmake.task.cmake.build:Building CMake package in '/home/humble/ros2_ws/src/linorobot2/linorobot2'
[0.239s] INFO:colcon.colcon_core.plugin_system:Skipping extension 'colcon_core.shell.bat': Not used on non-Windows systems
[0.240s] INFO:colcon.colcon_core.shell:Skip shell extension 'powershell' for command environment: Not usable outside of PowerShell
[0.240s] DEBUG:colcon.colcon_core.shell:Skip shell extension 'dsv' for command environment
[0.242s] INFO:colcon.colcon_ros.task.ament_cmake.build:Building ROS package in '/home/humble/ros2_ws/src/linorobot2/linorobot2_base' with build type 'ament_cmake'
[0.242s] INFO:colcon.colcon_cmake.task.cmake.build:Building CMake package in '/home/humble/ros2_ws/src/linorobot2/linorobot2_base'
[0.243s] INFO:colcon.colcon_core.shell:Skip shell extension 'powershell' for command environment: Not usable outside of PowerShell
[0.243s] DEBUG:colcon.colcon_core.shell:Skip shell extension 'dsv' for command environment
[0.248s] DEBUG:colcon.colcon_core.event_handler.log_command:Invoking command in '/home/humble/ros2_ws/build/linorobot2': CMAKE_PREFIX_PATH=${CMAKE_PREFIX_PATH}:/home/humble/ros2_ws/install/py_pub_sub:/opt/ros/humble /usr/bin/cmake --build /home/humble/ros2_ws/build/linorobot2 -- -j2 -l2
[0.256s] DEBUG:colcon.colcon_core.event_handler.log_command:Invoking command in '/home/humble/ros2_ws/build/linorobot2_base': CMAKE_PREFIX_PATH=${CMAKE_PREFIX_PATH}:/home/humble/ros2_ws/install/py_pub_sub:/opt/ros/humble /usr/bin/cmake --build /home/humble/ros2_ws/build/linorobot2_base -- -j2 -l2
[0.288s] DEBUG:colcon.colcon_core.event_handler.log_command:Invoked command in '/home/humble/ros2_ws/build/linorobot2' returned '0': CMAKE_PREFIX_PATH=${CMAKE_PREFIX_PATH}:/home/humble/ros2_ws/install/py_pub_sub:/opt/ros/humble /usr/bin/cmake --build /home/humble/ros2_ws/build/linorobot2 -- -j2 -l2
[0.296s] DEBUG:colcon.colcon_core.event_handler.log_command:Invoking command in '/home/humble/ros2_ws/build/linorobot2': CMAKE_PREFIX_PATH=${CMAKE_PREFIX_PATH}:/home/humble/ros2_ws/install/py_pub_sub:/opt/ros/humble /usr/bin/cmake --install /home/humble/ros2_ws/build/linorobot2
[0.299s] DEBUG:colcon.colcon_core.event_handler.log_command:Invoked command in '/home/humble/ros2_ws/build/linorobot2_base' returned '0': CMAKE_PREFIX_PATH=${CMAKE_PREFIX_PATH}:/home/humble/ros2_ws/install/py_pub_sub:/opt/ros/humble /usr/bin/cmake --build /home/humble/ros2_ws/build/linorobot2_base -- -j2 -l2
[0.300s] DEBUG:colcon.colcon_core.event_handler.log_command:Invoking command in '/home/humble/ros2_ws/build/linorobot2_base': CMAKE_PREFIX_PATH=${CMAKE_PREFIX_PATH}:/home/humble/ros2_ws/install/py_pub_sub:/opt/ros/humble /usr/bin/cmake --install /home/humble/ros2_ws/build/linorobot2_base
[0.303s] Level 1:colcon.colcon_core.environment:create_environment_scripts_only(linorobot2)
[0.304s] DEBUG:colcon.colcon_core.event_handler.log_command:Invoked command in '/home/humble/ros2_ws/build/linorobot2' returned '0': CMAKE_PREFIX_PATH=${CMAKE_PREFIX_PATH}:/home/humble/ros2_ws/install/py_pub_sub:/opt/ros/humble /usr/bin/cmake --install /home/humble/ros2_ws/build/linorobot2
[0.307s] Level 1:colcon.colcon_core.environment:checking '/home/humble/ros2_ws/install/linorobot2' for CMake module files
[0.307s] Level 1:colcon.colcon_core.environment:checking '/home/humble/ros2_ws/install/linorobot2' for CMake config files
[0.307s] Level 1:colcon.colcon_core.shell:create_environment_hook('linorobot2', 'cmake_prefix_path')
[0.307s] INFO:colcon.colcon_core.shell:Creating environment hook '/home/humble/ros2_ws/install/linorobot2/share/linorobot2/hook/cmake_prefix_path.ps1'
[0.308s] INFO:colcon.colcon_core.shell:Creating environment descriptor '/home/humble/ros2_ws/install/linorobot2/share/linorobot2/hook/cmake_prefix_path.dsv'
[0.308s] INFO:colcon.colcon_core.shell:Creating environment hook '/home/humble/ros2_ws/install/linorobot2/share/linorobot2/hook/cmake_prefix_path.sh'
[0.309s] Level 1:colcon.colcon_core.environment:checking '/home/humble/ros2_ws/install/linorobot2/bin'
[0.309s] Level 1:colcon.colcon_core.environment:checking '/home/humble/ros2_ws/install/linorobot2/lib/pkgconfig/linorobot2.pc'
[0.309s] Level 1:colcon.colcon_core.environment:checking '/home/humble/ros2_ws/install/linorobot2/lib/python3.10/site-packages'
[0.310s] Level 1:colcon.colcon_core.environment:checking '/home/humble/ros2_ws/install/linorobot2/bin'
[0.310s] INFO:colcon.colcon_core.shell:Creating package script '/home/humble/ros2_ws/install/linorobot2/share/linorobot2/package.ps1'
[0.310s] INFO:colcon.colcon_core.shell:Creating package descriptor '/home/humble/ros2_ws/install/linorobot2/share/linorobot2/package.dsv'
[0.311s] INFO:colcon.colcon_core.shell:Creating package script '/home/humble/ros2_ws/install/linorobot2/share/linorobot2/package.sh'
[0.311s] INFO:colcon.colcon_core.shell:Creating package script '/home/humble/ros2_ws/install/linorobot2/share/linorobot2/package.bash'
[0.312s] INFO:colcon.colcon_core.shell:Creating package script '/home/humble/ros2_ws/install/linorobot2/share/linorobot2/package.zsh'
[0.312s] Level 1:colcon.colcon_core.environment:create_file_with_runtime_dependencies(/home/humble/ros2_ws/install/linorobot2/share/colcon-core/packages/linorobot2)
[0.313s] Level 1:colcon.colcon_core.environment:create_environment_scripts_only(linorobot2)
[0.313s] Level 1:colcon.colcon_core.environment:checking '/home/humble/ros2_ws/install/linorobot2' for CMake module files
[0.313s] Level 1:colcon.colcon_core.environment:checking '/home/humble/ros2_ws/install/linorobot2' for CMake config files
[0.313s] Level 1:colcon.colcon_core.shell:create_environment_hook('linorobot2', 'cmake_prefix_path')
[0.313s] INFO:colcon.colcon_core.shell:Creating environment hook '/home/humble/ros2_ws/install/linorobot2/share/linorobot2/hook/cmake_prefix_path.ps1'
[0.313s] INFO:colcon.colcon_core.shell:Creating environment descriptor '/home/humble/ros2_ws/install/linorobot2/share/linorobot2/hook/cmake_prefix_path.dsv'
[0.314s] INFO:colcon.colcon_core.shell:Creating environment hook '/home/humble/ros2_ws/install/linorobot2/share/linorobot2/hook/cmake_prefix_path.sh'
[0.314s] Level 1:colcon.colcon_core.environment:checking '/home/humble/ros2_ws/install/linorobot2/bin'
[0.314s] Level 1:colcon.colcon_core.environment:checking '/home/humble/ros2_ws/install/linorobot2/lib/pkgconfig/linorobot2.pc'
[0.314s] Level 1:colcon.colcon_core.environment:checking '/home/humble/ros2_ws/install/linorobot2/lib/python3.10/site-packages'
[0.315s] Level 1:colcon.colcon_core.environment:checking '/home/humble/ros2_ws/install/linorobot2/bin'
[0.315s] INFO:colcon.colcon_core.shell:Creating package script '/home/humble/ros2_ws/install/linorobot2/share/linorobot2/package.ps1'
[0.315s] INFO:colcon.colcon_core.shell:Creating package descriptor '/home/humble/ros2_ws/install/linorobot2/share/linorobot2/package.dsv'
[0.315s] INFO:colcon.colcon_core.shell:Creating package script '/home/humble/ros2_ws/install/linorobot2/share/linorobot2/package.sh'
[0.316s] INFO:colcon.colcon_core.shell:Creating package script '/home/humble/ros2_ws/install/linorobot2/share/linorobot2/package.bash'
[0.316s] INFO:colcon.colcon_core.shell:Creating package script '/home/humble/ros2_ws/install/linorobot2/share/linorobot2/package.zsh'
[0.316s] Level 1:colcon.colcon_core.environment:create_file_with_runtime_dependencies(/home/humble/ros2_ws/install/linorobot2/share/colcon-core/packages/linorobot2)
[0.317s] INFO:colcon.colcon_ros.task.ament_cmake.build:Building ROS package in '/home/humble/ros2_ws/src/linorobot2/linorobot2_bringup' with build type 'ament_cmake'
[0.317s] INFO:colcon.colcon_cmake.task.cmake.build:Building CMake package in '/home/humble/ros2_ws/src/linorobot2/linorobot2_bringup'
[0.317s] INFO:colcon.colcon_core.shell:Skip shell extension 'powershell' for command environment: Not usable outside of PowerShell
[0.317s] DEBUG:colcon.colcon_core.shell:Skip shell extension 'dsv' for command environment
[0.321s] Level 1:colcon.colcon_core.environment:create_environment_scripts_only(linorobot2_base)
[0.321s] DEBUG:colcon.colcon_core.event_handler.log_command:Invoked command in '/home/humble/ros2_ws/build/linorobot2_base' returned '0': CMAKE_PREFIX_PATH=${CMAKE_PREFIX_PATH}:/home/humble/ros2_ws/install/py_pub_sub:/opt/ros/humble /usr/bin/cmake --install /home/humble/ros2_ws/build/linorobot2_base
[0.322s] Level 1:colcon.colcon_core.environment:checking '/home/humble/ros2_ws/install/linorobot2_base' for CMake module files
[0.322s] Level 1:colcon.colcon_core.environment:checking '/home/humble/ros2_ws/install/linorobot2_base' for CMake config files
[0.322s] Level 1:colcon.colcon_core.shell:create_environment_hook('linorobot2_base', 'cmake_prefix_path')
[0.322s] INFO:colcon.colcon_core.shell:Creating environment hook '/home/humble/ros2_ws/install/linorobot2_base/share/linorobot2_base/hook/cmake_prefix_path.ps1'
[0.322s] INFO:colcon.colcon_core.shell:Creating environment descriptor '/home/humble/ros2_ws/install/linorobot2_base/share/linorobot2_base/hook/cmake_prefix_path.dsv'
[0.323s] INFO:colcon.colcon_core.shell:Creating environment hook '/home/humble/ros2_ws/install/linorobot2_base/share/linorobot2_base/hook/cmake_prefix_path.sh'
[0.323s] Level 1:colcon.colcon_core.environment:checking '/home/humble/ros2_ws/install/linorobot2_base/bin'
[0.323s] Level 1:colcon.colcon_core.environment:checking '/home/humble/ros2_ws/install/linorobot2_base/lib/pkgconfig/linorobot2_base.pc'
[0.323s] Level 1:colcon.colcon_core.environment:checking '/home/humble/ros2_ws/install/linorobot2_base/lib/python3.10/site-packages'
[0.324s] Level 1:colcon.colcon_core.environment:checking '/home/humble/ros2_ws/install/linorobot2_base/bin'
[0.324s] INFO:colcon.colcon_core.shell:Creating package script '/home/humble/ros2_ws/install/linorobot2_base/share/linorobot2_base/package.ps1'
[0.324s] INFO:colcon.colcon_core.shell:Creating package descriptor '/home/humble/ros2_ws/install/linorobot2_base/share/linorobot2_base/package.dsv'
[0.325s] INFO:colcon.colcon_core.shell:Creating package script '/home/humble/ros2_ws/install/linorobot2_base/share/linorobot2_base/package.sh'
[0.325s] INFO:colcon.colcon_core.shell:Creating package script '/home/humble/ros2_ws/install/linorobot2_base/share/linorobot2_base/package.bash'
[0.326s] INFO:colcon.colcon_core.shell:Creating package script '/home/humble/ros2_ws/install/linorobot2_base/share/linorobot2_base/package.zsh'
[0.326s] Level 1:colcon.colcon_core.environment:create_file_with_runtime_dependencies(/home/humble/ros2_ws/install/linorobot2_base/share/colcon-core/packages/linorobot2_base)
[0.326s] Level 1:colcon.colcon_core.environment:create_environment_scripts_only(linorobot2_base)
[0.326s] Level 1:colcon.colcon_core.environment:checking '/home/humble/ros2_ws/install/linorobot2_base' for CMake module files
[0.327s] Level 1:colcon.colcon_core.environment:checking '/home/humble/ros2_ws/install/linorobot2_base' for CMake config files
[0.327s] Level 1:colcon.colcon_core.shell:create_environment_hook('linorobot2_base', 'cmake_prefix_path')
[0.327s] INFO:colcon.colcon_core.shell:Creating environment hook '/home/humble/ros2_ws/install/linorobot2_base/share/linorobot2_base/hook/cmake_prefix_path.ps1'
[0.327s] INFO:colcon.colcon_core.shell:Creating environment descriptor '/home/humble/ros2_ws/install/linorobot2_base/share/linorobot2_base/hook/cmake_prefix_path.dsv'
[0.327s] INFO:colcon.colcon_core.shell:Creating environment hook '/home/humble/ros2_ws/install/linorobot2_base/share/linorobot2_base/hook/cmake_prefix_path.sh'
[0.328s] Level 1:colcon.colcon_core.environment:checking '/home/humble/ros2_ws/install/linorobot2_base/bin'
[0.328s] Level 1:colcon.colcon_core.environment:checking '/home/humble/ros2_ws/install/linorobot2_base/lib/pkgconfig/linorobot2_base.pc'
[0.328s] Level 1:colcon.colcon_core.environment:checking '/home/humble/ros2_ws/install/linorobot2_base/lib/python3.10/site-packages'
[0.328s] Level 1:colcon.colcon_core.environment:checking '/home/humble/ros2_ws/install/linorobot2_base/bin'
[0.328s] INFO:colcon.colcon_core.shell:Creating package script '/home/humble/ros2_ws/install/linorobot2_base/share/linorobot2_base/package.ps1'
[0.329s] INFO:colcon.colcon_core.shell:Creating package descriptor '/home/humble/ros2_ws/install/linorobot2_base/share/linorobot2_base/package.dsv'
[0.329s] INFO:colcon.colcon_core.shell:Creating package script '/home/humble/ros2_ws/install/linorobot2_base/share/linorobot2_base/package.sh'
[0.330s] INFO:colcon.colcon_core.shell:Creating package script '/home/humble/ros2_ws/install/linorobot2_base/share/linorobot2_base/package.bash'
[0.330s] INFO:colcon.colcon_core.shell:Creating package script '/home/humble/ros2_ws/install/linorobot2_base/share/linorobot2_base/package.zsh'
[0.331s] Level 1:colcon.colcon_core.environment:create_file_with_runtime_dependencies(/home/humble/ros2_ws/install/linorobot2_base/share/colcon-core/packages/linorobot2_base)
[0.332s] INFO:colcon.colcon_ros.task.ament_cmake.build:Building ROS package in '/home/humble/ros2_ws/src/linorobot2/linorobot2_description' with build type 'ament_cmake'
[0.332s] INFO:colcon.colcon_cmake.task.cmake.build:Building CMake package in '/home/humble/ros2_ws/src/linorobot2/linorobot2_description'
[0.332s] INFO:colcon.colcon_core.shell:Skip shell extension 'powershell' for command environment: Not usable outside of PowerShell
[0.332s] DEBUG:colcon.colcon_core.shell:Skip shell extension 'dsv' for command environment
[0.337s] DEBUG:colcon.colcon_core.event_handler.log_command:Invoking command in '/home/humble/ros2_ws/build/linorobot2_bringup': CMAKE_PREFIX_PATH=${CMAKE_PREFIX_PATH}:/home/humble/ros2_ws/install/py_pub_sub:/opt/ros/humble /usr/bin/cmake --build /home/humble/ros2_ws/build/linorobot2_bringup -- -j2 -l2
[0.341s] DEBUG:colcon.colcon_core.event_handler.log_command:Invoking command in '/home/humble/ros2_ws/build/linorobot2_description': CMAKE_PREFIX_PATH=${CMAKE_PREFIX_PATH}:/home/humble/ros2_ws/install/py_pub_sub:/opt/ros/humble /usr/bin/cmake --build /home/humble/ros2_ws/build/linorobot2_description -- -j2 -l2
[0.369s] DEBUG:colcon.colcon_core.event_handler.log_command:Invoked command in '/home/humble/ros2_ws/build/linorobot2_bringup' returned '0': CMAKE_PREFIX_PATH=${CMAKE_PREFIX_PATH}:/home/humble/ros2_ws/install/py_pub_sub:/opt/ros/humble /usr/bin/cmake --build /home/humble/ros2_ws/build/linorobot2_bringup -- -j2 -l2
[0.369s] DEBUG:colcon.colcon_core.event_handler.log_command:Invoking command in '/home/humble/ros2_ws/build/linorobot2_bringup': CMAKE_PREFIX_PATH=${CMAKE_PREFIX_PATH}:/home/humble/ros2_ws/install/py_pub_sub:/opt/ros/humble /usr/bin/cmake --install /home/humble/ros2_ws/build/linorobot2_bringup
[0.378s] DEBUG:colcon.colcon_core.event_handler.log_command:Invoked command in '/home/humble/ros2_ws/build/linorobot2_description' returned '0': CMAKE_PREFIX_PATH=${CMAKE_PREFIX_PATH}:/home/humble/ros2_ws/install/py_pub_sub:/opt/ros/humble /usr/bin/cmake --build /home/humble/ros2_ws/build/linorobot2_description -- -j2 -l2
[0.378s] DEBUG:colcon.colcon_core.event_handler.log_command:Invoking command in '/home/humble/ros2_ws/build/linorobot2_description': CMAKE_PREFIX_PATH=${CMAKE_PREFIX_PATH}:/home/humble/ros2_ws/install/py_pub_sub:/opt/ros/humble /usr/bin/cmake --install /home/humble/ros2_ws/build/linorobot2_description
[0.379s] Level 1:colcon.colcon_core.environment:create_environment_scripts_only(linorobot2_bringup)
[0.379s] Level 1:colcon.colcon_core.environment:checking '/home/humble/ros2_ws/install/linorobot2_bringup' for CMake module files
[0.379s] Level 1:colcon.colcon_core.environment:checking '/home/humble/ros2_ws/install/linorobot2_bringup' for CMake config files
[0.379s] Level 1:colcon.colcon_core.shell:create_environment_hook('linorobot2_bringup', 'cmake_prefix_path')
[0.380s] INFO:colcon.colcon_core.shell:Creating environment hook '/home/humble/ros2_ws/install/linorobot2_bringup/share/linorobot2_bringup/hook/cmake_prefix_path.ps1'
[0.380s] INFO:colcon.colcon_core.shell:Creating environment descriptor '/home/humble/ros2_ws/install/linorobot2_bringup/share/linorobot2_bringup/hook/cmake_prefix_path.dsv'
[0.381s] DEBUG:colcon.colcon_core.event_handler.log_command:Invoked command in '/home/humble/ros2_ws/build/linorobot2_bringup' returned '0': CMAKE_PREFIX_PATH=${CMAKE_PREFIX_PATH}:/home/humble/ros2_ws/install/py_pub_sub:/opt/ros/humble /usr/bin/cmake --install /home/humble/ros2_ws/build/linorobot2_bringup
[0.381s] INFO:colcon.colcon_core.shell:Creating environment hook '/home/humble/ros2_ws/install/linorobot2_bringup/share/linorobot2_bringup/hook/cmake_prefix_path.sh'
[0.381s] Level 1:colcon.colcon_core.environment:checking '/home/humble/ros2_ws/install/linorobot2_bringup/bin'
[0.381s] Level 1:colcon.colcon_core.environment:checking '/home/humble/ros2_ws/install/linorobot2_bringup/lib/pkgconfig/linorobot2_bringup.pc'
[0.381s] Level 1:colcon.colcon_core.environment:checking '/home/humble/ros2_ws/install/linorobot2_bringup/lib/python3.10/site-packages'
[0.382s] Level 1:colcon.colcon_core.environment:checking '/home/humble/ros2_ws/install/linorobot2_bringup/bin'
[0.382s] INFO:colcon.colcon_core.shell:Creating package script '/home/humble/ros2_ws/install/linorobot2_bringup/share/linorobot2_bringup/package.ps1'
[0.382s] INFO:colcon.colcon_core.shell:Creating package descriptor '/home/humble/ros2_ws/install/linorobot2_bringup/share/linorobot2_bringup/package.dsv'
[0.383s] INFO:colcon.colcon_core.shell:Creating package script '/home/humble/ros2_ws/install/linorobot2_bringup/share/linorobot2_bringup/package.sh'
[0.384s] INFO:colcon.colcon_core.shell:Creating package script '/home/humble/ros2_ws/install/linorobot2_bringup/share/linorobot2_bringup/package.bash'
[0.385s] INFO:colcon.colcon_core.shell:Creating package script '/home/humble/ros2_ws/install/linorobot2_bringup/share/linorobot2_bringup/package.zsh'
[0.386s] Level 1:colcon.colcon_core.environment:create_file_with_runtime_dependencies(/home/humble/ros2_ws/install/linorobot2_bringup/share/colcon-core/packages/linorobot2_bringup)
[0.387s] Level 1:colcon.colcon_core.environment:create_environment_scripts_only(linorobot2_bringup)
[0.387s] Level 1:colcon.colcon_core.environment:checking '/home/humble/ros2_ws/install/linorobot2_bringup' for CMake module files
[0.387s] Level 1:colcon.colcon_core.environment:checking '/home/humble/ros2_ws/install/linorobot2_bringup' for CMake config files
[0.387s] Level 1:colcon.colcon_core.shell:create_environment_hook('linorobot2_bringup', 'cmake_prefix_path')
[0.387s] INFO:colcon.colcon_core.shell:Creating environment hook '/home/humble/ros2_ws/install/linorobot2_bringup/share/linorobot2_bringup/hook/cmake_prefix_path.ps1'
[0.387s] INFO:colcon.colcon_core.shell:Creating environment descriptor '/home/humble/ros2_ws/install/linorobot2_bringup/share/linorobot2_bringup/hook/cmake_prefix_path.dsv'
[0.388s] INFO:colcon.colcon_core.shell:Creating environment hook '/home/humble/ros2_ws/install/linorobot2_bringup/share/linorobot2_bringup/hook/cmake_prefix_path.sh'
[0.388s] Level 1:colcon.colcon_core.environment:checking '/home/humble/ros2_ws/install/linorobot2_bringup/bin'
[0.388s] Level 1:colcon.colcon_core.environment:checking '/home/humble/ros2_ws/install/linorobot2_bringup/lib/pkgconfig/linorobot2_bringup.pc'
[0.388s] Level 1:colcon.colcon_core.environment:checking '/home/humble/ros2_ws/install/linorobot2_bringup/lib/python3.10/site-packages'
[0.389s] Level 1:colcon.colcon_core.environment:checking '/home/humble/ros2_ws/install/linorobot2_bringup/bin'
[0.389s] INFO:colcon.colcon_core.shell:Creating package script '/home/humble/ros2_ws/install/linorobot2_bringup/share/linorobot2_bringup/package.ps1'
[0.389s] INFO:colcon.colcon_core.shell:Creating package descriptor '/home/humble/ros2_ws/install/linorobot2_bringup/share/linorobot2_bringup/package.dsv'
[0.389s] INFO:colcon.colcon_core.shell:Creating package script '/home/humble/ros2_ws/install/linorobot2_bringup/share/linorobot2_bringup/package.sh'
[0.390s] INFO:colcon.colcon_core.shell:Creating package script '/home/humble/ros2_ws/install/linorobot2_bringup/share/linorobot2_bringup/package.bash'
[0.391s] INFO:colcon.colcon_core.shell:Creating package script '/home/humble/ros2_ws/install/linorobot2_bringup/share/linorobot2_bringup/package.zsh'
[0.391s] Level 1:colcon.colcon_core.environment:create_file_with_runtime_dependencies(/home/humble/ros2_ws/install/linorobot2_bringup/share/colcon-core/packages/linorobot2_bringup)
[0.392s] INFO:colcon.colcon_ros.task.ament_cmake.build:Building ROS package in '/home/humble/ros2_ws/src/linorobot2/linorobot2_gazebo' with build type 'ament_cmake'
[0.392s] INFO:colcon.colcon_cmake.task.cmake.build:Building CMake package in '/home/humble/ros2_ws/src/linorobot2/linorobot2_gazebo'
[0.392s] INFO:colcon.colcon_core.shell:Skip shell extension 'powershell' for command environment: Not usable outside of PowerShell
[0.392s] DEBUG:colcon.colcon_core.shell:Skip shell extension 'dsv' for command environment
[0.396s] Level 1:colcon.colcon_core.environment:create_environment_scripts_only(linorobot2_description)
[0.396s] Level 1:colcon.colcon_core.environment:checking '/home/humble/ros2_ws/install/linorobot2_description' for CMake module files
[0.396s] DEBUG:colcon.colcon_core.event_handler.log_command:Invoked command in '/home/humble/ros2_ws/build/linorobot2_description' returned '0': CMAKE_PREFIX_PATH=${CMAKE_PREFIX_PATH}:/home/humble/ros2_ws/install/py_pub_sub:/opt/ros/humble /usr/bin/cmake --install /home/humble/ros2_ws/build/linorobot2_description
[0.397s] Level 1:colcon.colcon_core.environment:checking '/home/humble/ros2_ws/install/linorobot2_description' for CMake config files
[0.397s] Level 1:colcon.colcon_core.shell:create_environment_hook('linorobot2_description', 'cmake_prefix_path')
[0.397s] INFO:colcon.colcon_core.shell:Creating environment hook '/home/humble/ros2_ws/install/linorobot2_description/share/linorobot2_description/hook/cmake_prefix_path.ps1'
[0.397s] INFO:colcon.colcon_core.shell:Creating environment descriptor '/home/humble/ros2_ws/install/linorobot2_description/share/linorobot2_description/hook/cmake_prefix_path.dsv'
[0.398s] INFO:colcon.colcon_core.shell:Creating environment hook '/home/humble/ros2_ws/install/linorobot2_description/share/linorobot2_description/hook/cmake_prefix_path.sh'
[0.398s] Level 1:colcon.colcon_core.environment:checking '/home/humble/ros2_ws/install/linorobot2_description/bin'
[0.398s] Level 1:colcon.colcon_core.environment:checking '/home/humble/ros2_ws/install/linorobot2_description/lib/pkgconfig/linorobot2_description.pc'
[0.398s] Level 1:colcon.colcon_core.environment:checking '/home/humble/ros2_ws/install/linorobot2_description/lib/python3.10/site-packages'
[0.399s] Level 1:colcon.colcon_core.environment:checking '/home/humble/ros2_ws/install/linorobot2_description/bin'
[0.399s] INFO:colcon.colcon_core.shell:Creating package script '/home/humble/ros2_ws/install/linorobot2_description/share/linorobot2_description/package.ps1'
[0.399s] INFO:colcon.colcon_core.shell:Creating package descriptor '/home/humble/ros2_ws/install/linorobot2_description/share/linorobot2_description/package.dsv'
[0.399s] INFO:colcon.colcon_core.shell:Creating package script '/home/humble/ros2_ws/install/linorobot2_description/share/linorobot2_description/package.sh'
[0.400s] INFO:colcon.colcon_core.shell:Creating package script '/home/humble/ros2_ws/install/linorobot2_description/share/linorobot2_description/package.bash'
[0.400s] INFO:colcon.colcon_core.shell:Creating package script '/home/humble/ros2_ws/install/linorobot2_description/share/linorobot2_description/package.zsh'
[0.400s] Level 1:colcon.colcon_core.environment:create_file_with_runtime_dependencies(/home/humble/ros2_ws/install/linorobot2_description/share/colcon-core/packages/linorobot2_description)
[0.401s] Level 1:colcon.colcon_core.environment:create_environment_scripts_only(linorobot2_description)
[0.401s] Level 1:colcon.colcon_core.environment:checking '/home/humble/ros2_ws/install/linorobot2_description' for CMake module files
[0.401s] Level 1:colcon.colcon_core.environment:checking '/home/humble/ros2_ws/install/linorobot2_description' for CMake config files
[0.402s] Level 1:colcon.colcon_core.shell:create_environment_hook('linorobot2_description', 'cmake_prefix_path')
[0.402s] INFO:colcon.colcon_core.shell:Creating environment hook '/home/humble/ros2_ws/install/linorobot2_description/share/linorobot2_description/hook/cmake_prefix_path.ps1'
[0.402s] INFO:colcon.colcon_core.shell:Creating environment descriptor '/home/humble/ros2_ws/install/linorobot2_description/share/linorobot2_description/hook/cmake_prefix_path.dsv'
[0.403s] INFO:colcon.colcon_core.shell:Creating environment hook '/home/humble/ros2_ws/install/linorobot2_description/share/linorobot2_description/hook/cmake_prefix_path.sh'
[0.403s] Level 1:colcon.colcon_core.environment:checking '/home/humble/ros2_ws/install/linorobot2_description/bin'
[0.403s] Level 1:colcon.colcon_core.environment:checking '/home/humble/ros2_ws/install/linorobot2_description/lib/pkgconfig/linorobot2_description.pc'
[0.403s] Level 1:colcon.colcon_core.environment:checking '/home/humble/ros2_ws/install/linorobot2_description/lib/python3.10/site-packages'
[0.403s] Level 1:colcon.colcon_core.environment:checking '/home/humble/ros2_ws/install/linorobot2_description/bin'
[0.404s] INFO:colcon.colcon_core.shell:Creating package script '/home/humble/ros2_ws/install/linorobot2_description/share/linorobot2_description/package.ps1'
[0.404s] INFO:colcon.colcon_core.shell:Creating package descriptor '/home/humble/ros2_ws/install/linorobot2_description/share/linorobot2_description/package.dsv'
[0.405s] INFO:colcon.colcon_core.shell:Creating package script '/home/humble/ros2_ws/install/linorobot2_description/share/linorobot2_description/package.sh'
[0.405s] INFO:colcon.colcon_core.shell:Creating package script '/home/humble/ros2_ws/install/linorobot2_description/share/linorobot2_description/package.bash'
[0.406s] INFO:colcon.colcon_core.shell:Creating package script '/home/humble/ros2_ws/install/linorobot2_description/share/linorobot2_description/package.zsh'
[0.406s] Level 1:colcon.colcon_core.environment:create_file_with_runtime_dependencies(/home/humble/ros2_ws/install/linorobot2_description/share/colcon-core/packages/linorobot2_description)
[0.408s] INFO:colcon.colcon_ros.task.ament_cmake.build:Building ROS package in '/home/humble/ros2_ws/src/linorobot2/linorobot2_navigation' with build type 'ament_cmake'
[0.408s] INFO:colcon.colcon_cmake.task.cmake.build:Building CMake package in '/home/humble/ros2_ws/src/linorobot2/linorobot2_navigation'
[0.408s] INFO:colcon.colcon_core.shell:Skip shell extension 'powershell' for command environment: Not usable outside of PowerShell
[0.408s] DEBUG:colcon.colcon_core.shell:Skip shell extension 'dsv' for command environment
[0.414s] DEBUG:colcon.colcon_core.event_handler.log_command:Invoking command in '/home/humble/ros2_ws/build/linorobot2_gazebo': CMAKE_PREFIX_PATH=${CMAKE_PREFIX_PATH}:/home/humble/ros2_ws/install/py_pub_sub:/opt/ros/humble /usr/bin/cmake --build /home/humble/ros2_ws/build/linorobot2_gazebo -- -j2 -l2
[0.417s] DEBUG:colcon.colcon_core.event_handler.log_command:Invoking command in '/home/humble/ros2_ws/build/linorobot2_navigation': CMAKE_PREFIX_PATH=${CMAKE_PREFIX_PATH}:/home/humble/ros2_ws/install/py_pub_sub:/opt/ros/humble /usr/bin/cmake --build /home/humble/ros2_ws/build/linorobot2_navigation -- -j2 -l2
[0.441s] DEBUG:colcon.colcon_core.event_handler.log_command:Invoked command in '/home/humble/ros2_ws/build/linorobot2_gazebo' returned '0': CMAKE_PREFIX_PATH=${CMAKE_PREFIX_PATH}:/home/humble/ros2_ws/install/py_pub_sub:/opt/ros/humble /usr/bin/cmake --build /home/humble/ros2_ws/build/linorobot2_gazebo -- -j2 -l2
[0.446s] DEBUG:colcon.colcon_core.event_handler.log_command:Invoking command in '/home/humble/ros2_ws/build/linorobot2_gazebo': CMAKE_PREFIX_PATH=${CMAKE_PREFIX_PATH}:/home/humble/ros2_ws/install/py_pub_sub:/opt/ros/humble /usr/bin/cmake --install /home/humble/ros2_ws/build/linorobot2_gazebo
[0.453s] DEBUG:colcon.colcon_core.event_handler.log_command:Invoked command in '/home/humble/ros2_ws/build/linorobot2_navigation' returned '0': CMAKE_PREFIX_PATH=${CMAKE_PREFIX_PATH}:/home/humble/ros2_ws/install/py_pub_sub:/opt/ros/humble /usr/bin/cmake --build /home/humble/ros2_ws/build/linorobot2_navigation -- -j2 -l2
[0.455s] DEBUG:colcon.colcon_core.event_handler.log_command:Invoking command in '/home/humble/ros2_ws/build/linorobot2_navigation': CMAKE_PREFIX_PATH=${CMAKE_PREFIX_PATH}:/home/humble/ros2_ws/install/py_pub_sub:/opt/ros/humble /usr/bin/cmake --install /home/humble/ros2_ws/build/linorobot2_navigation
[0.460s] Level 1:colcon.colcon_core.environment:create_environment_scripts_only(linorobot2_gazebo)
[0.460s] Level 1:colcon.colcon_core.environment:checking '/home/humble/ros2_ws/install/linorobot2_gazebo' for CMake module files
[0.460s] Level 1:colcon.colcon_core.environment:checking '/home/humble/ros2_ws/install/linorobot2_gazebo' for CMake config files
[0.461s] Level 1:colcon.colcon_core.shell:create_environment_hook('linorobot2_gazebo', 'cmake_prefix_path')
[0.461s] INFO:colcon.colcon_core.shell:Creating environment hook '/home/humble/ros2_ws/install/linorobot2_gazebo/share/linorobot2_gazebo/hook/cmake_prefix_path.ps1'
[0.460s] DEBUG:colcon.colcon_core.event_handler.log_command:Invoked command in '/home/humble/ros2_ws/build/linorobot2_gazebo' returned '0': CMAKE_PREFIX_PATH=${CMAKE_PREFIX_PATH}:/home/humble/ros2_ws/install/py_pub_sub:/opt/ros/humble /usr/bin/cmake --install /home/humble/ros2_ws/build/linorobot2_gazebo
[0.461s] INFO:colcon.colcon_core.shell:Creating environment descriptor '/home/humble/ros2_ws/install/linorobot2_gazebo/share/linorobot2_gazebo/hook/cmake_prefix_path.dsv'
[0.462s] INFO:colcon.colcon_core.shell:Creating environment hook '/home/humble/ros2_ws/install/linorobot2_gazebo/share/linorobot2_gazebo/hook/cmake_prefix_path.sh'
[0.464s] Level 1:colcon.colcon_core.environment:checking '/home/humble/ros2_ws/install/linorobot2_gazebo/lib'
[0.465s] Level 1:colcon.colcon_core.environment:checking '/home/humble/ros2_ws/install/linorobot2_gazebo/bin'
[0.466s] Level 1:colcon.colcon_core.environment:checking '/home/humble/ros2_ws/install/linorobot2_gazebo/lib/pkgconfig/linorobot2_gazebo.pc'
[0.466s] Level 1:colcon.colcon_core.environment:checking '/home/humble/ros2_ws/install/linorobot2_gazebo/lib/python3.10/site-packages'
[0.466s] Level 1:colcon.colcon_core.environment:checking '/home/humble/ros2_ws/install/linorobot2_gazebo/bin'
[0.466s] INFO:colcon.colcon_core.shell:Creating package script '/home/humble/ros2_ws/install/linorobot2_gazebo/share/linorobot2_gazebo/package.ps1'
[0.468s] INFO:colcon.colcon_core.shell:Creating package descriptor '/home/humble/ros2_ws/install/linorobot2_gazebo/share/linorobot2_gazebo/package.dsv'
[0.469s] INFO:colcon.colcon_core.shell:Creating package script '/home/humble/ros2_ws/install/linorobot2_gazebo/share/linorobot2_gazebo/package.sh'
[0.469s] INFO:colcon.colcon_core.shell:Creating package script '/home/humble/ros2_ws/install/linorobot2_gazebo/share/linorobot2_gazebo/package.bash'
[0.470s] INFO:colcon.colcon_core.shell:Creating package script '/home/humble/ros2_ws/install/linorobot2_gazebo/share/linorobot2_gazebo/package.zsh'
[0.471s] Level 1:colcon.colcon_core.environment:create_file_with_runtime_dependencies(/home/humble/ros2_ws/install/linorobot2_gazebo/share/colcon-core/packages/linorobot2_gazebo)
[0.471s] Level 1:colcon.colcon_core.environment:create_environment_scripts_only(linorobot2_gazebo)
[0.471s] Level 1:colcon.colcon_core.environment:checking '/home/humble/ros2_ws/install/linorobot2_gazebo' for CMake module files
[0.471s] Level 1:colcon.colcon_core.environment:checking '/home/humble/ros2_ws/install/linorobot2_gazebo' for CMake config files
[0.472s] Level 1:colcon.colcon_core.shell:create_environment_hook('linorobot2_gazebo', 'cmake_prefix_path')
[0.472s] INFO:colcon.colcon_core.shell:Creating environment hook '/home/humble/ros2_ws/install/linorobot2_gazebo/share/linorobot2_gazebo/hook/cmake_prefix_path.ps1'
[0.472s] INFO:colcon.colcon_core.shell:Creating environment descriptor '/home/humble/ros2_ws/install/linorobot2_gazebo/share/linorobot2_gazebo/hook/cmake_prefix_path.dsv'
[0.472s] INFO:colcon.colcon_core.shell:Creating environment hook '/home/humble/ros2_ws/install/linorobot2_gazebo/share/linorobot2_gazebo/hook/cmake_prefix_path.sh'
[0.473s] Level 1:colcon.colcon_core.environment:checking '/home/humble/ros2_ws/install/linorobot2_gazebo/lib'
[0.473s] Level 1:colcon.colcon_core.environment:checking '/home/humble/ros2_ws/install/linorobot2_gazebo/bin'
[0.473s] Level 1:colcon.colcon_core.environment:checking '/home/humble/ros2_ws/install/linorobot2_gazebo/lib/pkgconfig/linorobot2_gazebo.pc'
[0.473s] Level 1:colcon.colcon_core.environment:checking '/home/humble/ros2_ws/install/linorobot2_gazebo/lib/python3.10/site-packages'
[0.473s] Level 1:colcon.colcon_core.environment:checking '/home/humble/ros2_ws/install/linorobot2_gazebo/bin'
[0.473s] INFO:colcon.colcon_core.shell:Creating package script '/home/humble/ros2_ws/install/linorobot2_gazebo/share/linorobot2_gazebo/package.ps1'
[0.474s] INFO:colcon.colcon_core.shell:Creating package descriptor '/home/humble/ros2_ws/install/linorobot2_gazebo/share/linorobot2_gazebo/package.dsv'
[0.474s] INFO:colcon.colcon_core.shell:Creating package script '/home/humble/ros2_ws/install/linorobot2_gazebo/share/linorobot2_gazebo/package.sh'
[0.474s] INFO:colcon.colcon_core.shell:Creating package script '/home/humble/ros2_ws/install/linorobot2_gazebo/share/linorobot2_gazebo/package.bash'
[0.475s] INFO:colcon.colcon_core.shell:Creating package script '/home/humble/ros2_ws/install/linorobot2_gazebo/share/linorobot2_gazebo/package.zsh'
[0.475s] Level 1:colcon.colcon_core.environment:create_file_with_runtime_dependencies(/home/humble/ros2_ws/install/linorobot2_gazebo/share/colcon-core/packages/linorobot2_gazebo)
[0.476s] INFO:colcon.colcon_ros.task.ament_cmake.build:Building ROS package in '/home/humble/ros2_ws/src/linorobot2_viz' with build type 'ament_cmake'
[0.476s] INFO:colcon.colcon_cmake.task.cmake.build:Building CMake package in '/home/humble/ros2_ws/src/linorobot2_viz'
[0.476s] INFO:colcon.colcon_core.shell:Skip shell extension 'powershell' for command environment: Not usable outside of PowerShell
[0.476s] DEBUG:colcon.colcon_core.shell:Skip shell extension 'dsv' for command environment
[0.480s] Level 1:colcon.colcon_core.environment:create_environment_scripts_only(linorobot2_navigation)
[0.480s] DEBUG:colcon.colcon_core.event_handler.log_command:Invoked command in '/home/humble/ros2_ws/build/linorobot2_navigation' returned '0': CMAKE_PREFIX_PATH=${CMAKE_PREFIX_PATH}:/home/humble/ros2_ws/install/py_pub_sub:/opt/ros/humble /usr/bin/cmake --install /home/humble/ros2_ws/build/linorobot2_navigation
[0.481s] Level 1:colcon.colcon_core.environment:checking '/home/humble/ros2_ws/install/linorobot2_navigation' for CMake module files
[0.482s] Level 1:colcon.colcon_core.environment:checking '/home/humble/ros2_ws/install/linorobot2_navigation' for CMake config files
[0.482s] Level 1:colcon.colcon_core.shell:create_environment_hook('linorobot2_navigation', 'cmake_prefix_path')
[0.482s] INFO:colcon.colcon_core.shell:Creating environment hook '/home/humble/ros2_ws/install/linorobot2_navigation/share/linorobot2_navigation/hook/cmake_prefix_path.ps1'
[0.482s] INFO:colcon.colcon_core.shell:Creating environment descriptor '/home/humble/ros2_ws/install/linorobot2_navigation/share/linorobot2_navigation/hook/cmake_prefix_path.dsv'
[0.483s] INFO:colcon.colcon_core.shell:Creating environment hook '/home/humble/ros2_ws/install/linorobot2_navigation/share/linorobot2_navigation/hook/cmake_prefix_path.sh'
[0.483s] Level 1:colcon.colcon_core.environment:checking '/home/humble/ros2_ws/install/linorobot2_navigation/bin'
[0.483s] Level 1:colcon.colcon_core.environment:checking '/home/humble/ros2_ws/install/linorobot2_navigation/lib/pkgconfig/linorobot2_navigation.pc'
[0.484s] Level 1:colcon.colcon_core.environment:checking '/home/humble/ros2_ws/install/linorobot2_navigation/lib/python3.10/site-packages'
[0.484s] Level 1:colcon.colcon_core.environment:checking '/home/humble/ros2_ws/install/linorobot2_navigation/bin'
[0.484s] INFO:colcon.colcon_core.shell:Creating package script '/home/humble/ros2_ws/install/linorobot2_navigation/share/linorobot2_navigation/package.ps1'
[0.484s] INFO:colcon.colcon_core.shell:Creating package descriptor '/home/humble/ros2_ws/install/linorobot2_navigation/share/linorobot2_navigation/package.dsv'
[0.485s] INFO:colcon.colcon_core.shell:Creating package script '/home/humble/ros2_ws/install/linorobot2_navigation/share/linorobot2_navigation/package.sh'
[0.485s] INFO:colcon.colcon_core.shell:Creating package script '/home/humble/ros2_ws/install/linorobot2_navigation/share/linorobot2_navigation/package.bash'
[0.485s] INFO:colcon.colcon_core.shell:Creating package script '/home/humble/ros2_ws/install/linorobot2_navigation/share/linorobot2_navigation/package.zsh'
[0.486s] Level 1:colcon.colcon_core.environment:create_file_with_runtime_dependencies(/home/humble/ros2_ws/install/linorobot2_navigation/share/colcon-core/packages/linorobot2_navigation)
[0.486s] Level 1:colcon.colcon_core.environment:create_environment_scripts_only(linorobot2_navigation)
[0.486s] Level 1:colcon.colcon_core.environment:checking '/home/humble/ros2_ws/install/linorobot2_navigation' for CMake module files
[0.486s] Level 1:colcon.colcon_core.environment:checking '/home/humble/ros2_ws/install/linorobot2_navigation' for CMake config files
[0.487s] Level 1:colcon.colcon_core.shell:create_environment_hook('linorobot2_navigation', 'cmake_prefix_path')
[0.487s] INFO:colcon.colcon_core.shell:Creating environment hook '/home/humble/ros2_ws/install/linorobot2_navigation/share/linorobot2_navigation/hook/cmake_prefix_path.ps1'
[0.487s] INFO:colcon.colcon_core.shell:Creating environment descriptor '/home/humble/ros2_ws/install/linorobot2_navigation/share/linorobot2_navigation/hook/cmake_prefix_path.dsv'
[0.487s] INFO:colcon.colcon_core.shell:Creating environment hook '/home/humble/ros2_ws/install/linorobot2_navigation/share/linorobot2_navigation/hook/cmake_prefix_path.sh'
[0.488s] Level 1:colcon.colcon_core.environment:checking '/home/humble/ros2_ws/install/linorobot2_navigation/bin'
[0.488s] Level 1:colcon.colcon_core.environment:checking '/home/humble/ros2_ws/install/linorobot2_navigation/lib/pkgconfig/linorobot2_navigation.pc'
[0.488s] Level 1:colcon.colcon_core.environment:checking '/home/humble/ros2_ws/install/linorobot2_navigation/lib/python3.10/site-packages'
[0.488s] Level 1:colcon.colcon_core.environment:checking '/home/humble/ros2_ws/install/linorobot2_navigation/bin'
[0.488s] INFO:colcon.colcon_core.shell:Creating package script '/home/humble/ros2_ws/install/linorobot2_navigation/share/linorobot2_navigation/package.ps1'
[0.489s] INFO:colcon.colcon_core.shell:Creating package descriptor '/home/humble/ros2_ws/install/linorobot2_navigation/share/linorobot2_navigation/package.dsv'
[0.489s] INFO:colcon.colcon_core.shell:Creating package script '/home/humble/ros2_ws/install/linorobot2_navigation/share/linorobot2_navigation/package.sh'
[0.489s] INFO:colcon.colcon_core.shell:Creating package script '/home/humble/ros2_ws/install/linorobot2_navigation/share/linorobot2_navigation/package.bash'
[0.490s] INFO:colcon.colcon_core.shell:Creating package script '/home/humble/ros2_ws/install/linorobot2_navigation/share/linorobot2_navigation/package.zsh'
[0.490s] Level 1:colcon.colcon_core.environment:create_file_with_runtime_dependencies(/home/humble/ros2_ws/install/linorobot2_navigation/share/colcon-core/packages/linorobot2_navigation)
[0.491s] INFO:colcon.colcon_ros.task.ament_python.build:Building ROS package in '/home/humble/ros2_ws/src/py_pub_sub' with build type 'ament_python'
[0.491s] Level 1:colcon.colcon_core.shell:create_environment_hook('py_pub_sub', 'ament_prefix_path')
[0.492s] INFO:colcon.colcon_core.shell:Creating environment hook '/home/humble/ros2_ws/install/py_pub_sub/share/py_pub_sub/hook/ament_prefix_path.ps1'
[0.492s] INFO:colcon.colcon_core.shell:Creating environment descriptor '/home/humble/ros2_ws/install/py_pub_sub/share/py_pub_sub/hook/ament_prefix_path.dsv'
[0.493s] INFO:colcon.colcon_core.shell:Creating environment hook '/home/humble/ros2_ws/install/py_pub_sub/share/py_pub_sub/hook/ament_prefix_path.sh'
[0.493s] INFO:colcon.colcon_core.shell:Skip shell extension 'powershell' for command environment: Not usable outside of PowerShell
[0.493s] DEBUG:colcon.colcon_core.shell:Skip shell extension 'dsv' for command environment
[0.501s] DEBUG:colcon.colcon_core.event_handler.log_command:Invoking command in '/home/humble/ros2_ws/build/linorobot2_viz': CMAKE_PREFIX_PATH=${CMAKE_PREFIX_PATH}:/home/humble/ros2_ws/install/py_pub_sub:/opt/ros/humble /usr/bin/cmake --build /home/humble/ros2_ws/build/linorobot2_viz -- -j2 -l2
[0.666s] INFO:colcon.colcon_core.task.python.build:Building Python package in '/home/humble/ros2_ws/src/py_pub_sub'
[0.666s] INFO:colcon.colcon_core.shell:Skip shell extension 'powershell' for command environment: Not usable outside of PowerShell
[0.667s] DEBUG:colcon.colcon_core.shell:Skip shell extension 'dsv' for command environment
[0.672s] DEBUG:colcon.colcon_core.event_handler.log_command:Invoked command in '/home/humble/ros2_ws/build/linorobot2_viz' returned '0': CMAKE_PREFIX_PATH=${CMAKE_PREFIX_PATH}:/home/humble/ros2_ws/install/py_pub_sub:/opt/ros/humble /usr/bin/cmake --build /home/humble/ros2_ws/build/linorobot2_viz -- -j2 -l2
[0.673s] DEBUG:colcon.colcon_core.event_handler.log_command:Invoking command in '/home/humble/ros2_ws/build/linorobot2_viz': CMAKE_PREFIX_PATH=${CMAKE_PREFIX_PATH}:/home/humble/ros2_ws/install/py_pub_sub:/opt/ros/humble /usr/bin/cmake --install /home/humble/ros2_ws/build/linorobot2_viz
[0.682s] Level 1:colcon.colcon_core.environment:create_environment_scripts_only(linorobot2_viz)
[0.683s] Level 1:colcon.colcon_core.environment:checking '/home/humble/ros2_ws/install/linorobot2_viz' for CMake module files
[0.683s] Level 1:colcon.colcon_core.environment:checking '/home/humble/ros2_ws/install/linorobot2_viz' for CMake config files
[0.683s] Level 1:colcon.colcon_core.shell:create_environment_hook('linorobot2_viz', 'cmake_prefix_path')
[0.682s] DEBUG:colcon.colcon_core.event_handler.log_command:Invoked command in '/home/humble/ros2_ws/build/linorobot2_viz' returned '0': CMAKE_PREFIX_PATH=${CMAKE_PREFIX_PATH}:/home/humble/ros2_ws/install/py_pub_sub:/opt/ros/humble /usr/bin/cmake --install /home/humble/ros2_ws/build/linorobot2_viz
[0.683s] INFO:colcon.colcon_core.shell:Creating environment hook '/home/humble/ros2_ws/install/linorobot2_viz/share/linorobot2_viz/hook/cmake_prefix_path.ps1'
[0.684s] INFO:colcon.colcon_core.shell:Creating environment descriptor '/home/humble/ros2_ws/install/linorobot2_viz/share/linorobot2_viz/hook/cmake_prefix_path.dsv'
[0.684s] INFO:colcon.colcon_core.shell:Creating environment hook '/home/humble/ros2_ws/install/linorobot2_viz/share/linorobot2_viz/hook/cmake_prefix_path.sh'
[0.685s] Level 1:colcon.colcon_core.environment:checking '/home/humble/ros2_ws/install/linorobot2_viz/bin'
[0.685s] Level 1:colcon.colcon_core.environment:checking '/home/humble/ros2_ws/install/linorobot2_viz/lib/pkgconfig/linorobot2_viz.pc'
[0.685s] Level 1:colcon.colcon_core.environment:checking '/home/humble/ros2_ws/install/linorobot2_viz/lib/python3.10/site-packages'
[0.685s] Level 1:colcon.colcon_core.environment:checking '/home/humble/ros2_ws/install/linorobot2_viz/bin'
[0.685s] INFO:colcon.colcon_core.shell:Creating package script '/home/humble/ros2_ws/install/linorobot2_viz/share/linorobot2_viz/package.ps1'
[0.686s] INFO:colcon.colcon_core.shell:Creating package descriptor '/home/humble/ros2_ws/install/linorobot2_viz/share/linorobot2_viz/package.dsv'
[0.686s] INFO:colcon.colcon_core.shell:Creating package script '/home/humble/ros2_ws/install/linorobot2_viz/share/linorobot2_viz/package.sh'
[0.686s] INFO:colcon.colcon_core.shell:Creating package script '/home/humble/ros2_ws/install/linorobot2_viz/share/linorobot2_viz/package.bash'
[0.687s] INFO:colcon.colcon_core.shell:Creating package script '/home/humble/ros2_ws/install/linorobot2_viz/share/linorobot2_viz/package.zsh'
[0.687s] Level 1:colcon.colcon_core.environment:create_file_with_runtime_dependencies(/home/humble/ros2_ws/install/linorobot2_viz/share/colcon-core/packages/linorobot2_viz)
[0.688s] Level 1:colcon.colcon_core.environment:create_environment_scripts_only(linorobot2_viz)
[0.688s] Level 1:colcon.colcon_core.environment:checking '/home/humble/ros2_ws/install/linorobot2_viz' for CMake module files
[0.688s] Level 1:colcon.colcon_core.environment:checking '/home/humble/ros2_ws/install/linorobot2_viz' for CMake config files
[0.688s] Level 1:colcon.colcon_core.shell:create_environment_hook('linorobot2_viz', 'cmake_prefix_path')
[0.688s] INFO:colcon.colcon_core.shell:Creating environment hook '/home/humble/ros2_ws/install/linorobot2_viz/share/linorobot2_viz/hook/cmake_prefix_path.ps1'
[0.689s] INFO:colcon.colcon_core.shell:Creating environment descriptor '/home/humble/ros2_ws/install/linorobot2_viz/share/linorobot2_viz/hook/cmake_prefix_path.dsv'
[0.689s] INFO:colcon.colcon_core.shell:Creating environment hook '/home/humble/ros2_ws/install/linorobot2_viz/share/linorobot2_viz/hook/cmake_prefix_path.sh'
[0.690s] Level 1:colcon.colcon_core.environment:checking '/home/humble/ros2_ws/install/linorobot2_viz/bin'
[0.690s] Level 1:colcon.colcon_core.environment:checking '/home/humble/ros2_ws/install/linorobot2_viz/lib/pkgconfig/linorobot2_viz.pc'
[0.690s] Level 1:colcon.colcon_core.environment:checking '/home/humble/ros2_ws/install/linorobot2_viz/lib/python3.10/site-packages'
[0.690s] Level 1:colcon.colcon_core.environment:checking '/home/humble/ros2_ws/install/linorobot2_viz/bin'
[0.691s] INFO:colcon.colcon_core.shell:Creating package script '/home/humble/ros2_ws/install/linorobot2_viz/share/linorobot2_viz/package.ps1'
[0.691s] INFO:colcon.colcon_core.shell:Creating package descriptor '/home/humble/ros2_ws/install/linorobot2_viz/share/linorobot2_viz/package.dsv'
[0.692s] INFO:colcon.colcon_core.shell:Creating package script '/home/humble/ros2_ws/install/linorobot2_viz/share/linorobot2_viz/package.sh'
[0.692s] INFO:colcon.colcon_core.shell:Creating package script '/home/humble/ros2_ws/install/linorobot2_viz/share/linorobot2_viz/package.bash'
[0.693s] INFO:colcon.colcon_core.shell:Creating package script '/home/humble/ros2_ws/install/linorobot2_viz/share/linorobot2_viz/package.zsh'
[0.693s] Level 1:colcon.colcon_core.environment:create_file_with_runtime_dependencies(/home/humble/ros2_ws/install/linorobot2_viz/share/colcon-core/packages/linorobot2_viz)
[0.896s] DEBUG:colcon.colcon_core.event_handler.log_command:Invoking command in '/home/humble/ros2_ws/src/py_pub_sub': PYTHONPATH=/home/humble/ros2_ws/build/py_pub_sub/prefix_override:/usr/lib/python3/dist-packages/colcon_core/task/python/colcon_distutils_commands:/home/humble/ros2_ws/install/py_pub_sub/lib/python3.10/site-packages:${PYTHONPATH} /usr/bin/python3 -W ignore:setup.py install is deprecated -W ignore:easy_install command is deprecated setup.py egg_info --egg-base ../../build/py_pub_sub build --build-base /home/humble/ros2_ws/build/py_pub_sub/build install --record /home/humble/ros2_ws/build/py_pub_sub/install.log --single-version-externally-managed install_data
[1.080s] Level 1:colcon.colcon_core.environment:checking '/home/humble/ros2_ws/install/py_pub_sub' for CMake module files
[1.081s] Level 1:colcon.colcon_core.environment:checking '/home/humble/ros2_ws/install/py_pub_sub' for CMake config files
[1.081s] DEBUG:colcon.colcon_core.event_handler.log_command:Invoked command in '/home/humble/ros2_ws/src/py_pub_sub' returned '0': PYTHONPATH=/home/humble/ros2_ws/build/py_pub_sub/prefix_override:/usr/lib/python3/dist-packages/colcon_core/task/python/colcon_distutils_commands:/home/humble/ros2_ws/install/py_pub_sub/lib/python3.10/site-packages:${PYTHONPATH} /usr/bin/python3 -W ignore:setup.py install is deprecated -W ignore:easy_install command is deprecated setup.py egg_info --egg-base ../../build/py_pub_sub build --build-base /home/humble/ros2_ws/build/py_pub_sub/build install --record /home/humble/ros2_ws/build/py_pub_sub/install.log --single-version-externally-managed install_data
[1.082s] Level 1:colcon.colcon_core.environment:checking '/home/humble/ros2_ws/install/py_pub_sub/lib'
[1.082s] Level 1:colcon.colcon_core.environment:checking '/home/humble/ros2_ws/install/py_pub_sub/bin'
[1.082s] Level 1:colcon.colcon_core.environment:checking '/home/humble/ros2_ws/install/py_pub_sub/lib/pkgconfig/py_pub_sub.pc'
[1.082s] Level 1:colcon.colcon_core.environment:checking '/home/humble/ros2_ws/install/py_pub_sub/lib/python3.10/site-packages'
[1.082s] Level 1:colcon.colcon_core.shell:create_environment_hook('py_pub_sub', 'pythonpath')
[1.082s] INFO:colcon.colcon_core.shell:Creating environment hook '/home/humble/ros2_ws/install/py_pub_sub/share/py_pub_sub/hook/pythonpath.ps1'
[1.083s] INFO:colcon.colcon_core.shell:Creating environment descriptor '/home/humble/ros2_ws/install/py_pub_sub/share/py_pub_sub/hook/pythonpath.dsv'
[1.083s] INFO:colcon.colcon_core.shell:Creating environment hook '/home/humble/ros2_ws/install/py_pub_sub/share/py_pub_sub/hook/pythonpath.sh'
[1.084s] Level 1:colcon.colcon_core.environment:checking '/home/humble/ros2_ws/install/py_pub_sub/bin'
[1.084s] Level 1:colcon.colcon_core.environment:create_environment_scripts_only(py_pub_sub)
[1.084s] INFO:colcon.colcon_core.shell:Creating package script '/home/humble/ros2_ws/install/py_pub_sub/share/py_pub_sub/package.ps1'
[1.084s] INFO:colcon.colcon_core.shell:Creating package descriptor '/home/humble/ros2_ws/install/py_pub_sub/share/py_pub_sub/package.dsv'
[1.085s] INFO:colcon.colcon_core.shell:Creating package script '/home/humble/ros2_ws/install/py_pub_sub/share/py_pub_sub/package.sh'
[1.085s] INFO:colcon.colcon_core.shell:Creating package script '/home/humble/ros2_ws/install/py_pub_sub/share/py_pub_sub/package.bash'
[1.085s] INFO:colcon.colcon_core.shell:Creating package script '/home/humble/ros2_ws/install/py_pub_sub/share/py_pub_sub/package.zsh'
[1.086s] Level 1:colcon.colcon_core.environment:create_file_with_runtime_dependencies(/home/humble/ros2_ws/install/py_pub_sub/share/colcon-core/packages/py_pub_sub)
[1.086s] DEBUG:colcon.colcon_parallel_executor.executor.parallel:closing loop
[1.086s] DEBUG:colcon.colcon_parallel_executor.executor.parallel:loop closed
[1.086s] DEBUG:colcon.colcon_parallel_executor.executor.parallel:run_until_complete finished with '0'
[1.087s] DEBUG:colcon.colcon_core.event_reactor:joining thread
[1.091s] INFO:colcon.colcon_core.plugin_system:Skipping extension 'colcon_notification.desktop_notification.terminal_notifier': Not used on non-Darwin systems
[1.091s] INFO:colcon.colcon_core.plugin_system:Skipping extension 'colcon_notification.desktop_notification.win32': Not used on non-Windows systems
[1.091s] INFO:colcon.colcon_notification.desktop_notification:Sending desktop notification using 'notify2'
[1.102s] DEBUG:colcon.colcon_core.event_reactor:joined thread
[1.102s] INFO:colcon.colcon_core.shell:Creating prefix script '/home/humble/ros2_ws/install/local_setup.ps1'
[1.103s] INFO:colcon.colcon_core.shell:Creating prefix util module '/home/humble/ros2_ws/install/_local_setup_util_ps1.py'
[1.104s] INFO:colcon.colcon_core.shell:Creating prefix chain script '/home/humble/ros2_ws/install/setup.ps1'
[1.105s] INFO:colcon.colcon_core.shell:Creating prefix script '/home/humble/ros2_ws/install/local_setup.sh'
[1.105s] INFO:colcon.colcon_core.shell:Creating prefix util module '/home/humble/ros2_ws/install/_local_setup_util_sh.py'
[1.106s] INFO:colcon.colcon_core.shell:Creating prefix chain script '/home/humble/ros2_ws/install/setup.sh'
[1.108s] INFO:colcon.colcon_core.shell:Creating prefix script '/home/humble/ros2_ws/install/local_setup.bash'
[1.109s] INFO:colcon.colcon_core.shell:Creating prefix chain script '/home/humble/ros2_ws/install/setup.bash'
[1.110s] INFO:colcon.colcon_core.shell:Creating prefix script '/home/humble/ros2_ws/install/local_setup.zsh'
[1.111s] INFO:colcon.colcon_core.shell:Creating prefix chain script '/home/humble/ros2_ws/install/setup.zsh'
