/home/humble/ros2_ws/install/py_pub_sub/lib/python3.10/site-packages/py_pub_sub/test_subscriber.py
/home/humble/ros2_ws/install/py_pub_sub/lib/python3.10/site-packages/py_pub_sub/test_publisher.py
/home/humble/ros2_ws/install/py_pub_sub/lib/python3.10/site-packages/py_pub_sub/Start.py
/home/humble/ros2_ws/install/py_pub_sub/lib/python3.10/site-packages/py_pub_sub/Astar.py
/home/humble/ros2_ws/install/py_pub_sub/lib/python3.10/site-packages/py_pub_sub/__init__.py
/home/humble/ros2_ws/install/py_pub_sub/lib/python3.10/site-packages/py_pub_sub/__pycache__/test_subscriber.cpython-310.pyc
/home/humble/ros2_ws/install/py_pub_sub/lib/python3.10/site-packages/py_pub_sub/__pycache__/test_publisher.cpython-310.pyc
/home/humble/ros2_ws/install/py_pub_sub/lib/python3.10/site-packages/py_pub_sub/__pycache__/Start.cpython-310.pyc
/home/humble/ros2_ws/install/py_pub_sub/lib/python3.10/site-packages/py_pub_sub/__pycache__/Astar.cpython-310.pyc
/home/humble/ros2_ws/install/py_pub_sub/lib/python3.10/site-packages/py_pub_sub/__pycache__/__init__.cpython-310.pyc
/home/humble/ros2_ws/install/py_pub_sub/share/ament_index/resource_index/packages/py_pub_sub
/home/humble/ros2_ws/install/py_pub_sub/share/py_pub_sub/package.xml
/home/humble/ros2_ws/install/py_pub_sub/share/py_pub_sub/launch/plan_launch.py
/home/humble/ros2_ws/install/py_pub_sub/lib/python3.10/site-packages/py_pub_sub-0.0.0-py3.10.egg-info/requires.txt
/home/humble/ros2_ws/install/py_pub_sub/lib/python3.10/site-packages/py_pub_sub-0.0.0-py3.10.egg-info/zip-safe
/home/humble/ros2_ws/install/py_pub_sub/lib/python3.10/site-packages/py_pub_sub-0.0.0-py3.10.egg-info/dependency_links.txt
/home/humble/ros2_ws/install/py_pub_sub/lib/python3.10/site-packages/py_pub_sub-0.0.0-py3.10.egg-info/PKG-INFO
/home/humble/ros2_ws/install/py_pub_sub/lib/python3.10/site-packages/py_pub_sub-0.0.0-py3.10.egg-info/entry_points.txt
/home/humble/ros2_ws/install/py_pub_sub/lib/python3.10/site-packages/py_pub_sub-0.0.0-py3.10.egg-info/SOURCES.txt
/home/humble/ros2_ws/install/py_pub_sub/lib/python3.10/site-packages/py_pub_sub-0.0.0-py3.10.egg-info/top_level.txt
/home/humble/ros2_ws/install/py_pub_sub/lib/py_pub_sub/Astar
/home/humble/ros2_ws/install/py_pub_sub/lib/py_pub_sub/Start
/home/humble/ros2_ws/install/py_pub_sub/lib/py_pub_sub/talker
