[0.090s] DEBUG:colcon:Command line arguments: ['/usr/bin/colcon', 'build']
[0.090s] DEBUG:colcon:Parsed command line arguments: Namespace(log_base=None, log_level=None, verb_name='build', build_base='build', install_base='install', merge_install=False, symlink_install=False, test_result_base=None, continue_on_error=False, executor='parallel', parallel_workers=2, event_handlers=None, ignore_user_meta=False, metas=['./colcon.meta'], base_paths=['.'], packages_ignore=None, packages_ignore_regex=None, paths=None, packages_up_to=None, packages_up_to_regex=None, packages_above=None, packages_above_and_dependencies=None, packages_above_depth=None, packages_select_by_dep=None, packages_skip_by_dep=None, packages_skip_up_to=None, packages_select_build_failed=False, packages_skip_build_finished=False, packages_select_test_failures=False, packages_skip_test_passed=False, packages_select=None, packages_skip=None, packages_select_regex=None, packages_skip_regex=None, packages_start=None, packages_end=None, allow_overriding=[], cmake_args=None, cmake_target=None, cmake_target_skip_unavailable=False, cmake_clean_cache=False, cmake_clean_first=False, cmake_force_configure=False, ament_cmake_args=None, catkin_cmake_args=None, catkin_skip_building_tests=False, verb_parser=<colcon_defaults.argument_parser.defaults.DefaultArgumentsDecorator object at 0x7f661859ffd0>, verb_extension=<colcon_core.verb.build.BuildVerb object at 0x7f661859fa60>, main=<bound method BuildVerb.main of <colcon_core.verb.build.BuildVerb object at 0x7f661859fa60>>)
[0.187s] Level 1:colcon.colcon_core.package_discovery:discover_packages(colcon_meta) check parameters
[0.187s] Level 1:colcon.colcon_core.package_discovery:discover_packages(recursive) check parameters
[0.187s] Level 1:colcon.colcon_core.package_discovery:discover_packages(ignore) check parameters
[0.187s] Level 1:colcon.colcon_core.package_discovery:discover_packages(path) check parameters
[0.187s] Level 1:colcon.colcon_core.package_discovery:discover_packages(colcon_meta) discover
[0.187s] Level 1:colcon.colcon_core.package_discovery:discover_packages(recursive) discover
[0.187s] INFO:colcon.colcon_core.package_discovery:Crawling recursively for packages in '/home/humble/ros2_ws'
[0.187s] Level 1:colcon.colcon_core.package_identification:_identify(.) by extensions ['ignore', 'ignore_ament_install']
[0.187s] Level 1:colcon.colcon_core.package_identification:_identify(.) by extension 'ignore'
[0.187s] Level 1:colcon.colcon_core.package_identification:_identify(.) by extension 'ignore_ament_install'
[0.187s] Level 1:colcon.colcon_core.package_identification:_identify(.) by extensions ['colcon_pkg']
[0.187s] Level 1:colcon.colcon_core.package_identification:_identify(.) by extension 'colcon_pkg'
[0.187s] Level 1:colcon.colcon_core.package_identification:_identify(.) by extensions ['colcon_meta']
[0.187s] Level 1:colcon.colcon_core.package_identification:_identify(.) by extension 'colcon_meta'
[0.187s] Level 1:colcon.colcon_core.package_identification:_identify(.) by extensions ['ros']
[0.187s] Level 1:colcon.colcon_core.package_identification:_identify(.) by extension 'ros'
[0.195s] Level 1:colcon.colcon_core.package_identification:_identify(.) by extensions ['cmake', 'python']
[0.195s] Level 1:colcon.colcon_core.package_identification:_identify(.) by extension 'cmake'
[0.195s] Level 1:colcon.colcon_core.package_identification:_identify(.) by extension 'python'
[0.195s] Level 1:colcon.colcon_core.package_identification:_identify(.) by extensions ['python_setup_py']
[0.195s] Level 1:colcon.colcon_core.package_identification:_identify(.) by extension 'python_setup_py'
[0.195s] Level 1:colcon.colcon_core.package_identification:_identify(build) by extensions ['ignore', 'ignore_ament_install']
[0.195s] Level 1:colcon.colcon_core.package_identification:_identify(build) by extension 'ignore'
[0.195s] Level 1:colcon.colcon_core.package_identification:_identify(build) ignored
[0.195s] Level 1:colcon.colcon_core.package_identification:_identify(install) by extensions ['ignore', 'ignore_ament_install']
[0.195s] Level 1:colcon.colcon_core.package_identification:_identify(install) by extension 'ignore'
[0.195s] Level 1:colcon.colcon_core.package_identification:_identify(install) ignored
[0.195s] Level 1:colcon.colcon_core.package_identification:_identify(log) by extensions ['ignore', 'ignore_ament_install']
[0.196s] Level 1:colcon.colcon_core.package_identification:_identify(log) by extension 'ignore'
[0.196s] Level 1:colcon.colcon_core.package_identification:_identify(log) ignored
[0.196s] Level 1:colcon.colcon_core.package_identification:_identify(src) by extensions ['ignore', 'ignore_ament_install']
[0.196s] Level 1:colcon.colcon_core.package_identification:_identify(src) by extension 'ignore'
[0.196s] Level 1:colcon.colcon_core.package_identification:_identify(src) by extension 'ignore_ament_install'
[0.196s] Level 1:colcon.colcon_core.package_identification:_identify(src) by extensions ['colcon_pkg']
[0.196s] Level 1:colcon.colcon_core.package_identification:_identify(src) by extension 'colcon_pkg'
[0.196s] Level 1:colcon.colcon_core.package_identification:_identify(src) by extensions ['colcon_meta']
[0.196s] Level 1:colcon.colcon_core.package_identification:_identify(src) by extension 'colcon_meta'
[0.196s] Level 1:colcon.colcon_core.package_identification:_identify(src) by extensions ['ros']
[0.196s] Level 1:colcon.colcon_core.package_identification:_identify(src) by extension 'ros'
[0.196s] Level 1:colcon.colcon_core.package_identification:_identify(src) by extensions ['cmake', 'python']
[0.196s] Level 1:colcon.colcon_core.package_identification:_identify(src) by extension 'cmake'
[0.196s] Level 1:colcon.colcon_core.package_identification:_identify(src) by extension 'python'
[0.196s] Level 1:colcon.colcon_core.package_identification:_identify(src) by extensions ['python_setup_py']
[0.196s] Level 1:colcon.colcon_core.package_identification:_identify(src) by extension 'python_setup_py'
[0.196s] Level 1:colcon.colcon_core.package_identification:_identify(src/firebase_bridge) by extensions ['ignore', 'ignore_ament_install']
[0.196s] Level 1:colcon.colcon_core.package_identification:_identify(src/firebase_bridge) by extension 'ignore'
[0.196s] Level 1:colcon.colcon_core.package_identification:_identify(src/firebase_bridge) by extension 'ignore_ament_install'
[0.196s] Level 1:colcon.colcon_core.package_identification:_identify(src/firebase_bridge) by extensions ['colcon_pkg']
[0.196s] Level 1:colcon.colcon_core.package_identification:_identify(src/firebase_bridge) by extension 'colcon_pkg'
[0.196s] Level 1:colcon.colcon_core.package_identification:_identify(src/firebase_bridge) by extensions ['colcon_meta']
[0.196s] Level 1:colcon.colcon_core.package_identification:_identify(src/firebase_bridge) by extension 'colcon_meta'
[0.196s] Level 1:colcon.colcon_core.package_identification:_identify(src/firebase_bridge) by extensions ['ros']
[0.196s] Level 1:colcon.colcon_core.package_identification:_identify(src/firebase_bridge) by extension 'ros'
[0.198s] DEBUG:colcon.colcon_core.package_identification:Package 'src/firebase_bridge' with type 'ros.ament_python' and name 'firebase_bridge'
[0.198s] Level 1:colcon.colcon_core.package_identification:_identify(src/linorobot2) by extensions ['ignore', 'ignore_ament_install']
[0.198s] Level 1:colcon.colcon_core.package_identification:_identify(src/linorobot2) by extension 'ignore'
[0.198s] Level 1:colcon.colcon_core.package_identification:_identify(src/linorobot2) by extension 'ignore_ament_install'
[0.198s] Level 1:colcon.colcon_core.package_identification:_identify(src/linorobot2) by extensions ['colcon_pkg']
[0.198s] Level 1:colcon.colcon_core.package_identification:_identify(src/linorobot2) by extension 'colcon_pkg'
[0.198s] Level 1:colcon.colcon_core.package_identification:_identify(src/linorobot2) by extensions ['colcon_meta']
[0.198s] Level 1:colcon.colcon_core.package_identification:_identify(src/linorobot2) by extension 'colcon_meta'
[0.198s] Level 1:colcon.colcon_core.package_identification:_identify(src/linorobot2) by extensions ['ros']
[0.198s] Level 1:colcon.colcon_core.package_identification:_identify(src/linorobot2) by extension 'ros'
[0.198s] Level 1:colcon.colcon_core.package_identification:_identify(src/linorobot2) by extensions ['cmake', 'python']
[0.198s] Level 1:colcon.colcon_core.package_identification:_identify(src/linorobot2) by extension 'cmake'
[0.198s] Level 1:colcon.colcon_core.package_identification:_identify(src/linorobot2) by extension 'python'
[0.198s] Level 1:colcon.colcon_core.package_identification:_identify(src/linorobot2) by extensions ['python_setup_py']
[0.198s] Level 1:colcon.colcon_core.package_identification:_identify(src/linorobot2) by extension 'python_setup_py'
[0.199s] Level 1:colcon.colcon_core.package_identification:_identify(src/linorobot2/docker) by extensions ['ignore', 'ignore_ament_install']
[0.199s] Level 1:colcon.colcon_core.package_identification:_identify(src/linorobot2/docker) by extension 'ignore'
[0.199s] Level 1:colcon.colcon_core.package_identification:_identify(src/linorobot2/docker) by extension 'ignore_ament_install'
[0.199s] Level 1:colcon.colcon_core.package_identification:_identify(src/linorobot2/docker) by extensions ['colcon_pkg']
[0.199s] Level 1:colcon.colcon_core.package_identification:_identify(src/linorobot2/docker) by extension 'colcon_pkg'
[0.199s] Level 1:colcon.colcon_core.package_identification:_identify(src/linorobot2/docker) by extensions ['colcon_meta']
[0.199s] Level 1:colcon.colcon_core.package_identification:_identify(src/linorobot2/docker) by extension 'colcon_meta'
[0.199s] Level 1:colcon.colcon_core.package_identification:_identify(src/linorobot2/docker) by extensions ['ros']
[0.199s] Level 1:colcon.colcon_core.package_identification:_identify(src/linorobot2/docker) by extension 'ros'
[0.199s] Level 1:colcon.colcon_core.package_identification:_identify(src/linorobot2/docker) by extensions ['cmake', 'python']
[0.199s] Level 1:colcon.colcon_core.package_identification:_identify(src/linorobot2/docker) by extension 'cmake'
[0.199s] Level 1:colcon.colcon_core.package_identification:_identify(src/linorobot2/docker) by extension 'python'
[0.199s] Level 1:colcon.colcon_core.package_identification:_identify(src/linorobot2/docker) by extensions ['python_setup_py']
[0.199s] Level 1:colcon.colcon_core.package_identification:_identify(src/linorobot2/docker) by extension 'python_setup_py'
[0.199s] Level 1:colcon.colcon_core.package_identification:_identify(src/linorobot2/docs) by extensions ['ignore', 'ignore_ament_install']
[0.199s] Level 1:colcon.colcon_core.package_identification:_identify(src/linorobot2/docs) by extension 'ignore'
[0.199s] Level 1:colcon.colcon_core.package_identification:_identify(src/linorobot2/docs) by extension 'ignore_ament_install'
[0.199s] Level 1:colcon.colcon_core.package_identification:_identify(src/linorobot2/docs) by extensions ['colcon_pkg']
[0.199s] Level 1:colcon.colcon_core.package_identification:_identify(src/linorobot2/docs) by extension 'colcon_pkg'
[0.199s] Level 1:colcon.colcon_core.package_identification:_identify(src/linorobot2/docs) by extensions ['colcon_meta']
[0.199s] Level 1:colcon.colcon_core.package_identification:_identify(src/linorobot2/docs) by extension 'colcon_meta'
[0.199s] Level 1:colcon.colcon_core.package_identification:_identify(src/linorobot2/docs) by extensions ['ros']
[0.199s] Level 1:colcon.colcon_core.package_identification:_identify(src/linorobot2/docs) by extension 'ros'
[0.199s] Level 1:colcon.colcon_core.package_identification:_identify(src/linorobot2/docs) by extensions ['cmake', 'python']
[0.199s] Level 1:colcon.colcon_core.package_identification:_identify(src/linorobot2/docs) by extension 'cmake'
[0.199s] Level 1:colcon.colcon_core.package_identification:_identify(src/linorobot2/docs) by extension 'python'
[0.199s] Level 1:colcon.colcon_core.package_identification:_identify(src/linorobot2/docs) by extensions ['python_setup_py']
[0.199s] Level 1:colcon.colcon_core.package_identification:_identify(src/linorobot2/docs) by extension 'python_setup_py'
[0.199s] Level 1:colcon.colcon_core.package_identification:_identify(src/linorobot2/linorobot2) by extensions ['ignore', 'ignore_ament_install']
[0.199s] Level 1:colcon.colcon_core.package_identification:_identify(src/linorobot2/linorobot2) by extension 'ignore'
[0.199s] Level 1:colcon.colcon_core.package_identification:_identify(src/linorobot2/linorobot2) by extension 'ignore_ament_install'
[0.199s] Level 1:colcon.colcon_core.package_identification:_identify(src/linorobot2/linorobot2) by extensions ['colcon_pkg']
[0.199s] Level 1:colcon.colcon_core.package_identification:_identify(src/linorobot2/linorobot2) by extension 'colcon_pkg'
[0.199s] Level 1:colcon.colcon_core.package_identification:_identify(src/linorobot2/linorobot2) by extensions ['colcon_meta']
[0.199s] Level 1:colcon.colcon_core.package_identification:_identify(src/linorobot2/linorobot2) by extension 'colcon_meta'
[0.199s] Level 1:colcon.colcon_core.package_identification:_identify(src/linorobot2/linorobot2) by extensions ['ros']
[0.199s] Level 1:colcon.colcon_core.package_identification:_identify(src/linorobot2/linorobot2) by extension 'ros'
[0.200s] DEBUG:colcon.colcon_core.package_identification:Package 'src/linorobot2/linorobot2' with type 'ros.ament_cmake' and name 'linorobot2'
[0.200s] Level 1:colcon.colcon_core.package_identification:_identify(src/linorobot2/linorobot2_base) by extensions ['ignore', 'ignore_ament_install']
[0.200s] Level 1:colcon.colcon_core.package_identification:_identify(src/linorobot2/linorobot2_base) by extension 'ignore'
[0.200s] Level 1:colcon.colcon_core.package_identification:_identify(src/linorobot2/linorobot2_base) by extension 'ignore_ament_install'
[0.200s] Level 1:colcon.colcon_core.package_identification:_identify(src/linorobot2/linorobot2_base) by extensions ['colcon_pkg']
[0.200s] Level 1:colcon.colcon_core.package_identification:_identify(src/linorobot2/linorobot2_base) by extension 'colcon_pkg'
[0.200s] Level 1:colcon.colcon_core.package_identification:_identify(src/linorobot2/linorobot2_base) by extensions ['colcon_meta']
[0.200s] Level 1:colcon.colcon_core.package_identification:_identify(src/linorobot2/linorobot2_base) by extension 'colcon_meta'
[0.200s] Level 1:colcon.colcon_core.package_identification:_identify(src/linorobot2/linorobot2_base) by extensions ['ros']
[0.200s] Level 1:colcon.colcon_core.package_identification:_identify(src/linorobot2/linorobot2_base) by extension 'ros'
[0.200s] DEBUG:colcon.colcon_core.package_identification:Package 'src/linorobot2/linorobot2_base' with type 'ros.ament_cmake' and name 'linorobot2_base'
[0.200s] Level 1:colcon.colcon_core.package_identification:_identify(src/linorobot2/linorobot2_bringup) by extensions ['ignore', 'ignore_ament_install']
[0.200s] Level 1:colcon.colcon_core.package_identification:_identify(src/linorobot2/linorobot2_bringup) by extension 'ignore'
[0.200s] Level 1:colcon.colcon_core.package_identification:_identify(src/linorobot2/linorobot2_bringup) by extension 'ignore_ament_install'
[0.200s] Level 1:colcon.colcon_core.package_identification:_identify(src/linorobot2/linorobot2_bringup) by extensions ['colcon_pkg']
[0.200s] Level 1:colcon.colcon_core.package_identification:_identify(src/linorobot2/linorobot2_bringup) by extension 'colcon_pkg'
[0.201s] Level 1:colcon.colcon_core.package_identification:_identify(src/linorobot2/linorobot2_bringup) by extensions ['colcon_meta']
[0.201s] Level 1:colcon.colcon_core.package_identification:_identify(src/linorobot2/linorobot2_bringup) by extension 'colcon_meta'
[0.201s] Level 1:colcon.colcon_core.package_identification:_identify(src/linorobot2/linorobot2_bringup) by extensions ['ros']
[0.201s] Level 1:colcon.colcon_core.package_identification:_identify(src/linorobot2/linorobot2_bringup) by extension 'ros'
[0.201s] DEBUG:colcon.colcon_core.package_identification:Package 'src/linorobot2/linorobot2_bringup' with type 'ros.ament_cmake' and name 'linorobot2_bringup'
[0.201s] Level 1:colcon.colcon_core.package_identification:_identify(src/linorobot2/linorobot2_description) by extensions ['ignore', 'ignore_ament_install']
[0.201s] Level 1:colcon.colcon_core.package_identification:_identify(src/linorobot2/linorobot2_description) by extension 'ignore'
[0.201s] Level 1:colcon.colcon_core.package_identification:_identify(src/linorobot2/linorobot2_description) by extension 'ignore_ament_install'
[0.201s] Level 1:colcon.colcon_core.package_identification:_identify(src/linorobot2/linorobot2_description) by extensions ['colcon_pkg']
[0.201s] Level 1:colcon.colcon_core.package_identification:_identify(src/linorobot2/linorobot2_description) by extension 'colcon_pkg'
[0.201s] Level 1:colcon.colcon_core.package_identification:_identify(src/linorobot2/linorobot2_description) by extensions ['colcon_meta']
[0.201s] Level 1:colcon.colcon_core.package_identification:_identify(src/linorobot2/linorobot2_description) by extension 'colcon_meta'
[0.201s] Level 1:colcon.colcon_core.package_identification:_identify(src/linorobot2/linorobot2_description) by extensions ['ros']
[0.201s] Level 1:colcon.colcon_core.package_identification:_identify(src/linorobot2/linorobot2_description) by extension 'ros'
[0.202s] DEBUG:colcon.colcon_core.package_identification:Package 'src/linorobot2/linorobot2_description' with type 'ros.ament_cmake' and name 'linorobot2_description'
[0.202s] Level 1:colcon.colcon_core.package_identification:_identify(src/linorobot2/linorobot2_gazebo) by extensions ['ignore', 'ignore_ament_install']
[0.202s] Level 1:colcon.colcon_core.package_identification:_identify(src/linorobot2/linorobot2_gazebo) by extension 'ignore'
[0.202s] Level 1:colcon.colcon_core.package_identification:_identify(src/linorobot2/linorobot2_gazebo) by extension 'ignore_ament_install'
[0.202s] Level 1:colcon.colcon_core.package_identification:_identify(src/linorobot2/linorobot2_gazebo) by extensions ['colcon_pkg']
[0.202s] Level 1:colcon.colcon_core.package_identification:_identify(src/linorobot2/linorobot2_gazebo) by extension 'colcon_pkg'
[0.202s] Level 1:colcon.colcon_core.package_identification:_identify(src/linorobot2/linorobot2_gazebo) by extensions ['colcon_meta']
[0.202s] Level 1:colcon.colcon_core.package_identification:_identify(src/linorobot2/linorobot2_gazebo) by extension 'colcon_meta'
[0.202s] Level 1:colcon.colcon_core.package_identification:_identify(src/linorobot2/linorobot2_gazebo) by extensions ['ros']
[0.202s] Level 1:colcon.colcon_core.package_identification:_identify(src/linorobot2/linorobot2_gazebo) by extension 'ros'
[0.202s] DEBUG:colcon.colcon_core.package_identification:Package 'src/linorobot2/linorobot2_gazebo' with type 'ros.ament_cmake' and name 'linorobot2_gazebo'
[0.203s] Level 1:colcon.colcon_core.package_identification:_identify(src/linorobot2/linorobot2_navigation) by extensions ['ignore', 'ignore_ament_install']
[0.203s] Level 1:colcon.colcon_core.package_identification:_identify(src/linorobot2/linorobot2_navigation) by extension 'ignore'
[0.203s] Level 1:colcon.colcon_core.package_identification:_identify(src/linorobot2/linorobot2_navigation) by extension 'ignore_ament_install'
[0.203s] Level 1:colcon.colcon_core.package_identification:_identify(src/linorobot2/linorobot2_navigation) by extensions ['colcon_pkg']
[0.203s] Level 1:colcon.colcon_core.package_identification:_identify(src/linorobot2/linorobot2_navigation) by extension 'colcon_pkg'
[0.203s] Level 1:colcon.colcon_core.package_identification:_identify(src/linorobot2/linorobot2_navigation) by extensions ['colcon_meta']
[0.203s] Level 1:colcon.colcon_core.package_identification:_identify(src/linorobot2/linorobot2_navigation) by extension 'colcon_meta'
[0.203s] Level 1:colcon.colcon_core.package_identification:_identify(src/linorobot2/linorobot2_navigation) by extensions ['ros']
[0.203s] Level 1:colcon.colcon_core.package_identification:_identify(src/linorobot2/linorobot2_navigation) by extension 'ros'
[0.203s] DEBUG:colcon.colcon_core.package_identification:Package 'src/linorobot2/linorobot2_navigation' with type 'ros.ament_cmake' and name 'linorobot2_navigation'
[0.203s] Level 1:colcon.colcon_core.package_identification:_identify(src/linorobot2_viz) by extensions ['ignore', 'ignore_ament_install']
[0.203s] Level 1:colcon.colcon_core.package_identification:_identify(src/linorobot2_viz) by extension 'ignore'
[0.203s] Level 1:colcon.colcon_core.package_identification:_identify(src/linorobot2_viz) by extension 'ignore_ament_install'
[0.203s] Level 1:colcon.colcon_core.package_identification:_identify(src/linorobot2_viz) by extensions ['colcon_pkg']
[0.203s] Level 1:colcon.colcon_core.package_identification:_identify(src/linorobot2_viz) by extension 'colcon_pkg'
[0.203s] Level 1:colcon.colcon_core.package_identification:_identify(src/linorobot2_viz) by extensions ['colcon_meta']
[0.203s] Level 1:colcon.colcon_core.package_identification:_identify(src/linorobot2_viz) by extension 'colcon_meta'
[0.203s] Level 1:colcon.colcon_core.package_identification:_identify(src/linorobot2_viz) by extensions ['ros']
[0.203s] Level 1:colcon.colcon_core.package_identification:_identify(src/linorobot2_viz) by extension 'ros'
[0.204s] DEBUG:colcon.colcon_core.package_identification:Package 'src/linorobot2_viz' with type 'ros.ament_cmake' and name 'linorobot2_viz'
[0.204s] Level 1:colcon.colcon_core.package_identification:_identify(src/py_pub_sub) by extensions ['ignore', 'ignore_ament_install']
[0.204s] Level 1:colcon.colcon_core.package_identification:_identify(src/py_pub_sub) by extension 'ignore'
[0.204s] Level 1:colcon.colcon_core.package_identification:_identify(src/py_pub_sub) by extension 'ignore_ament_install'
[0.204s] Level 1:colcon.colcon_core.package_identification:_identify(src/py_pub_sub) by extensions ['colcon_pkg']
[0.204s] Level 1:colcon.colcon_core.package_identification:_identify(src/py_pub_sub) by extension 'colcon_pkg'
[0.204s] Level 1:colcon.colcon_core.package_identification:_identify(src/py_pub_sub) by extensions ['colcon_meta']
[0.204s] Level 1:colcon.colcon_core.package_identification:_identify(src/py_pub_sub) by extension 'colcon_meta'
[0.204s] Level 1:colcon.colcon_core.package_identification:_identify(src/py_pub_sub) by extensions ['ros']
[0.204s] Level 1:colcon.colcon_core.package_identification:_identify(src/py_pub_sub) by extension 'ros'
[0.204s] DEBUG:colcon.colcon_core.package_identification:Package 'src/py_pub_sub' with type 'ros.ament_python' and name 'py_pub_sub'
[0.204s] Level 1:colcon.colcon_core.package_discovery:discover_packages(recursive) using defaults
[0.205s] Level 1:colcon.colcon_core.package_discovery:discover_packages(ignore) discover
[0.205s] Level 1:colcon.colcon_core.package_discovery:discover_packages(ignore) using defaults
[0.205s] Level 1:colcon.colcon_core.package_discovery:discover_packages(path) discover
[0.205s] Level 1:colcon.colcon_core.package_discovery:discover_packages(path) using defaults
[0.227s] Level 1:colcon.colcon_core.package_discovery:discover_packages(prefix_path) check parameters
[0.227s] Level 1:colcon.colcon_core.package_discovery:discover_packages(prefix_path) discover
[0.229s] DEBUG:colcon.colcon_installed_package_information.package_discovery:Found 9 installed packages in /home/humble/ros2_ws/install
[0.229s] DEBUG:colcon.colcon_installed_package_information.package_discovery:Found 315 installed packages in /opt/ros/humble
[0.230s] Level 1:colcon.colcon_core.package_discovery:discover_packages(prefix_path) using defaults
[0.254s] Level 5:colcon.colcon_core.verb:set package 'firebase_bridge' build argument 'cmake_args' from command line to 'None'
[0.254s] Level 5:colcon.colcon_core.verb:set package 'firebase_bridge' build argument 'cmake_target' from command line to 'None'
[0.254s] Level 5:colcon.colcon_core.verb:set package 'firebase_bridge' build argument 'cmake_target_skip_unavailable' from command line to 'False'
[0.254s] Level 5:colcon.colcon_core.verb:set package 'firebase_bridge' build argument 'cmake_clean_cache' from command line to 'False'
[0.254s] Level 5:colcon.colcon_core.verb:set package 'firebase_bridge' build argument 'cmake_clean_first' from command line to 'False'
[0.254s] Level 5:colcon.colcon_core.verb:set package 'firebase_bridge' build argument 'cmake_force_configure' from command line to 'False'
[0.254s] Level 5:colcon.colcon_core.verb:set package 'firebase_bridge' build argument 'ament_cmake_args' from command line to 'None'
[0.254s] Level 5:colcon.colcon_core.verb:set package 'firebase_bridge' build argument 'catkin_cmake_args' from command line to 'None'
[0.254s] Level 5:colcon.colcon_core.verb:set package 'firebase_bridge' build argument 'catkin_skip_building_tests' from command line to 'False'
[0.254s] DEBUG:colcon.colcon_core.verb:Building package 'firebase_bridge' with the following arguments: {'ament_cmake_args': None, 'build_base': '/home/humble/ros2_ws/build/firebase_bridge', 'catkin_cmake_args': None, 'catkin_skip_building_tests': False, 'cmake_args': None, 'cmake_clean_cache': False, 'cmake_clean_first': False, 'cmake_force_configure': False, 'cmake_target': None, 'cmake_target_skip_unavailable': False, 'install_base': '/home/humble/ros2_ws/install/firebase_bridge', 'merge_install': False, 'path': '/home/humble/ros2_ws/src/firebase_bridge', 'symlink_install': False, 'test_result_base': None}
[0.255s] Level 5:colcon.colcon_core.verb:set package 'linorobot2' build argument 'cmake_args' from command line to 'None'
[0.255s] Level 5:colcon.colcon_core.verb:set package 'linorobot2' build argument 'cmake_target' from command line to 'None'
[0.255s] Level 5:colcon.colcon_core.verb:set package 'linorobot2' build argument 'cmake_target_skip_unavailable' from command line to 'False'
[0.255s] Level 5:colcon.colcon_core.verb:set package 'linorobot2' build argument 'cmake_clean_cache' from command line to 'False'
[0.255s] Level 5:colcon.colcon_core.verb:set package 'linorobot2' build argument 'cmake_clean_first' from command line to 'False'
[0.255s] Level 5:colcon.colcon_core.verb:set package 'linorobot2' build argument 'cmake_force_configure' from command line to 'False'
[0.255s] Level 5:colcon.colcon_core.verb:set package 'linorobot2' build argument 'ament_cmake_args' from command line to 'None'
[0.255s] Level 5:colcon.colcon_core.verb:set package 'linorobot2' build argument 'catkin_cmake_args' from command line to 'None'
[0.255s] Level 5:colcon.colcon_core.verb:set package 'linorobot2' build argument 'catkin_skip_building_tests' from command line to 'False'
[0.255s] DEBUG:colcon.colcon_core.verb:Building package 'linorobot2' with the following arguments: {'ament_cmake_args': None, 'build_base': '/home/humble/ros2_ws/build/linorobot2', 'catkin_cmake_args': None, 'catkin_skip_building_tests': False, 'cmake_args': None, 'cmake_clean_cache': False, 'cmake_clean_first': False, 'cmake_force_configure': False, 'cmake_target': None, 'cmake_target_skip_unavailable': False, 'install_base': '/home/humble/ros2_ws/install/linorobot2', 'merge_install': False, 'path': '/home/humble/ros2_ws/src/linorobot2/linorobot2', 'symlink_install': False, 'test_result_base': None}
[0.255s] Level 5:colcon.colcon_core.verb:set package 'linorobot2_base' build argument 'cmake_args' from command line to 'None'
[0.255s] Level 5:colcon.colcon_core.verb:set package 'linorobot2_base' build argument 'cmake_target' from command line to 'None'
[0.255s] Level 5:colcon.colcon_core.verb:set package 'linorobot2_base' build argument 'cmake_target_skip_unavailable' from command line to 'False'
[0.255s] Level 5:colcon.colcon_core.verb:set package 'linorobot2_base' build argument 'cmake_clean_cache' from command line to 'False'
[0.255s] Level 5:colcon.colcon_core.verb:set package 'linorobot2_base' build argument 'cmake_clean_first' from command line to 'False'
[0.255s] Level 5:colcon.colcon_core.verb:set package 'linorobot2_base' build argument 'cmake_force_configure' from command line to 'False'
[0.255s] Level 5:colcon.colcon_core.verb:set package 'linorobot2_base' build argument 'ament_cmake_args' from command line to 'None'
[0.255s] Level 5:colcon.colcon_core.verb:set package 'linorobot2_base' build argument 'catkin_cmake_args' from command line to 'None'
[0.255s] Level 5:colcon.colcon_core.verb:set package 'linorobot2_base' build argument 'catkin_skip_building_tests' from command line to 'False'
[0.255s] DEBUG:colcon.colcon_core.verb:Building package 'linorobot2_base' with the following arguments: {'ament_cmake_args': None, 'build_base': '/home/humble/ros2_ws/build/linorobot2_base', 'catkin_cmake_args': None, 'catkin_skip_building_tests': False, 'cmake_args': None, 'cmake_clean_cache': False, 'cmake_clean_first': False, 'cmake_force_configure': False, 'cmake_target': None, 'cmake_target_skip_unavailable': False, 'install_base': '/home/humble/ros2_ws/install/linorobot2_base', 'merge_install': False, 'path': '/home/humble/ros2_ws/src/linorobot2/linorobot2_base', 'symlink_install': False, 'test_result_base': None}
[0.255s] Level 5:colcon.colcon_core.verb:set package 'linorobot2_bringup' build argument 'cmake_args' from command line to 'None'
[0.255s] Level 5:colcon.colcon_core.verb:set package 'linorobot2_bringup' build argument 'cmake_target' from command line to 'None'
[0.255s] Level 5:colcon.colcon_core.verb:set package 'linorobot2_bringup' build argument 'cmake_target_skip_unavailable' from command line to 'False'
[0.255s] Level 5:colcon.colcon_core.verb:set package 'linorobot2_bringup' build argument 'cmake_clean_cache' from command line to 'False'
[0.255s] Level 5:colcon.colcon_core.verb:set package 'linorobot2_bringup' build argument 'cmake_clean_first' from command line to 'False'
[0.255s] Level 5:colcon.colcon_core.verb:set package 'linorobot2_bringup' build argument 'cmake_force_configure' from command line to 'False'
[0.255s] Level 5:colcon.colcon_core.verb:set package 'linorobot2_bringup' build argument 'ament_cmake_args' from command line to 'None'
[0.255s] Level 5:colcon.colcon_core.verb:set package 'linorobot2_bringup' build argument 'catkin_cmake_args' from command line to 'None'
[0.255s] Level 5:colcon.colcon_core.verb:set package 'linorobot2_bringup' build argument 'catkin_skip_building_tests' from command line to 'False'
[0.255s] DEBUG:colcon.colcon_core.verb:Building package 'linorobot2_bringup' with the following arguments: {'ament_cmake_args': None, 'build_base': '/home/humble/ros2_ws/build/linorobot2_bringup', 'catkin_cmake_args': None, 'catkin_skip_building_tests': False, 'cmake_args': None, 'cmake_clean_cache': False, 'cmake_clean_first': False, 'cmake_force_configure': False, 'cmake_target': None, 'cmake_target_skip_unavailable': False, 'install_base': '/home/humble/ros2_ws/install/linorobot2_bringup', 'merge_install': False, 'path': '/home/humble/ros2_ws/src/linorobot2/linorobot2_bringup', 'symlink_install': False, 'test_result_base': None}
[0.256s] Level 5:colcon.colcon_core.verb:set package 'linorobot2_description' build argument 'cmake_args' from command line to 'None'
[0.256s] Level 5:colcon.colcon_core.verb:set package 'linorobot2_description' build argument 'cmake_target' from command line to 'None'
[0.256s] Level 5:colcon.colcon_core.verb:set package 'linorobot2_description' build argument 'cmake_target_skip_unavailable' from command line to 'False'
[0.256s] Level 5:colcon.colcon_core.verb:set package 'linorobot2_description' build argument 'cmake_clean_cache' from command line to 'False'
[0.256s] Level 5:colcon.colcon_core.verb:set package 'linorobot2_description' build argument 'cmake_clean_first' from command line to 'False'
[0.256s] Level 5:colcon.colcon_core.verb:set package 'linorobot2_description' build argument 'cmake_force_configure' from command line to 'False'
[0.256s] Level 5:colcon.colcon_core.verb:set package 'linorobot2_description' build argument 'ament_cmake_args' from command line to 'None'
[0.256s] Level 5:colcon.colcon_core.verb:set package 'linorobot2_description' build argument 'catkin_cmake_args' from command line to 'None'
[0.256s] Level 5:colcon.colcon_core.verb:set package 'linorobot2_description' build argument 'catkin_skip_building_tests' from command line to 'False'
[0.256s] DEBUG:colcon.colcon_core.verb:Building package 'linorobot2_description' with the following arguments: {'ament_cmake_args': None, 'build_base': '/home/humble/ros2_ws/build/linorobot2_description', 'catkin_cmake_args': None, 'catkin_skip_building_tests': False, 'cmake_args': None, 'cmake_clean_cache': False, 'cmake_clean_first': False, 'cmake_force_configure': False, 'cmake_target': None, 'cmake_target_skip_unavailable': False, 'install_base': '/home/humble/ros2_ws/install/linorobot2_description', 'merge_install': False, 'path': '/home/humble/ros2_ws/src/linorobot2/linorobot2_description', 'symlink_install': False, 'test_result_base': None}
[0.256s] Level 5:colcon.colcon_core.verb:set package 'linorobot2_gazebo' build argument 'cmake_args' from command line to 'None'
[0.256s] Level 5:colcon.colcon_core.verb:set package 'linorobot2_gazebo' build argument 'cmake_target' from command line to 'None'
[0.256s] Level 5:colcon.colcon_core.verb:set package 'linorobot2_gazebo' build argument 'cmake_target_skip_unavailable' from command line to 'False'
[0.256s] Level 5:colcon.colcon_core.verb:set package 'linorobot2_gazebo' build argument 'cmake_clean_cache' from command line to 'False'
[0.256s] Level 5:colcon.colcon_core.verb:set package 'linorobot2_gazebo' build argument 'cmake_clean_first' from command line to 'False'
[0.256s] Level 5:colcon.colcon_core.verb:set package 'linorobot2_gazebo' build argument 'cmake_force_configure' from command line to 'False'
[0.256s] Level 5:colcon.colcon_core.verb:set package 'linorobot2_gazebo' build argument 'ament_cmake_args' from command line to 'None'
[0.256s] Level 5:colcon.colcon_core.verb:set package 'linorobot2_gazebo' build argument 'catkin_cmake_args' from command line to 'None'
[0.256s] Level 5:colcon.colcon_core.verb:set package 'linorobot2_gazebo' build argument 'catkin_skip_building_tests' from command line to 'False'
[0.256s] DEBUG:colcon.colcon_core.verb:Building package 'linorobot2_gazebo' with the following arguments: {'ament_cmake_args': None, 'build_base': '/home/humble/ros2_ws/build/linorobot2_gazebo', 'catkin_cmake_args': None, 'catkin_skip_building_tests': False, 'cmake_args': None, 'cmake_clean_cache': False, 'cmake_clean_first': False, 'cmake_force_configure': False, 'cmake_target': None, 'cmake_target_skip_unavailable': False, 'install_base': '/home/humble/ros2_ws/install/linorobot2_gazebo', 'merge_install': False, 'path': '/home/humble/ros2_ws/src/linorobot2/linorobot2_gazebo', 'symlink_install': False, 'test_result_base': None}
[0.256s] Level 5:colcon.colcon_core.verb:set package 'linorobot2_navigation' build argument 'cmake_args' from command line to 'None'
[0.256s] Level 5:colcon.colcon_core.verb:set package 'linorobot2_navigation' build argument 'cmake_target' from command line to 'None'
[0.256s] Level 5:colcon.colcon_core.verb:set package 'linorobot2_navigation' build argument 'cmake_target_skip_unavailable' from command line to 'False'
[0.256s] Level 5:colcon.colcon_core.verb:set package 'linorobot2_navigation' build argument 'cmake_clean_cache' from command line to 'False'
[0.256s] Level 5:colcon.colcon_core.verb:set package 'linorobot2_navigation' build argument 'cmake_clean_first' from command line to 'False'
[0.256s] Level 5:colcon.colcon_core.verb:set package 'linorobot2_navigation' build argument 'cmake_force_configure' from command line to 'False'
[0.256s] Level 5:colcon.colcon_core.verb:set package 'linorobot2_navigation' build argument 'ament_cmake_args' from command line to 'None'
[0.256s] Level 5:colcon.colcon_core.verb:set package 'linorobot2_navigation' build argument 'catkin_cmake_args' from command line to 'None'
[0.256s] Level 5:colcon.colcon_core.verb:set package 'linorobot2_navigation' build argument 'catkin_skip_building_tests' from command line to 'False'
[0.256s] DEBUG:colcon.colcon_core.verb:Building package 'linorobot2_navigation' with the following arguments: {'ament_cmake_args': None, 'build_base': '/home/humble/ros2_ws/build/linorobot2_navigation', 'catkin_cmake_args': None, 'catkin_skip_building_tests': False, 'cmake_args': None, 'cmake_clean_cache': False, 'cmake_clean_first': False, 'cmake_force_configure': False, 'cmake_target': None, 'cmake_target_skip_unavailable': False, 'install_base': '/home/humble/ros2_ws/install/linorobot2_navigation', 'merge_install': False, 'path': '/home/humble/ros2_ws/src/linorobot2/linorobot2_navigation', 'symlink_install': False, 'test_result_base': None}
[0.256s] Level 5:colcon.colcon_core.verb:set package 'linorobot2_viz' build argument 'cmake_args' from command line to 'None'
[0.256s] Level 5:colcon.colcon_core.verb:set package 'linorobot2_viz' build argument 'cmake_target' from command line to 'None'
[0.256s] Level 5:colcon.colcon_core.verb:set package 'linorobot2_viz' build argument 'cmake_target_skip_unavailable' from command line to 'False'
[0.256s] Level 5:colcon.colcon_core.verb:set package 'linorobot2_viz' build argument 'cmake_clean_cache' from command line to 'False'
[0.256s] Level 5:colcon.colcon_core.verb:set package 'linorobot2_viz' build argument 'cmake_clean_first' from command line to 'False'
[0.256s] Level 5:colcon.colcon_core.verb:set package 'linorobot2_viz' build argument 'cmake_force_configure' from command line to 'False'
[0.256s] Level 5:colcon.colcon_core.verb:set package 'linorobot2_viz' build argument 'ament_cmake_args' from command line to 'None'
[0.256s] Level 5:colcon.colcon_core.verb:set package 'linorobot2_viz' build argument 'catkin_cmake_args' from command line to 'None'
[0.256s] Level 5:colcon.colcon_core.verb:set package 'linorobot2_viz' build argument 'catkin_skip_building_tests' from command line to 'False'
[0.256s] DEBUG:colcon.colcon_core.verb:Building package 'linorobot2_viz' with the following arguments: {'ament_cmake_args': None, 'build_base': '/home/humble/ros2_ws/build/linorobot2_viz', 'catkin_cmake_args': None, 'catkin_skip_building_tests': False, 'cmake_args': None, 'cmake_clean_cache': False, 'cmake_clean_first': False, 'cmake_force_configure': False, 'cmake_target': None, 'cmake_target_skip_unavailable': False, 'install_base': '/home/humble/ros2_ws/install/linorobot2_viz', 'merge_install': False, 'path': '/home/humble/ros2_ws/src/linorobot2_viz', 'symlink_install': False, 'test_result_base': None}
[0.257s] Level 5:colcon.colcon_core.verb:set package 'py_pub_sub' build argument 'cmake_args' from command line to 'None'
[0.257s] Level 5:colcon.colcon_core.verb:set package 'py_pub_sub' build argument 'cmake_target' from command line to 'None'
[0.257s] Level 5:colcon.colcon_core.verb:set package 'py_pub_sub' build argument 'cmake_target_skip_unavailable' from command line to 'False'
[0.257s] Level 5:colcon.colcon_core.verb:set package 'py_pub_sub' build argument 'cmake_clean_cache' from command line to 'False'
[0.257s] Level 5:colcon.colcon_core.verb:set package 'py_pub_sub' build argument 'cmake_clean_first' from command line to 'False'
[0.257s] Level 5:colcon.colcon_core.verb:set package 'py_pub_sub' build argument 'cmake_force_configure' from command line to 'False'
[0.257s] Level 5:colcon.colcon_core.verb:set package 'py_pub_sub' build argument 'ament_cmake_args' from command line to 'None'
[0.257s] Level 5:colcon.colcon_core.verb:set package 'py_pub_sub' build argument 'catkin_cmake_args' from command line to 'None'
[0.257s] Level 5:colcon.colcon_core.verb:set package 'py_pub_sub' build argument 'catkin_skip_building_tests' from command line to 'False'
[0.257s] DEBUG:colcon.colcon_core.verb:Building package 'py_pub_sub' with the following arguments: {'ament_cmake_args': None, 'build_base': '/home/humble/ros2_ws/build/py_pub_sub', 'catkin_cmake_args': None, 'catkin_skip_building_tests': False, 'cmake_args': None, 'cmake_clean_cache': False, 'cmake_clean_first': False, 'cmake_force_configure': False, 'cmake_target': None, 'cmake_target_skip_unavailable': False, 'install_base': '/home/humble/ros2_ws/install/py_pub_sub', 'merge_install': False, 'path': '/home/humble/ros2_ws/src/py_pub_sub', 'symlink_install': False, 'test_result_base': None}
[0.257s] INFO:colcon.colcon_core.executor:Executing jobs using 'parallel' executor
[0.258s] DEBUG:colcon.colcon_parallel_executor.executor.parallel:run_until_complete
[0.258s] INFO:colcon.colcon_ros.task.ament_python.build:Building ROS package in '/home/humble/ros2_ws/src/firebase_bridge' with build type 'ament_python'
[0.258s] Level 1:colcon.colcon_core.shell:create_environment_hook('firebase_bridge', 'ament_prefix_path')
[0.260s] INFO:colcon.colcon_core.plugin_system:Skipping extension 'colcon_core.shell.bat': Not used on non-Windows systems
[0.260s] INFO:colcon.colcon_core.shell:Creating environment hook '/home/humble/ros2_ws/install/firebase_bridge/share/firebase_bridge/hook/ament_prefix_path.ps1'
[0.261s] INFO:colcon.colcon_core.shell:Creating environment descriptor '/home/humble/ros2_ws/install/firebase_bridge/share/firebase_bridge/hook/ament_prefix_path.dsv'
[0.261s] INFO:colcon.colcon_core.shell:Creating environment hook '/home/humble/ros2_ws/install/firebase_bridge/share/firebase_bridge/hook/ament_prefix_path.sh'
[0.262s] INFO:colcon.colcon_core.shell:Skip shell extension 'powershell' for command environment: Not usable outside of PowerShell
[0.262s] DEBUG:colcon.colcon_core.shell:Skip shell extension 'dsv' for command environment
[0.265s] INFO:colcon.colcon_ros.task.ament_cmake.build:Building ROS package in '/home/humble/ros2_ws/src/linorobot2/linorobot2' with build type 'ament_cmake'
[0.265s] INFO:colcon.colcon_cmake.task.cmake.build:Building CMake package in '/home/humble/ros2_ws/src/linorobot2/linorobot2'
[0.265s] INFO:colcon.colcon_core.shell:Skip shell extension 'powershell' for command environment: Not usable outside of PowerShell
[0.265s] DEBUG:colcon.colcon_core.shell:Skip shell extension 'dsv' for command environment
[0.446s] INFO:colcon.colcon_core.task.python.build:Building Python package in '/home/humble/ros2_ws/src/firebase_bridge'
[0.446s] INFO:colcon.colcon_core.shell:Skip shell extension 'powershell' for command environment: Not usable outside of PowerShell
[0.446s] DEBUG:colcon.colcon_core.shell:Skip shell extension 'dsv' for command environment
[0.456s] DEBUG:colcon.colcon_core.event_handler.log_command:Invoking command in '/home/humble/ros2_ws/build/linorobot2': CMAKE_PREFIX_PATH=${CMAKE_PREFIX_PATH}:/home/humble/ros2_ws/install/py_pub_sub:/home/humble/ros2_ws/install/firebase_bridge:/opt/ros/humble /usr/bin/cmake --build /home/humble/ros2_ws/build/linorobot2 -- -j2 -l2
[0.488s] DEBUG:colcon.colcon_core.event_handler.log_command:Invoked command in '/home/humble/ros2_ws/build/linorobot2' returned '0': CMAKE_PREFIX_PATH=${CMAKE_PREFIX_PATH}:/home/humble/ros2_ws/install/py_pub_sub:/home/humble/ros2_ws/install/firebase_bridge:/opt/ros/humble /usr/bin/cmake --build /home/humble/ros2_ws/build/linorobot2 -- -j2 -l2
[0.497s] DEBUG:colcon.colcon_core.event_handler.log_command:Invoking command in '/home/humble/ros2_ws/build/linorobot2': CMAKE_PREFIX_PATH=${CMAKE_PREFIX_PATH}:/home/humble/ros2_ws/install/py_pub_sub:/home/humble/ros2_ws/install/firebase_bridge:/opt/ros/humble /usr/bin/cmake --install /home/humble/ros2_ws/build/linorobot2
[0.503s] Level 1:colcon.colcon_core.environment:create_environment_scripts_only(linorobot2)
[0.504s] Level 1:colcon.colcon_core.environment:checking '/home/humble/ros2_ws/install/linorobot2' for CMake module files
[0.504s] Level 1:colcon.colcon_core.environment:checking '/home/humble/ros2_ws/install/linorobot2' for CMake config files
[0.505s] Level 1:colcon.colcon_core.shell:create_environment_hook('linorobot2', 'cmake_prefix_path')
[0.505s] INFO:colcon.colcon_core.shell:Creating environment hook '/home/humble/ros2_ws/install/linorobot2/share/linorobot2/hook/cmake_prefix_path.ps1'
[0.505s] DEBUG:colcon.colcon_core.event_handler.log_command:Invoked command in '/home/humble/ros2_ws/build/linorobot2' returned '0': CMAKE_PREFIX_PATH=${CMAKE_PREFIX_PATH}:/home/humble/ros2_ws/install/py_pub_sub:/home/humble/ros2_ws/install/firebase_bridge:/opt/ros/humble /usr/bin/cmake --install /home/humble/ros2_ws/build/linorobot2
[0.505s] INFO:colcon.colcon_core.shell:Creating environment descriptor '/home/humble/ros2_ws/install/linorobot2/share/linorobot2/hook/cmake_prefix_path.dsv'
[0.506s] INFO:colcon.colcon_core.shell:Creating environment hook '/home/humble/ros2_ws/install/linorobot2/share/linorobot2/hook/cmake_prefix_path.sh'
[0.507s] Level 1:colcon.colcon_core.environment:checking '/home/humble/ros2_ws/install/linorobot2/bin'
[0.507s] Level 1:colcon.colcon_core.environment:checking '/home/humble/ros2_ws/install/linorobot2/lib/pkgconfig/linorobot2.pc'
[0.507s] Level 1:colcon.colcon_core.environment:checking '/home/humble/ros2_ws/install/linorobot2/lib/python3.10/site-packages'
[0.507s] Level 1:colcon.colcon_core.environment:checking '/home/humble/ros2_ws/install/linorobot2/bin'
[0.507s] INFO:colcon.colcon_core.shell:Creating package script '/home/humble/ros2_ws/install/linorobot2/share/linorobot2/package.ps1'
[0.508s] INFO:colcon.colcon_core.shell:Creating package descriptor '/home/humble/ros2_ws/install/linorobot2/share/linorobot2/package.dsv'
[0.508s] INFO:colcon.colcon_core.shell:Creating package script '/home/humble/ros2_ws/install/linorobot2/share/linorobot2/package.sh'
[0.509s] INFO:colcon.colcon_core.shell:Creating package script '/home/humble/ros2_ws/install/linorobot2/share/linorobot2/package.bash'
[0.510s] INFO:colcon.colcon_core.shell:Creating package script '/home/humble/ros2_ws/install/linorobot2/share/linorobot2/package.zsh'
[0.510s] Level 1:colcon.colcon_core.environment:create_file_with_runtime_dependencies(/home/humble/ros2_ws/install/linorobot2/share/colcon-core/packages/linorobot2)
[0.511s] Level 1:colcon.colcon_core.environment:create_environment_scripts_only(linorobot2)
[0.511s] Level 1:colcon.colcon_core.environment:checking '/home/humble/ros2_ws/install/linorobot2' for CMake module files
[0.511s] Level 1:colcon.colcon_core.environment:checking '/home/humble/ros2_ws/install/linorobot2' for CMake config files
[0.511s] Level 1:colcon.colcon_core.shell:create_environment_hook('linorobot2', 'cmake_prefix_path')
[0.511s] INFO:colcon.colcon_core.shell:Creating environment hook '/home/humble/ros2_ws/install/linorobot2/share/linorobot2/hook/cmake_prefix_path.ps1'
[0.512s] INFO:colcon.colcon_core.shell:Creating environment descriptor '/home/humble/ros2_ws/install/linorobot2/share/linorobot2/hook/cmake_prefix_path.dsv'
[0.512s] INFO:colcon.colcon_core.shell:Creating environment hook '/home/humble/ros2_ws/install/linorobot2/share/linorobot2/hook/cmake_prefix_path.sh'
[0.513s] Level 1:colcon.colcon_core.environment:checking '/home/humble/ros2_ws/install/linorobot2/bin'
[0.513s] Level 1:colcon.colcon_core.environment:checking '/home/humble/ros2_ws/install/linorobot2/lib/pkgconfig/linorobot2.pc'
[0.513s] Level 1:colcon.colcon_core.environment:checking '/home/humble/ros2_ws/install/linorobot2/lib/python3.10/site-packages'
[0.513s] Level 1:colcon.colcon_core.environment:checking '/home/humble/ros2_ws/install/linorobot2/bin'
[0.513s] INFO:colcon.colcon_core.shell:Creating package script '/home/humble/ros2_ws/install/linorobot2/share/linorobot2/package.ps1'
[0.514s] INFO:colcon.colcon_core.shell:Creating package descriptor '/home/humble/ros2_ws/install/linorobot2/share/linorobot2/package.dsv'
[0.514s] INFO:colcon.colcon_core.shell:Creating package script '/home/humble/ros2_ws/install/linorobot2/share/linorobot2/package.sh'
[0.515s] INFO:colcon.colcon_core.shell:Creating package script '/home/humble/ros2_ws/install/linorobot2/share/linorobot2/package.bash'
[0.515s] INFO:colcon.colcon_core.shell:Creating package script '/home/humble/ros2_ws/install/linorobot2/share/linorobot2/package.zsh'
[0.515s] Level 1:colcon.colcon_core.environment:create_file_with_runtime_dependencies(/home/humble/ros2_ws/install/linorobot2/share/colcon-core/packages/linorobot2)
[0.516s] INFO:colcon.colcon_ros.task.ament_cmake.build:Building ROS package in '/home/humble/ros2_ws/src/linorobot2/linorobot2_base' with build type 'ament_cmake'
[0.516s] INFO:colcon.colcon_cmake.task.cmake.build:Building CMake package in '/home/humble/ros2_ws/src/linorobot2/linorobot2_base'
[0.517s] INFO:colcon.colcon_core.shell:Skip shell extension 'powershell' for command environment: Not usable outside of PowerShell
[0.517s] DEBUG:colcon.colcon_core.shell:Skip shell extension 'dsv' for command environment
[0.523s] DEBUG:colcon.colcon_core.event_handler.log_command:Invoking command in '/home/humble/ros2_ws/build/linorobot2_base': CMAKE_PREFIX_PATH=${CMAKE_PREFIX_PATH}:/home/humble/ros2_ws/install/py_pub_sub:/home/humble/ros2_ws/install/firebase_bridge:/opt/ros/humble /usr/bin/cmake --build /home/humble/ros2_ws/build/linorobot2_base -- -j2 -l2
[0.556s] DEBUG:colcon.colcon_core.event_handler.log_command:Invoked command in '/home/humble/ros2_ws/build/linorobot2_base' returned '0': CMAKE_PREFIX_PATH=${CMAKE_PREFIX_PATH}:/home/humble/ros2_ws/install/py_pub_sub:/home/humble/ros2_ws/install/firebase_bridge:/opt/ros/humble /usr/bin/cmake --build /home/humble/ros2_ws/build/linorobot2_base -- -j2 -l2
[0.556s] DEBUG:colcon.colcon_core.event_handler.log_command:Invoking command in '/home/humble/ros2_ws/build/linorobot2_base': CMAKE_PREFIX_PATH=${CMAKE_PREFIX_PATH}:/home/humble/ros2_ws/install/py_pub_sub:/home/humble/ros2_ws/install/firebase_bridge:/opt/ros/humble /usr/bin/cmake --install /home/humble/ros2_ws/build/linorobot2_base
[0.564s] Level 1:colcon.colcon_core.environment:create_environment_scripts_only(linorobot2_base)
[0.564s] Level 1:colcon.colcon_core.environment:checking '/home/humble/ros2_ws/install/linorobot2_base' for CMake module files
[0.565s] Level 1:colcon.colcon_core.environment:checking '/home/humble/ros2_ws/install/linorobot2_base' for CMake config files
[0.565s] Level 1:colcon.colcon_core.shell:create_environment_hook('linorobot2_base', 'cmake_prefix_path')
[0.565s] INFO:colcon.colcon_core.shell:Creating environment hook '/home/humble/ros2_ws/install/linorobot2_base/share/linorobot2_base/hook/cmake_prefix_path.ps1'
[0.566s] INFO:colcon.colcon_core.shell:Creating environment descriptor '/home/humble/ros2_ws/install/linorobot2_base/share/linorobot2_base/hook/cmake_prefix_path.dsv'
[0.566s] DEBUG:colcon.colcon_core.event_handler.log_command:Invoked command in '/home/humble/ros2_ws/build/linorobot2_base' returned '0': CMAKE_PREFIX_PATH=${CMAKE_PREFIX_PATH}:/home/humble/ros2_ws/install/py_pub_sub:/home/humble/ros2_ws/install/firebase_bridge:/opt/ros/humble /usr/bin/cmake --install /home/humble/ros2_ws/build/linorobot2_base
[0.566s] INFO:colcon.colcon_core.shell:Creating environment hook '/home/humble/ros2_ws/install/linorobot2_base/share/linorobot2_base/hook/cmake_prefix_path.sh'
[0.567s] Level 1:colcon.colcon_core.environment:checking '/home/humble/ros2_ws/install/linorobot2_base/bin'
[0.567s] Level 1:colcon.colcon_core.environment:checking '/home/humble/ros2_ws/install/linorobot2_base/lib/pkgconfig/linorobot2_base.pc'
[0.567s] Level 1:colcon.colcon_core.environment:checking '/home/humble/ros2_ws/install/linorobot2_base/lib/python3.10/site-packages'
[0.567s] Level 1:colcon.colcon_core.environment:checking '/home/humble/ros2_ws/install/linorobot2_base/bin'
[0.568s] INFO:colcon.colcon_core.shell:Creating package script '/home/humble/ros2_ws/install/linorobot2_base/share/linorobot2_base/package.ps1'
[0.568s] INFO:colcon.colcon_core.shell:Creating package descriptor '/home/humble/ros2_ws/install/linorobot2_base/share/linorobot2_base/package.dsv'
[0.569s] INFO:colcon.colcon_core.shell:Creating package script '/home/humble/ros2_ws/install/linorobot2_base/share/linorobot2_base/package.sh'
[0.569s] INFO:colcon.colcon_core.shell:Creating package script '/home/humble/ros2_ws/install/linorobot2_base/share/linorobot2_base/package.bash'
[0.569s] INFO:colcon.colcon_core.shell:Creating package script '/home/humble/ros2_ws/install/linorobot2_base/share/linorobot2_base/package.zsh'
[0.569s] Level 1:colcon.colcon_core.environment:create_file_with_runtime_dependencies(/home/humble/ros2_ws/install/linorobot2_base/share/colcon-core/packages/linorobot2_base)
[0.570s] Level 1:colcon.colcon_core.environment:create_environment_scripts_only(linorobot2_base)
[0.570s] Level 1:colcon.colcon_core.environment:checking '/home/humble/ros2_ws/install/linorobot2_base' for CMake module files
[0.570s] Level 1:colcon.colcon_core.environment:checking '/home/humble/ros2_ws/install/linorobot2_base' for CMake config files
[0.570s] Level 1:colcon.colcon_core.shell:create_environment_hook('linorobot2_base', 'cmake_prefix_path')
[0.570s] INFO:colcon.colcon_core.shell:Creating environment hook '/home/humble/ros2_ws/install/linorobot2_base/share/linorobot2_base/hook/cmake_prefix_path.ps1'
[0.571s] INFO:colcon.colcon_core.shell:Creating environment descriptor '/home/humble/ros2_ws/install/linorobot2_base/share/linorobot2_base/hook/cmake_prefix_path.dsv'
[0.571s] INFO:colcon.colcon_core.shell:Creating environment hook '/home/humble/ros2_ws/install/linorobot2_base/share/linorobot2_base/hook/cmake_prefix_path.sh'
[0.571s] Level 1:colcon.colcon_core.environment:checking '/home/humble/ros2_ws/install/linorobot2_base/bin'
[0.572s] Level 1:colcon.colcon_core.environment:checking '/home/humble/ros2_ws/install/linorobot2_base/lib/pkgconfig/linorobot2_base.pc'
[0.572s] Level 1:colcon.colcon_core.environment:checking '/home/humble/ros2_ws/install/linorobot2_base/lib/python3.10/site-packages'
[0.572s] Level 1:colcon.colcon_core.environment:checking '/home/humble/ros2_ws/install/linorobot2_base/bin'
[0.572s] INFO:colcon.colcon_core.shell:Creating package script '/home/humble/ros2_ws/install/linorobot2_base/share/linorobot2_base/package.ps1'
[0.573s] INFO:colcon.colcon_core.shell:Creating package descriptor '/home/humble/ros2_ws/install/linorobot2_base/share/linorobot2_base/package.dsv'
[0.573s] INFO:colcon.colcon_core.shell:Creating package script '/home/humble/ros2_ws/install/linorobot2_base/share/linorobot2_base/package.sh'
[0.574s] INFO:colcon.colcon_core.shell:Creating package script '/home/humble/ros2_ws/install/linorobot2_base/share/linorobot2_base/package.bash'
[0.574s] INFO:colcon.colcon_core.shell:Creating package script '/home/humble/ros2_ws/install/linorobot2_base/share/linorobot2_base/package.zsh'
[0.574s] Level 1:colcon.colcon_core.environment:create_file_with_runtime_dependencies(/home/humble/ros2_ws/install/linorobot2_base/share/colcon-core/packages/linorobot2_base)
[0.575s] INFO:colcon.colcon_ros.task.ament_cmake.build:Building ROS package in '/home/humble/ros2_ws/src/linorobot2/linorobot2_bringup' with build type 'ament_cmake'
[0.575s] INFO:colcon.colcon_cmake.task.cmake.build:Building CMake package in '/home/humble/ros2_ws/src/linorobot2/linorobot2_bringup'
[0.575s] INFO:colcon.colcon_core.shell:Skip shell extension 'powershell' for command environment: Not usable outside of PowerShell
[0.575s] DEBUG:colcon.colcon_core.shell:Skip shell extension 'dsv' for command environment
[0.581s] DEBUG:colcon.colcon_core.event_handler.log_command:Invoking command in '/home/humble/ros2_ws/build/linorobot2_bringup': CMAKE_PREFIX_PATH=${CMAKE_PREFIX_PATH}:/home/humble/ros2_ws/install/py_pub_sub:/home/humble/ros2_ws/install/firebase_bridge:/opt/ros/humble /usr/bin/cmake --build /home/humble/ros2_ws/build/linorobot2_bringup -- -j2 -l2
[0.612s] DEBUG:colcon.colcon_core.event_handler.log_command:Invoked command in '/home/humble/ros2_ws/build/linorobot2_bringup' returned '0': CMAKE_PREFIX_PATH=${CMAKE_PREFIX_PATH}:/home/humble/ros2_ws/install/py_pub_sub:/home/humble/ros2_ws/install/firebase_bridge:/opt/ros/humble /usr/bin/cmake --build /home/humble/ros2_ws/build/linorobot2_bringup -- -j2 -l2
[0.616s] DEBUG:colcon.colcon_core.event_handler.log_command:Invoking command in '/home/humble/ros2_ws/build/linorobot2_bringup': CMAKE_PREFIX_PATH=${CMAKE_PREFIX_PATH}:/home/humble/ros2_ws/install/py_pub_sub:/home/humble/ros2_ws/install/firebase_bridge:/opt/ros/humble /usr/bin/cmake --install /home/humble/ros2_ws/build/linorobot2_bringup
[0.624s] Level 1:colcon.colcon_core.environment:create_environment_scripts_only(linorobot2_bringup)
[0.624s] Level 1:colcon.colcon_core.environment:checking '/home/humble/ros2_ws/install/linorobot2_bringup' for CMake module files
[0.624s] Level 1:colcon.colcon_core.environment:checking '/home/humble/ros2_ws/install/linorobot2_bringup' for CMake config files
[0.624s] Level 1:colcon.colcon_core.shell:create_environment_hook('linorobot2_bringup', 'cmake_prefix_path')
[0.625s] INFO:colcon.colcon_core.shell:Creating environment hook '/home/humble/ros2_ws/install/linorobot2_bringup/share/linorobot2_bringup/hook/cmake_prefix_path.ps1'
[0.625s] INFO:colcon.colcon_core.shell:Creating environment descriptor '/home/humble/ros2_ws/install/linorobot2_bringup/share/linorobot2_bringup/hook/cmake_prefix_path.dsv'
[0.625s] INFO:colcon.colcon_core.shell:Creating environment hook '/home/humble/ros2_ws/install/linorobot2_bringup/share/linorobot2_bringup/hook/cmake_prefix_path.sh'
[0.626s] DEBUG:colcon.colcon_core.event_handler.log_command:Invoked command in '/home/humble/ros2_ws/build/linorobot2_bringup' returned '0': CMAKE_PREFIX_PATH=${CMAKE_PREFIX_PATH}:/home/humble/ros2_ws/install/py_pub_sub:/home/humble/ros2_ws/install/firebase_bridge:/opt/ros/humble /usr/bin/cmake --install /home/humble/ros2_ws/build/linorobot2_bringup
[0.626s] Level 1:colcon.colcon_core.environment:checking '/home/humble/ros2_ws/install/linorobot2_bringup/bin'
[0.626s] Level 1:colcon.colcon_core.environment:checking '/home/humble/ros2_ws/install/linorobot2_bringup/lib/pkgconfig/linorobot2_bringup.pc'
[0.626s] Level 1:colcon.colcon_core.environment:checking '/home/humble/ros2_ws/install/linorobot2_bringup/lib/python3.10/site-packages'
[0.626s] Level 1:colcon.colcon_core.environment:checking '/home/humble/ros2_ws/install/linorobot2_bringup/bin'
[0.627s] INFO:colcon.colcon_core.shell:Creating package script '/home/humble/ros2_ws/install/linorobot2_bringup/share/linorobot2_bringup/package.ps1'
[0.627s] INFO:colcon.colcon_core.shell:Creating package descriptor '/home/humble/ros2_ws/install/linorobot2_bringup/share/linorobot2_bringup/package.dsv'
[0.627s] INFO:colcon.colcon_core.shell:Creating package script '/home/humble/ros2_ws/install/linorobot2_bringup/share/linorobot2_bringup/package.sh'
[0.628s] INFO:colcon.colcon_core.shell:Creating package script '/home/humble/ros2_ws/install/linorobot2_bringup/share/linorobot2_bringup/package.bash'
[0.628s] INFO:colcon.colcon_core.shell:Creating package script '/home/humble/ros2_ws/install/linorobot2_bringup/share/linorobot2_bringup/package.zsh'
[0.629s] Level 1:colcon.colcon_core.environment:create_file_with_runtime_dependencies(/home/humble/ros2_ws/install/linorobot2_bringup/share/colcon-core/packages/linorobot2_bringup)
[0.629s] Level 1:colcon.colcon_core.environment:create_environment_scripts_only(linorobot2_bringup)
[0.629s] Level 1:colcon.colcon_core.environment:checking '/home/humble/ros2_ws/install/linorobot2_bringup' for CMake module files
[0.629s] Level 1:colcon.colcon_core.environment:checking '/home/humble/ros2_ws/install/linorobot2_bringup' for CMake config files
[0.629s] Level 1:colcon.colcon_core.shell:create_environment_hook('linorobot2_bringup', 'cmake_prefix_path')
[0.630s] INFO:colcon.colcon_core.shell:Creating environment hook '/home/humble/ros2_ws/install/linorobot2_bringup/share/linorobot2_bringup/hook/cmake_prefix_path.ps1'
[0.630s] INFO:colcon.colcon_core.shell:Creating environment descriptor '/home/humble/ros2_ws/install/linorobot2_bringup/share/linorobot2_bringup/hook/cmake_prefix_path.dsv'
[0.630s] INFO:colcon.colcon_core.shell:Creating environment hook '/home/humble/ros2_ws/install/linorobot2_bringup/share/linorobot2_bringup/hook/cmake_prefix_path.sh'
[0.631s] Level 1:colcon.colcon_core.environment:checking '/home/humble/ros2_ws/install/linorobot2_bringup/bin'
[0.631s] Level 1:colcon.colcon_core.environment:checking '/home/humble/ros2_ws/install/linorobot2_bringup/lib/pkgconfig/linorobot2_bringup.pc'
[0.631s] Level 1:colcon.colcon_core.environment:checking '/home/humble/ros2_ws/install/linorobot2_bringup/lib/python3.10/site-packages'
[0.631s] Level 1:colcon.colcon_core.environment:checking '/home/humble/ros2_ws/install/linorobot2_bringup/bin'
[0.631s] INFO:colcon.colcon_core.shell:Creating package script '/home/humble/ros2_ws/install/linorobot2_bringup/share/linorobot2_bringup/package.ps1'
[0.631s] INFO:colcon.colcon_core.shell:Creating package descriptor '/home/humble/ros2_ws/install/linorobot2_bringup/share/linorobot2_bringup/package.dsv'
[0.632s] INFO:colcon.colcon_core.shell:Creating package script '/home/humble/ros2_ws/install/linorobot2_bringup/share/linorobot2_bringup/package.sh'
[0.632s] INFO:colcon.colcon_core.shell:Creating package script '/home/humble/ros2_ws/install/linorobot2_bringup/share/linorobot2_bringup/package.bash'
[0.633s] INFO:colcon.colcon_core.shell:Creating package script '/home/humble/ros2_ws/install/linorobot2_bringup/share/linorobot2_bringup/package.zsh'
[0.634s] Level 1:colcon.colcon_core.environment:create_file_with_runtime_dependencies(/home/humble/ros2_ws/install/linorobot2_bringup/share/colcon-core/packages/linorobot2_bringup)
[0.635s] INFO:colcon.colcon_ros.task.ament_cmake.build:Building ROS package in '/home/humble/ros2_ws/src/linorobot2/linorobot2_description' with build type 'ament_cmake'
[0.635s] INFO:colcon.colcon_cmake.task.cmake.build:Building CMake package in '/home/humble/ros2_ws/src/linorobot2/linorobot2_description'
[0.635s] INFO:colcon.colcon_core.shell:Skip shell extension 'powershell' for command environment: Not usable outside of PowerShell
[0.635s] DEBUG:colcon.colcon_core.shell:Skip shell extension 'dsv' for command environment
[0.640s] DEBUG:colcon.colcon_core.event_handler.log_command:Invoking command in '/home/humble/ros2_ws/build/linorobot2_description': CMAKE_PREFIX_PATH=${CMAKE_PREFIX_PATH}:/home/humble/ros2_ws/install/py_pub_sub:/home/humble/ros2_ws/install/firebase_bridge:/opt/ros/humble /usr/bin/cmake --build /home/humble/ros2_ws/build/linorobot2_description -- -j2 -l2
[0.677s] DEBUG:colcon.colcon_core.event_handler.log_command:Invoked command in '/home/humble/ros2_ws/build/linorobot2_description' returned '0': CMAKE_PREFIX_PATH=${CMAKE_PREFIX_PATH}:/home/humble/ros2_ws/install/py_pub_sub:/home/humble/ros2_ws/install/firebase_bridge:/opt/ros/humble /usr/bin/cmake --build /home/humble/ros2_ws/build/linorobot2_description -- -j2 -l2
[0.678s] DEBUG:colcon.colcon_core.event_handler.log_command:Invoking command in '/home/humble/ros2_ws/build/linorobot2_description': CMAKE_PREFIX_PATH=${CMAKE_PREFIX_PATH}:/home/humble/ros2_ws/install/py_pub_sub:/home/humble/ros2_ws/install/firebase_bridge:/opt/ros/humble /usr/bin/cmake --install /home/humble/ros2_ws/build/linorobot2_description
[0.692s] Level 1:colcon.colcon_core.environment:create_environment_scripts_only(linorobot2_description)
[0.692s] Level 1:colcon.colcon_core.environment:checking '/home/humble/ros2_ws/install/linorobot2_description' for CMake module files
[0.693s] Level 1:colcon.colcon_core.environment:checking '/home/humble/ros2_ws/install/linorobot2_description' for CMake config files
[0.693s] Level 1:colcon.colcon_core.shell:create_environment_hook('linorobot2_description', 'cmake_prefix_path')
[0.693s] INFO:colcon.colcon_core.shell:Creating environment hook '/home/humble/ros2_ws/install/linorobot2_description/share/linorobot2_description/hook/cmake_prefix_path.ps1'
[0.694s] INFO:colcon.colcon_core.shell:Creating environment descriptor '/home/humble/ros2_ws/install/linorobot2_description/share/linorobot2_description/hook/cmake_prefix_path.dsv'
[0.694s] DEBUG:colcon.colcon_core.event_handler.log_command:Invoked command in '/home/humble/ros2_ws/build/linorobot2_description' returned '0': CMAKE_PREFIX_PATH=${CMAKE_PREFIX_PATH}:/home/humble/ros2_ws/install/py_pub_sub:/home/humble/ros2_ws/install/firebase_bridge:/opt/ros/humble /usr/bin/cmake --install /home/humble/ros2_ws/build/linorobot2_description
[0.695s] INFO:colcon.colcon_core.shell:Creating environment hook '/home/humble/ros2_ws/install/linorobot2_description/share/linorobot2_description/hook/cmake_prefix_path.sh'
[0.696s] Level 1:colcon.colcon_core.environment:checking '/home/humble/ros2_ws/install/linorobot2_description/bin'
[0.696s] Level 1:colcon.colcon_core.environment:checking '/home/humble/ros2_ws/install/linorobot2_description/lib/pkgconfig/linorobot2_description.pc'
[0.696s] Level 1:colcon.colcon_core.environment:checking '/home/humble/ros2_ws/install/linorobot2_description/lib/python3.10/site-packages'
[0.696s] Level 1:colcon.colcon_core.environment:checking '/home/humble/ros2_ws/install/linorobot2_description/bin'
[0.696s] INFO:colcon.colcon_core.shell:Creating package script '/home/humble/ros2_ws/install/linorobot2_description/share/linorobot2_description/package.ps1'
[0.697s] INFO:colcon.colcon_core.shell:Creating package descriptor '/home/humble/ros2_ws/install/linorobot2_description/share/linorobot2_description/package.dsv'
[0.697s] INFO:colcon.colcon_core.shell:Creating package script '/home/humble/ros2_ws/install/linorobot2_description/share/linorobot2_description/package.sh'
[0.698s] INFO:colcon.colcon_core.shell:Creating package script '/home/humble/ros2_ws/install/linorobot2_description/share/linorobot2_description/package.bash'
[0.698s] INFO:colcon.colcon_core.shell:Creating package script '/home/humble/ros2_ws/install/linorobot2_description/share/linorobot2_description/package.zsh'
[0.699s] Level 1:colcon.colcon_core.environment:create_file_with_runtime_dependencies(/home/humble/ros2_ws/install/linorobot2_description/share/colcon-core/packages/linorobot2_description)
[0.699s] Level 1:colcon.colcon_core.environment:create_environment_scripts_only(linorobot2_description)
[0.699s] Level 1:colcon.colcon_core.environment:checking '/home/humble/ros2_ws/install/linorobot2_description' for CMake module files
[0.700s] Level 1:colcon.colcon_core.environment:checking '/home/humble/ros2_ws/install/linorobot2_description' for CMake config files
[0.700s] Level 1:colcon.colcon_core.shell:create_environment_hook('linorobot2_description', 'cmake_prefix_path')
[0.700s] INFO:colcon.colcon_core.shell:Creating environment hook '/home/humble/ros2_ws/install/linorobot2_description/share/linorobot2_description/hook/cmake_prefix_path.ps1'
[0.701s] INFO:colcon.colcon_core.shell:Creating environment descriptor '/home/humble/ros2_ws/install/linorobot2_description/share/linorobot2_description/hook/cmake_prefix_path.dsv'
[0.701s] INFO:colcon.colcon_core.shell:Creating environment hook '/home/humble/ros2_ws/install/linorobot2_description/share/linorobot2_description/hook/cmake_prefix_path.sh'
[0.702s] Level 1:colcon.colcon_core.environment:checking '/home/humble/ros2_ws/install/linorobot2_description/bin'
[0.702s] Level 1:colcon.colcon_core.environment:checking '/home/humble/ros2_ws/install/linorobot2_description/lib/pkgconfig/linorobot2_description.pc'
[0.702s] Level 1:colcon.colcon_core.environment:checking '/home/humble/ros2_ws/install/linorobot2_description/lib/python3.10/site-packages'
[0.702s] Level 1:colcon.colcon_core.environment:checking '/home/humble/ros2_ws/install/linorobot2_description/bin'
[0.702s] INFO:colcon.colcon_core.shell:Creating package script '/home/humble/ros2_ws/install/linorobot2_description/share/linorobot2_description/package.ps1'
[0.703s] INFO:colcon.colcon_core.shell:Creating package descriptor '/home/humble/ros2_ws/install/linorobot2_description/share/linorobot2_description/package.dsv'
[0.703s] INFO:colcon.colcon_core.shell:Creating package script '/home/humble/ros2_ws/install/linorobot2_description/share/linorobot2_description/package.sh'
[0.703s] INFO:colcon.colcon_core.shell:Creating package script '/home/humble/ros2_ws/install/linorobot2_description/share/linorobot2_description/package.bash'
[0.704s] INFO:colcon.colcon_core.shell:Creating package script '/home/humble/ros2_ws/install/linorobot2_description/share/linorobot2_description/package.zsh'
[0.704s] Level 1:colcon.colcon_core.environment:create_file_with_runtime_dependencies(/home/humble/ros2_ws/install/linorobot2_description/share/colcon-core/packages/linorobot2_description)
[0.704s] INFO:colcon.colcon_ros.task.ament_cmake.build:Building ROS package in '/home/humble/ros2_ws/src/linorobot2/linorobot2_gazebo' with build type 'ament_cmake'
[0.705s] INFO:colcon.colcon_cmake.task.cmake.build:Building CMake package in '/home/humble/ros2_ws/src/linorobot2/linorobot2_gazebo'
[0.705s] INFO:colcon.colcon_core.shell:Skip shell extension 'powershell' for command environment: Not usable outside of PowerShell
[0.705s] DEBUG:colcon.colcon_core.shell:Skip shell extension 'dsv' for command environment
[0.712s] DEBUG:colcon.colcon_core.event_handler.log_command:Invoking command in '/home/humble/ros2_ws/build/linorobot2_gazebo': CMAKE_PREFIX_PATH=${CMAKE_PREFIX_PATH}:/home/humble/ros2_ws/install/py_pub_sub:/home/humble/ros2_ws/install/firebase_bridge:/opt/ros/humble /usr/bin/cmake --build /home/humble/ros2_ws/build/linorobot2_gazebo -- -j2 -l2
[0.747s] DEBUG:colcon.colcon_core.event_handler.log_command:Invoked command in '/home/humble/ros2_ws/build/linorobot2_gazebo' returned '0': CMAKE_PREFIX_PATH=${CMAKE_PREFIX_PATH}:/home/humble/ros2_ws/install/py_pub_sub:/home/humble/ros2_ws/install/firebase_bridge:/opt/ros/humble /usr/bin/cmake --build /home/humble/ros2_ws/build/linorobot2_gazebo -- -j2 -l2
[0.747s] DEBUG:colcon.colcon_core.event_handler.log_command:Invoking command in '/home/humble/ros2_ws/build/linorobot2_gazebo': CMAKE_PREFIX_PATH=${CMAKE_PREFIX_PATH}:/home/humble/ros2_ws/install/py_pub_sub:/home/humble/ros2_ws/install/firebase_bridge:/opt/ros/humble /usr/bin/cmake --install /home/humble/ros2_ws/build/linorobot2_gazebo
[0.757s] Level 1:colcon.colcon_core.environment:create_environment_scripts_only(linorobot2_gazebo)
[0.757s] Level 1:colcon.colcon_core.environment:checking '/home/humble/ros2_ws/install/linorobot2_gazebo' for CMake module files
[0.758s] Level 1:colcon.colcon_core.environment:checking '/home/humble/ros2_ws/install/linorobot2_gazebo' for CMake config files
[0.758s] Level 1:colcon.colcon_core.shell:create_environment_hook('linorobot2_gazebo', 'cmake_prefix_path')
[0.758s] INFO:colcon.colcon_core.shell:Creating environment hook '/home/humble/ros2_ws/install/linorobot2_gazebo/share/linorobot2_gazebo/hook/cmake_prefix_path.ps1'
[0.759s] INFO:colcon.colcon_core.shell:Creating environment descriptor '/home/humble/ros2_ws/install/linorobot2_gazebo/share/linorobot2_gazebo/hook/cmake_prefix_path.dsv'
[0.759s] DEBUG:colcon.colcon_core.event_handler.log_command:Invoked command in '/home/humble/ros2_ws/build/linorobot2_gazebo' returned '0': CMAKE_PREFIX_PATH=${CMAKE_PREFIX_PATH}:/home/humble/ros2_ws/install/py_pub_sub:/home/humble/ros2_ws/install/firebase_bridge:/opt/ros/humble /usr/bin/cmake --install /home/humble/ros2_ws/build/linorobot2_gazebo
[0.759s] INFO:colcon.colcon_core.shell:Creating environment hook '/home/humble/ros2_ws/install/linorobot2_gazebo/share/linorobot2_gazebo/hook/cmake_prefix_path.sh'
[0.760s] Level 1:colcon.colcon_core.environment:checking '/home/humble/ros2_ws/install/linorobot2_gazebo/lib'
[0.760s] Level 1:colcon.colcon_core.environment:checking '/home/humble/ros2_ws/install/linorobot2_gazebo/bin'
[0.760s] Level 1:colcon.colcon_core.environment:checking '/home/humble/ros2_ws/install/linorobot2_gazebo/lib/pkgconfig/linorobot2_gazebo.pc'
[0.760s] Level 1:colcon.colcon_core.environment:checking '/home/humble/ros2_ws/install/linorobot2_gazebo/lib/python3.10/site-packages'
[0.760s] Level 1:colcon.colcon_core.environment:checking '/home/humble/ros2_ws/install/linorobot2_gazebo/bin'
[0.761s] INFO:colcon.colcon_core.shell:Creating package script '/home/humble/ros2_ws/install/linorobot2_gazebo/share/linorobot2_gazebo/package.ps1'
[0.761s] INFO:colcon.colcon_core.shell:Creating package descriptor '/home/humble/ros2_ws/install/linorobot2_gazebo/share/linorobot2_gazebo/package.dsv'
[0.762s] INFO:colcon.colcon_core.shell:Creating package script '/home/humble/ros2_ws/install/linorobot2_gazebo/share/linorobot2_gazebo/package.sh'
[0.762s] INFO:colcon.colcon_core.shell:Creating package script '/home/humble/ros2_ws/install/linorobot2_gazebo/share/linorobot2_gazebo/package.bash'
[0.762s] INFO:colcon.colcon_core.shell:Creating package script '/home/humble/ros2_ws/install/linorobot2_gazebo/share/linorobot2_gazebo/package.zsh'
[0.763s] Level 1:colcon.colcon_core.environment:create_file_with_runtime_dependencies(/home/humble/ros2_ws/install/linorobot2_gazebo/share/colcon-core/packages/linorobot2_gazebo)
[0.763s] Level 1:colcon.colcon_core.environment:create_environment_scripts_only(linorobot2_gazebo)
[0.763s] Level 1:colcon.colcon_core.environment:checking '/home/humble/ros2_ws/install/linorobot2_gazebo' for CMake module files
[0.764s] Level 1:colcon.colcon_core.environment:checking '/home/humble/ros2_ws/install/linorobot2_gazebo' for CMake config files
[0.764s] Level 1:colcon.colcon_core.shell:create_environment_hook('linorobot2_gazebo', 'cmake_prefix_path')
[0.764s] INFO:colcon.colcon_core.shell:Creating environment hook '/home/humble/ros2_ws/install/linorobot2_gazebo/share/linorobot2_gazebo/hook/cmake_prefix_path.ps1'
[0.764s] INFO:colcon.colcon_core.shell:Creating environment descriptor '/home/humble/ros2_ws/install/linorobot2_gazebo/share/linorobot2_gazebo/hook/cmake_prefix_path.dsv'
[0.765s] INFO:colcon.colcon_core.shell:Creating environment hook '/home/humble/ros2_ws/install/linorobot2_gazebo/share/linorobot2_gazebo/hook/cmake_prefix_path.sh'
[0.765s] Level 1:colcon.colcon_core.environment:checking '/home/humble/ros2_ws/install/linorobot2_gazebo/lib'
[0.765s] Level 1:colcon.colcon_core.environment:checking '/home/humble/ros2_ws/install/linorobot2_gazebo/bin'
[0.765s] Level 1:colcon.colcon_core.environment:checking '/home/humble/ros2_ws/install/linorobot2_gazebo/lib/pkgconfig/linorobot2_gazebo.pc'
[0.765s] Level 1:colcon.colcon_core.environment:checking '/home/humble/ros2_ws/install/linorobot2_gazebo/lib/python3.10/site-packages'
[0.765s] Level 1:colcon.colcon_core.environment:checking '/home/humble/ros2_ws/install/linorobot2_gazebo/bin'
[0.766s] INFO:colcon.colcon_core.shell:Creating package script '/home/humble/ros2_ws/install/linorobot2_gazebo/share/linorobot2_gazebo/package.ps1'
[0.766s] INFO:colcon.colcon_core.shell:Creating package descriptor '/home/humble/ros2_ws/install/linorobot2_gazebo/share/linorobot2_gazebo/package.dsv'
[0.767s] INFO:colcon.colcon_core.shell:Creating package script '/home/humble/ros2_ws/install/linorobot2_gazebo/share/linorobot2_gazebo/package.sh'
[0.767s] INFO:colcon.colcon_core.shell:Creating package script '/home/humble/ros2_ws/install/linorobot2_gazebo/share/linorobot2_gazebo/package.bash'
[0.767s] INFO:colcon.colcon_core.shell:Creating package script '/home/humble/ros2_ws/install/linorobot2_gazebo/share/linorobot2_gazebo/package.zsh'
[0.768s] Level 1:colcon.colcon_core.environment:create_file_with_runtime_dependencies(/home/humble/ros2_ws/install/linorobot2_gazebo/share/colcon-core/packages/linorobot2_gazebo)
[0.768s] INFO:colcon.colcon_ros.task.ament_cmake.build:Building ROS package in '/home/humble/ros2_ws/src/linorobot2/linorobot2_navigation' with build type 'ament_cmake'
[0.768s] INFO:colcon.colcon_cmake.task.cmake.build:Building CMake package in '/home/humble/ros2_ws/src/linorobot2/linorobot2_navigation'
[0.769s] INFO:colcon.colcon_core.shell:Skip shell extension 'powershell' for command environment: Not usable outside of PowerShell
[0.769s] DEBUG:colcon.colcon_core.shell:Skip shell extension 'dsv' for command environment
[0.775s] DEBUG:colcon.colcon_core.event_handler.log_command:Invoking command in '/home/humble/ros2_ws/build/linorobot2_navigation': CMAKE_PREFIX_PATH=${CMAKE_PREFIX_PATH}:/home/humble/ros2_ws/install/py_pub_sub:/home/humble/ros2_ws/install/firebase_bridge:/opt/ros/humble /usr/bin/cmake --build /home/humble/ros2_ws/build/linorobot2_navigation -- -j2 -l2
[0.792s] DEBUG:colcon.colcon_core.event_handler.log_command:Invoking command in '/home/humble/ros2_ws/src/firebase_bridge': PYTHONPATH=/home/humble/ros2_ws/build/firebase_bridge/prefix_override:/usr/lib/python3/dist-packages/colcon_core/task/python/colcon_distutils_commands:/home/humble/ros2_ws/install/firebase_bridge/lib/python3.10/site-packages:${PYTHONPATH} /usr/bin/python3 -W ignore:setup.py install is deprecated -W ignore:easy_install command is deprecated setup.py egg_info --egg-base ../../build/firebase_bridge build --build-base /home/humble/ros2_ws/build/firebase_bridge/build install --record /home/humble/ros2_ws/build/firebase_bridge/install.log --single-version-externally-managed install_data
[0.809s] DEBUG:colcon.colcon_core.event_handler.log_command:Invoked command in '/home/humble/ros2_ws/build/linorobot2_navigation' returned '0': CMAKE_PREFIX_PATH=${CMAKE_PREFIX_PATH}:/home/humble/ros2_ws/install/py_pub_sub:/home/humble/ros2_ws/install/firebase_bridge:/opt/ros/humble /usr/bin/cmake --build /home/humble/ros2_ws/build/linorobot2_navigation -- -j2 -l2
[0.810s] DEBUG:colcon.colcon_core.event_handler.log_command:Invoking command in '/home/humble/ros2_ws/build/linorobot2_navigation': CMAKE_PREFIX_PATH=${CMAKE_PREFIX_PATH}:/home/humble/ros2_ws/install/py_pub_sub:/home/humble/ros2_ws/install/firebase_bridge:/opt/ros/humble /usr/bin/cmake --install /home/humble/ros2_ws/build/linorobot2_navigation
[0.822s] Level 1:colcon.colcon_core.environment:create_environment_scripts_only(linorobot2_navigation)
[0.822s] Level 1:colcon.colcon_core.environment:checking '/home/humble/ros2_ws/install/linorobot2_navigation' for CMake module files
[0.822s] Level 1:colcon.colcon_core.environment:checking '/home/humble/ros2_ws/install/linorobot2_navigation' for CMake config files
[0.823s] Level 1:colcon.colcon_core.shell:create_environment_hook('linorobot2_navigation', 'cmake_prefix_path')
[0.823s] INFO:colcon.colcon_core.shell:Creating environment hook '/home/humble/ros2_ws/install/linorobot2_navigation/share/linorobot2_navigation/hook/cmake_prefix_path.ps1'
[0.823s] DEBUG:colcon.colcon_core.event_handler.log_command:Invoked command in '/home/humble/ros2_ws/build/linorobot2_navigation' returned '0': CMAKE_PREFIX_PATH=${CMAKE_PREFIX_PATH}:/home/humble/ros2_ws/install/py_pub_sub:/home/humble/ros2_ws/install/firebase_bridge:/opt/ros/humble /usr/bin/cmake --install /home/humble/ros2_ws/build/linorobot2_navigation
[0.824s] INFO:colcon.colcon_core.shell:Creating environment descriptor '/home/humble/ros2_ws/install/linorobot2_navigation/share/linorobot2_navigation/hook/cmake_prefix_path.dsv'
[0.825s] INFO:colcon.colcon_core.shell:Creating environment hook '/home/humble/ros2_ws/install/linorobot2_navigation/share/linorobot2_navigation/hook/cmake_prefix_path.sh'
[0.825s] Level 1:colcon.colcon_core.environment:checking '/home/humble/ros2_ws/install/linorobot2_navigation/bin'
[0.825s] Level 1:colcon.colcon_core.environment:checking '/home/humble/ros2_ws/install/linorobot2_navigation/lib/pkgconfig/linorobot2_navigation.pc'
[0.825s] Level 1:colcon.colcon_core.environment:checking '/home/humble/ros2_ws/install/linorobot2_navigation/lib/python3.10/site-packages'
[0.826s] Level 1:colcon.colcon_core.environment:checking '/home/humble/ros2_ws/install/linorobot2_navigation/bin'
[0.826s] INFO:colcon.colcon_core.shell:Creating package script '/home/humble/ros2_ws/install/linorobot2_navigation/share/linorobot2_navigation/package.ps1'
[0.826s] INFO:colcon.colcon_core.shell:Creating package descriptor '/home/humble/ros2_ws/install/linorobot2_navigation/share/linorobot2_navigation/package.dsv'
[0.826s] INFO:colcon.colcon_core.shell:Creating package script '/home/humble/ros2_ws/install/linorobot2_navigation/share/linorobot2_navigation/package.sh'
[0.827s] INFO:colcon.colcon_core.shell:Creating package script '/home/humble/ros2_ws/install/linorobot2_navigation/share/linorobot2_navigation/package.bash'
[0.827s] INFO:colcon.colcon_core.shell:Creating package script '/home/humble/ros2_ws/install/linorobot2_navigation/share/linorobot2_navigation/package.zsh'
[0.827s] Level 1:colcon.colcon_core.environment:create_file_with_runtime_dependencies(/home/humble/ros2_ws/install/linorobot2_navigation/share/colcon-core/packages/linorobot2_navigation)
[0.828s] Level 1:colcon.colcon_core.environment:create_environment_scripts_only(linorobot2_navigation)
[0.828s] Level 1:colcon.colcon_core.environment:checking '/home/humble/ros2_ws/install/linorobot2_navigation' for CMake module files
[0.828s] Level 1:colcon.colcon_core.environment:checking '/home/humble/ros2_ws/install/linorobot2_navigation' for CMake config files
[0.828s] Level 1:colcon.colcon_core.shell:create_environment_hook('linorobot2_navigation', 'cmake_prefix_path')
[0.829s] INFO:colcon.colcon_core.shell:Creating environment hook '/home/humble/ros2_ws/install/linorobot2_navigation/share/linorobot2_navigation/hook/cmake_prefix_path.ps1'
[0.829s] INFO:colcon.colcon_core.shell:Creating environment descriptor '/home/humble/ros2_ws/install/linorobot2_navigation/share/linorobot2_navigation/hook/cmake_prefix_path.dsv'
[0.829s] INFO:colcon.colcon_core.shell:Creating environment hook '/home/humble/ros2_ws/install/linorobot2_navigation/share/linorobot2_navigation/hook/cmake_prefix_path.sh'
[0.830s] Level 1:colcon.colcon_core.environment:checking '/home/humble/ros2_ws/install/linorobot2_navigation/bin'
[0.830s] Level 1:colcon.colcon_core.environment:checking '/home/humble/ros2_ws/install/linorobot2_navigation/lib/pkgconfig/linorobot2_navigation.pc'
[0.830s] Level 1:colcon.colcon_core.environment:checking '/home/humble/ros2_ws/install/linorobot2_navigation/lib/python3.10/site-packages'
[0.830s] Level 1:colcon.colcon_core.environment:checking '/home/humble/ros2_ws/install/linorobot2_navigation/bin'
[0.830s] INFO:colcon.colcon_core.shell:Creating package script '/home/humble/ros2_ws/install/linorobot2_navigation/share/linorobot2_navigation/package.ps1'
[0.831s] INFO:colcon.colcon_core.shell:Creating package descriptor '/home/humble/ros2_ws/install/linorobot2_navigation/share/linorobot2_navigation/package.dsv'
[0.831s] INFO:colcon.colcon_core.shell:Creating package script '/home/humble/ros2_ws/install/linorobot2_navigation/share/linorobot2_navigation/package.sh'
[0.831s] INFO:colcon.colcon_core.shell:Creating package script '/home/humble/ros2_ws/install/linorobot2_navigation/share/linorobot2_navigation/package.bash'
[0.832s] INFO:colcon.colcon_core.shell:Creating package script '/home/humble/ros2_ws/install/linorobot2_navigation/share/linorobot2_navigation/package.zsh'
[0.832s] Level 1:colcon.colcon_core.environment:create_file_with_runtime_dependencies(/home/humble/ros2_ws/install/linorobot2_navigation/share/colcon-core/packages/linorobot2_navigation)
[0.833s] INFO:colcon.colcon_ros.task.ament_cmake.build:Building ROS package in '/home/humble/ros2_ws/src/linorobot2_viz' with build type 'ament_cmake'
[0.833s] INFO:colcon.colcon_cmake.task.cmake.build:Building CMake package in '/home/humble/ros2_ws/src/linorobot2_viz'
[0.833s] INFO:colcon.colcon_core.shell:Skip shell extension 'powershell' for command environment: Not usable outside of PowerShell
[0.833s] DEBUG:colcon.colcon_core.shell:Skip shell extension 'dsv' for command environment
[0.838s] DEBUG:colcon.colcon_core.event_handler.log_command:Invoking command in '/home/humble/ros2_ws/build/linorobot2_viz': CMAKE_PREFIX_PATH=${CMAKE_PREFIX_PATH}:/home/humble/ros2_ws/install/py_pub_sub:/home/humble/ros2_ws/install/firebase_bridge:/opt/ros/humble /usr/bin/cmake --build /home/humble/ros2_ws/build/linorobot2_viz -- -j2 -l2
[0.873s] DEBUG:colcon.colcon_core.event_handler.log_command:Invoked command in '/home/humble/ros2_ws/build/linorobot2_viz' returned '0': CMAKE_PREFIX_PATH=${CMAKE_PREFIX_PATH}:/home/humble/ros2_ws/install/py_pub_sub:/home/humble/ros2_ws/install/firebase_bridge:/opt/ros/humble /usr/bin/cmake --build /home/humble/ros2_ws/build/linorobot2_viz -- -j2 -l2
[0.873s] DEBUG:colcon.colcon_core.event_handler.log_command:Invoking command in '/home/humble/ros2_ws/build/linorobot2_viz': CMAKE_PREFIX_PATH=${CMAKE_PREFIX_PATH}:/home/humble/ros2_ws/install/py_pub_sub:/home/humble/ros2_ws/install/firebase_bridge:/opt/ros/humble /usr/bin/cmake --install /home/humble/ros2_ws/build/linorobot2_viz
[0.883s] Level 1:colcon.colcon_core.environment:create_environment_scripts_only(linorobot2_viz)
[0.883s] Level 1:colcon.colcon_core.environment:checking '/home/humble/ros2_ws/install/linorobot2_viz' for CMake module files
[0.884s] Level 1:colcon.colcon_core.environment:checking '/home/humble/ros2_ws/install/linorobot2_viz' for CMake config files
[0.884s] Level 1:colcon.colcon_core.shell:create_environment_hook('linorobot2_viz', 'cmake_prefix_path')
[0.884s] INFO:colcon.colcon_core.shell:Creating environment hook '/home/humble/ros2_ws/install/linorobot2_viz/share/linorobot2_viz/hook/cmake_prefix_path.ps1'
[0.884s] INFO:colcon.colcon_core.shell:Creating environment descriptor '/home/humble/ros2_ws/install/linorobot2_viz/share/linorobot2_viz/hook/cmake_prefix_path.dsv'
[0.885s] INFO:colcon.colcon_core.shell:Creating environment hook '/home/humble/ros2_ws/install/linorobot2_viz/share/linorobot2_viz/hook/cmake_prefix_path.sh'
[0.885s] DEBUG:colcon.colcon_core.event_handler.log_command:Invoked command in '/home/humble/ros2_ws/build/linorobot2_viz' returned '0': CMAKE_PREFIX_PATH=${CMAKE_PREFIX_PATH}:/home/humble/ros2_ws/install/py_pub_sub:/home/humble/ros2_ws/install/firebase_bridge:/opt/ros/humble /usr/bin/cmake --install /home/humble/ros2_ws/build/linorobot2_viz
[0.885s] Level 1:colcon.colcon_core.environment:checking '/home/humble/ros2_ws/install/linorobot2_viz/bin'
[0.885s] Level 1:colcon.colcon_core.environment:checking '/home/humble/ros2_ws/install/linorobot2_viz/lib/pkgconfig/linorobot2_viz.pc'
[0.886s] Level 1:colcon.colcon_core.environment:checking '/home/humble/ros2_ws/install/linorobot2_viz/lib/python3.10/site-packages'
[0.886s] Level 1:colcon.colcon_core.environment:checking '/home/humble/ros2_ws/install/linorobot2_viz/bin'
[0.886s] INFO:colcon.colcon_core.shell:Creating package script '/home/humble/ros2_ws/install/linorobot2_viz/share/linorobot2_viz/package.ps1'
[0.886s] INFO:colcon.colcon_core.shell:Creating package descriptor '/home/humble/ros2_ws/install/linorobot2_viz/share/linorobot2_viz/package.dsv'
[0.887s] INFO:colcon.colcon_core.shell:Creating package script '/home/humble/ros2_ws/install/linorobot2_viz/share/linorobot2_viz/package.sh'
[0.887s] INFO:colcon.colcon_core.shell:Creating package script '/home/humble/ros2_ws/install/linorobot2_viz/share/linorobot2_viz/package.bash'
[0.887s] INFO:colcon.colcon_core.shell:Creating package script '/home/humble/ros2_ws/install/linorobot2_viz/share/linorobot2_viz/package.zsh'
[0.888s] Level 1:colcon.colcon_core.environment:create_file_with_runtime_dependencies(/home/humble/ros2_ws/install/linorobot2_viz/share/colcon-core/packages/linorobot2_viz)
[0.888s] Level 1:colcon.colcon_core.environment:create_environment_scripts_only(linorobot2_viz)
[0.888s] Level 1:colcon.colcon_core.environment:checking '/home/humble/ros2_ws/install/linorobot2_viz' for CMake module files
[0.888s] Level 1:colcon.colcon_core.environment:checking '/home/humble/ros2_ws/install/linorobot2_viz' for CMake config files
[0.889s] Level 1:colcon.colcon_core.shell:create_environment_hook('linorobot2_viz', 'cmake_prefix_path')
[0.889s] INFO:colcon.colcon_core.shell:Creating environment hook '/home/humble/ros2_ws/install/linorobot2_viz/share/linorobot2_viz/hook/cmake_prefix_path.ps1'
[0.889s] INFO:colcon.colcon_core.shell:Creating environment descriptor '/home/humble/ros2_ws/install/linorobot2_viz/share/linorobot2_viz/hook/cmake_prefix_path.dsv'
[0.889s] INFO:colcon.colcon_core.shell:Creating environment hook '/home/humble/ros2_ws/install/linorobot2_viz/share/linorobot2_viz/hook/cmake_prefix_path.sh'
[0.890s] Level 1:colcon.colcon_core.environment:checking '/home/humble/ros2_ws/install/linorobot2_viz/bin'
[0.890s] Level 1:colcon.colcon_core.environment:checking '/home/humble/ros2_ws/install/linorobot2_viz/lib/pkgconfig/linorobot2_viz.pc'
[0.890s] Level 1:colcon.colcon_core.environment:checking '/home/humble/ros2_ws/install/linorobot2_viz/lib/python3.10/site-packages'
[0.890s] Level 1:colcon.colcon_core.environment:checking '/home/humble/ros2_ws/install/linorobot2_viz/bin'
[0.890s] INFO:colcon.colcon_core.shell:Creating package script '/home/humble/ros2_ws/install/linorobot2_viz/share/linorobot2_viz/package.ps1'
[0.891s] INFO:colcon.colcon_core.shell:Creating package descriptor '/home/humble/ros2_ws/install/linorobot2_viz/share/linorobot2_viz/package.dsv'
[0.891s] INFO:colcon.colcon_core.shell:Creating package script '/home/humble/ros2_ws/install/linorobot2_viz/share/linorobot2_viz/package.sh'
[0.892s] INFO:colcon.colcon_core.shell:Creating package script '/home/humble/ros2_ws/install/linorobot2_viz/share/linorobot2_viz/package.bash'
[0.892s] INFO:colcon.colcon_core.shell:Creating package script '/home/humble/ros2_ws/install/linorobot2_viz/share/linorobot2_viz/package.zsh'
[0.892s] Level 1:colcon.colcon_core.environment:create_file_with_runtime_dependencies(/home/humble/ros2_ws/install/linorobot2_viz/share/colcon-core/packages/linorobot2_viz)
[0.893s] INFO:colcon.colcon_ros.task.ament_python.build:Building ROS package in '/home/humble/ros2_ws/src/py_pub_sub' with build type 'ament_python'
[0.893s] Level 1:colcon.colcon_core.shell:create_environment_hook('py_pub_sub', 'ament_prefix_path')
[0.893s] INFO:colcon.colcon_core.shell:Creating environment hook '/home/humble/ros2_ws/install/py_pub_sub/share/py_pub_sub/hook/ament_prefix_path.ps1'
[0.894s] INFO:colcon.colcon_core.shell:Creating environment descriptor '/home/humble/ros2_ws/install/py_pub_sub/share/py_pub_sub/hook/ament_prefix_path.dsv'
[0.894s] INFO:colcon.colcon_core.shell:Creating environment hook '/home/humble/ros2_ws/install/py_pub_sub/share/py_pub_sub/hook/ament_prefix_path.sh'
[0.895s] INFO:colcon.colcon_core.shell:Skip shell extension 'powershell' for command environment: Not usable outside of PowerShell
[0.895s] DEBUG:colcon.colcon_core.shell:Skip shell extension 'dsv' for command environment
[1.072s] INFO:colcon.colcon_core.task.python.build:Building Python package in '/home/humble/ros2_ws/src/py_pub_sub'
[1.072s] INFO:colcon.colcon_core.shell:Skip shell extension 'powershell' for command environment: Not usable outside of PowerShell
[1.072s] DEBUG:colcon.colcon_core.shell:Skip shell extension 'dsv' for command environment
[1.075s] Level 1:colcon.colcon_core.environment:checking '/home/humble/ros2_ws/install/firebase_bridge' for CMake module files
[1.076s] Level 1:colcon.colcon_core.environment:checking '/home/humble/ros2_ws/install/firebase_bridge' for CMake config files
[1.076s] Level 1:colcon.colcon_core.environment:checking '/home/humble/ros2_ws/install/firebase_bridge/lib'
[1.076s] Level 1:colcon.colcon_core.environment:checking '/home/humble/ros2_ws/install/firebase_bridge/bin'
[1.076s] Level 1:colcon.colcon_core.environment:checking '/home/humble/ros2_ws/install/firebase_bridge/lib/pkgconfig/firebase_bridge.pc'
[1.076s] Level 1:colcon.colcon_core.environment:checking '/home/humble/ros2_ws/install/firebase_bridge/lib/python3.10/site-packages'
[1.076s] Level 1:colcon.colcon_core.shell:create_environment_hook('firebase_bridge', 'pythonpath')
[1.077s] INFO:colcon.colcon_core.shell:Creating environment hook '/home/humble/ros2_ws/install/firebase_bridge/share/firebase_bridge/hook/pythonpath.ps1'
[1.076s] DEBUG:colcon.colcon_core.event_handler.log_command:Invoked command in '/home/humble/ros2_ws/src/firebase_bridge' returned '0': PYTHONPATH=/home/humble/ros2_ws/build/firebase_bridge/prefix_override:/usr/lib/python3/dist-packages/colcon_core/task/python/colcon_distutils_commands:/home/humble/ros2_ws/install/firebase_bridge/lib/python3.10/site-packages:${PYTHONPATH} /usr/bin/python3 -W ignore:setup.py install is deprecated -W ignore:easy_install command is deprecated setup.py egg_info --egg-base ../../build/firebase_bridge build --build-base /home/humble/ros2_ws/build/firebase_bridge/build install --record /home/humble/ros2_ws/build/firebase_bridge/install.log --single-version-externally-managed install_data
[1.077s] INFO:colcon.colcon_core.shell:Creating environment descriptor '/home/humble/ros2_ws/install/firebase_bridge/share/firebase_bridge/hook/pythonpath.dsv'
[1.077s] INFO:colcon.colcon_core.shell:Creating environment hook '/home/humble/ros2_ws/install/firebase_bridge/share/firebase_bridge/hook/pythonpath.sh'
[1.078s] Level 1:colcon.colcon_core.environment:checking '/home/humble/ros2_ws/install/firebase_bridge/bin'
[1.078s] Level 1:colcon.colcon_core.environment:create_environment_scripts_only(firebase_bridge)
[1.078s] INFO:colcon.colcon_core.shell:Creating package script '/home/humble/ros2_ws/install/firebase_bridge/share/firebase_bridge/package.ps1'
[1.079s] INFO:colcon.colcon_core.shell:Creating package descriptor '/home/humble/ros2_ws/install/firebase_bridge/share/firebase_bridge/package.dsv'
[1.079s] INFO:colcon.colcon_core.shell:Creating package script '/home/humble/ros2_ws/install/firebase_bridge/share/firebase_bridge/package.sh'
[1.079s] INFO:colcon.colcon_core.shell:Creating package script '/home/humble/ros2_ws/install/firebase_bridge/share/firebase_bridge/package.bash'
[1.080s] INFO:colcon.colcon_core.shell:Creating package script '/home/humble/ros2_ws/install/firebase_bridge/share/firebase_bridge/package.zsh'
[1.080s] Level 1:colcon.colcon_core.environment:create_file_with_runtime_dependencies(/home/humble/ros2_ws/install/firebase_bridge/share/colcon-core/packages/firebase_bridge)
[1.318s] DEBUG:colcon.colcon_core.event_handler.log_command:Invoking command in '/home/humble/ros2_ws/src/py_pub_sub': PYTHONPATH=/home/humble/ros2_ws/build/py_pub_sub/prefix_override:/usr/lib/python3/dist-packages/colcon_core/task/python/colcon_distutils_commands:/home/humble/ros2_ws/install/py_pub_sub/lib/python3.10/site-packages:${PYTHONPATH} /usr/bin/python3 -W ignore:setup.py install is deprecated -W ignore:easy_install command is deprecated setup.py egg_info --egg-base ../../build/py_pub_sub build --build-base /home/humble/ros2_ws/build/py_pub_sub/build install --record /home/humble/ros2_ws/build/py_pub_sub/install.log --single-version-externally-managed install_data
[1.501s] Level 1:colcon.colcon_core.environment:checking '/home/humble/ros2_ws/install/py_pub_sub' for CMake module files
[1.501s] Level 1:colcon.colcon_core.environment:checking '/home/humble/ros2_ws/install/py_pub_sub' for CMake config files
[1.502s] DEBUG:colcon.colcon_core.event_handler.log_command:Invoked command in '/home/humble/ros2_ws/src/py_pub_sub' returned '0': PYTHONPATH=/home/humble/ros2_ws/build/py_pub_sub/prefix_override:/usr/lib/python3/dist-packages/colcon_core/task/python/colcon_distutils_commands:/home/humble/ros2_ws/install/py_pub_sub/lib/python3.10/site-packages:${PYTHONPATH} /usr/bin/python3 -W ignore:setup.py install is deprecated -W ignore:easy_install command is deprecated setup.py egg_info --egg-base ../../build/py_pub_sub build --build-base /home/humble/ros2_ws/build/py_pub_sub/build install --record /home/humble/ros2_ws/build/py_pub_sub/install.log --single-version-externally-managed install_data
[1.502s] Level 1:colcon.colcon_core.environment:checking '/home/humble/ros2_ws/install/py_pub_sub/lib'
[1.502s] Level 1:colcon.colcon_core.environment:checking '/home/humble/ros2_ws/install/py_pub_sub/bin'
[1.502s] Level 1:colcon.colcon_core.environment:checking '/home/humble/ros2_ws/install/py_pub_sub/lib/pkgconfig/py_pub_sub.pc'
[1.502s] Level 1:colcon.colcon_core.environment:checking '/home/humble/ros2_ws/install/py_pub_sub/lib/python3.10/site-packages'
[1.502s] Level 1:colcon.colcon_core.shell:create_environment_hook('py_pub_sub', 'pythonpath')
[1.503s] INFO:colcon.colcon_core.shell:Creating environment hook '/home/humble/ros2_ws/install/py_pub_sub/share/py_pub_sub/hook/pythonpath.ps1'
[1.503s] INFO:colcon.colcon_core.shell:Creating environment descriptor '/home/humble/ros2_ws/install/py_pub_sub/share/py_pub_sub/hook/pythonpath.dsv'
[1.504s] INFO:colcon.colcon_core.shell:Creating environment hook '/home/humble/ros2_ws/install/py_pub_sub/share/py_pub_sub/hook/pythonpath.sh'
[1.504s] Level 1:colcon.colcon_core.environment:checking '/home/humble/ros2_ws/install/py_pub_sub/bin'
[1.504s] Level 1:colcon.colcon_core.environment:create_environment_scripts_only(py_pub_sub)
[1.505s] INFO:colcon.colcon_core.shell:Creating package script '/home/humble/ros2_ws/install/py_pub_sub/share/py_pub_sub/package.ps1'
[1.505s] INFO:colcon.colcon_core.shell:Creating package descriptor '/home/humble/ros2_ws/install/py_pub_sub/share/py_pub_sub/package.dsv'
[1.506s] INFO:colcon.colcon_core.shell:Creating package script '/home/humble/ros2_ws/install/py_pub_sub/share/py_pub_sub/package.sh'
[1.506s] INFO:colcon.colcon_core.shell:Creating package script '/home/humble/ros2_ws/install/py_pub_sub/share/py_pub_sub/package.bash'
[1.506s] INFO:colcon.colcon_core.shell:Creating package script '/home/humble/ros2_ws/install/py_pub_sub/share/py_pub_sub/package.zsh'
[1.507s] Level 1:colcon.colcon_core.environment:create_file_with_runtime_dependencies(/home/humble/ros2_ws/install/py_pub_sub/share/colcon-core/packages/py_pub_sub)
[1.507s] DEBUG:colcon.colcon_parallel_executor.executor.parallel:closing loop
[1.508s] DEBUG:colcon.colcon_parallel_executor.executor.parallel:loop closed
[1.508s] DEBUG:colcon.colcon_parallel_executor.executor.parallel:run_until_complete finished with '0'
[1.508s] DEBUG:colcon.colcon_core.event_reactor:joining thread
[1.512s] INFO:colcon.colcon_core.plugin_system:Skipping extension 'colcon_notification.desktop_notification.terminal_notifier': Not used on non-Darwin systems
[1.512s] INFO:colcon.colcon_core.plugin_system:Skipping extension 'colcon_notification.desktop_notification.win32': Not used on non-Windows systems
[1.512s] INFO:colcon.colcon_notification.desktop_notification:Sending desktop notification using 'notify2'
[1.530s] DEBUG:colcon.colcon_core.event_reactor:joined thread
[1.531s] INFO:colcon.colcon_core.shell:Creating prefix script '/home/humble/ros2_ws/install/local_setup.ps1'
[1.532s] INFO:colcon.colcon_core.shell:Creating prefix util module '/home/humble/ros2_ws/install/_local_setup_util_ps1.py'
[1.533s] INFO:colcon.colcon_core.shell:Creating prefix chain script '/home/humble/ros2_ws/install/setup.ps1'
[1.535s] INFO:colcon.colcon_core.shell:Creating prefix script '/home/humble/ros2_ws/install/local_setup.sh'
[1.536s] INFO:colcon.colcon_core.shell:Creating prefix util module '/home/humble/ros2_ws/install/_local_setup_util_sh.py'
[1.537s] INFO:colcon.colcon_core.shell:Creating prefix chain script '/home/humble/ros2_ws/install/setup.sh'
[1.538s] INFO:colcon.colcon_core.shell:Creating prefix script '/home/humble/ros2_ws/install/local_setup.bash'
[1.538s] INFO:colcon.colcon_core.shell:Creating prefix chain script '/home/humble/ros2_ws/install/setup.bash'
[1.539s] INFO:colcon.colcon_core.shell:Creating prefix script '/home/humble/ros2_ws/install/local_setup.zsh'
[1.540s] INFO:colcon.colcon_core.shell:Creating prefix chain script '/home/humble/ros2_ws/install/setup.zsh'
