[0.005s] Invoking command in '/home/humble/ros2_ws/build/linorobot2_navigation': CMAKE_PREFIX_PATH=${CMAKE_PREFIX_PATH}:/home/humble/ros2_ws/install/py_pub_sub:/opt/ros/humble /usr/bin/cmake /home/humble/ros2_ws/src/linorobot2/linorobot2_navigation -DCMAKE_INSTALL_PREFIX=/home/humble/ros2_ws/install/linorobot2_navigation
[0.054s] -- The C compiler identification is GNU 11.4.0
[0.096s] -- The CXX compiler identification is GNU 11.4.0
[0.101s] -- Detecting C compiler ABI info
[0.157s] -- Detecting C compiler ABI info - done
[0.164s] -- Check for working C compiler: /usr/bin/cc - skipped
[0.165s] -- Detecting C compile features
[0.165s] -- Detecting C compile features - done
[0.166s] -- Detecting CXX compiler ABI info
[0.222s] -- Detecting CXX compiler ABI info - done
[0.229s] -- Check for working CXX compiler: /usr/bin/c++ - skipped
[0.229s] -- Detecting CXX compile features
[0.229s] -- Detecting CXX compile features - done
[0.229s] -- Found ament_cmake: 1.3.11 (/opt/ros/humble/share/ament_cmake/cmake)
[0.346s] -- Found Python3: /usr/bin/python3 (found version "3.10.12") found components: Interpreter 
[0.469s] -- Configuring done
[0.471s] -- Generating done
[0.473s] -- Build files have been written to: /home/humble/ros2_ws/build/linorobot2_navigation
[0.477s] Invoked command in '/home/humble/ros2_ws/build/linorobot2_navigation' returned '0': CMAKE_PREFIX_PATH=${CMAKE_PREFIX_PATH}:/home/humble/ros2_ws/install/py_pub_sub:/opt/ros/humble /usr/bin/cmake /home/humble/ros2_ws/src/linorobot2/linorobot2_navigation -DCMAKE_INSTALL_PREFIX=/home/humble/ros2_ws/install/linorobot2_navigation
[0.480s] Invoking command in '/home/humble/ros2_ws/build/linorobot2_navigation': CMAKE_PREFIX_PATH=${CMAKE_PREFIX_PATH}:/home/humble/ros2_ws/install/py_pub_sub:/opt/ros/humble /usr/bin/cmake --build /home/humble/ros2_ws/build/linorobot2_navigation -- -j2 -l2
[0.515s] Invoked command in '/home/humble/ros2_ws/build/linorobot2_navigation' returned '0': CMAKE_PREFIX_PATH=${CMAKE_PREFIX_PATH}:/home/humble/ros2_ws/install/py_pub_sub:/opt/ros/humble /usr/bin/cmake --build /home/humble/ros2_ws/build/linorobot2_navigation -- -j2 -l2
[0.515s] Invoking command in '/home/humble/ros2_ws/build/linorobot2_navigation': CMAKE_PREFIX_PATH=${CMAKE_PREFIX_PATH}:/home/humble/ros2_ws/install/py_pub_sub:/opt/ros/humble /usr/bin/cmake --install /home/humble/ros2_ws/build/linorobot2_navigation
[0.527s] -- Install configuration: ""
[0.527s] -- Installing: /home/humble/ros2_ws/install/linorobot2_navigation/share/linorobot2_navigation/launch
[0.529s] -- Installing: /home/humble/ros2_ws/install/linorobot2_navigation/share/linorobot2_navigation/launch/slam.launch.py
[0.529s] -- Installing: /home/humble/ros2_ws/install/linorobot2_navigation/share/linorobot2_navigation/launch/navigation.launch.py
[0.529s] -- Installing: /home/humble/ros2_ws/install/linorobot2_navigation/share/linorobot2_navigation/rviz
[0.529s] -- Installing: /home/humble/ros2_ws/install/linorobot2_navigation/share/linorobot2_navigation/rviz/linorobot2_navigation.rviz
[0.529s] -- Installing: /home/humble/ros2_ws/install/linorobot2_navigation/share/linorobot2_navigation/rviz/linorobot2_navigation_minimal.rviz
[0.530s] -- Installing: /home/humble/ros2_ws/install/linorobot2_navigation/share/linorobot2_navigation/rviz/linorobot2_slam.rviz
[0.530s] -- Installing: /home/humble/ros2_ws/install/linorobot2_navigation/share/linorobot2_navigation/config
[0.530s] -- Installing: /home/humble/ros2_ws/install/linorobot2_navigation/share/linorobot2_navigation/config/slam.yaml
[0.530s] -- Installing: /home/humble/ros2_ws/install/linorobot2_navigation/share/linorobot2_navigation/config/navigation.yaml
[0.530s] -- Installing: /home/humble/ros2_ws/install/linorobot2_navigation/share/linorobot2_navigation/config/navigation_sim.yaml
[0.530s] -- Installing: /home/humble/ros2_ws/install/linorobot2_navigation/share/linorobot2_navigation/maps
[0.530s] -- Installing: /home/humble/ros2_ws/install/linorobot2_navigation/share/linorobot2_navigation/maps/map.yaml
[0.530s] -- Installing: /home/humble/ros2_ws/install/linorobot2_navigation/share/linorobot2_navigation/maps/playground.yaml
[0.530s] -- Installing: /home/humble/ros2_ws/install/linorobot2_navigation/share/linorobot2_navigation/maps/map.pgm
[0.531s] -- Installing: /home/humble/ros2_ws/install/linorobot2_navigation/share/linorobot2_navigation/maps/playground.pgm
[0.531s] -- Installing: /home/humble/ros2_ws/install/linorobot2_navigation/share/ament_index/resource_index/package_run_dependencies/linorobot2_navigation
[0.532s] -- Installing: /home/humble/ros2_ws/install/linorobot2_navigation/share/ament_index/resource_index/parent_prefix_path/linorobot2_navigation
[0.532s] -- Installing: /home/humble/ros2_ws/install/linorobot2_navigation/share/linorobot2_navigation/environment/ament_prefix_path.sh
[0.532s] -- Installing: /home/humble/ros2_ws/install/linorobot2_navigation/share/linorobot2_navigation/environment/ament_prefix_path.dsv
[0.532s] -- Installing: /home/humble/ros2_ws/install/linorobot2_navigation/share/linorobot2_navigation/environment/path.sh
[0.532s] -- Installing: /home/humble/ros2_ws/install/linorobot2_navigation/share/linorobot2_navigation/environment/path.dsv
[0.532s] -- Installing: /home/humble/ros2_ws/install/linorobot2_navigation/share/linorobot2_navigation/local_setup.bash
[0.532s] -- Installing: /home/humble/ros2_ws/install/linorobot2_navigation/share/linorobot2_navigation/local_setup.sh
[0.532s] -- Installing: /home/humble/ros2_ws/install/linorobot2_navigation/share/linorobot2_navigation/local_setup.zsh
[0.532s] -- Installing: /home/humble/ros2_ws/install/linorobot2_navigation/share/linorobot2_navigation/local_setup.dsv
[0.533s] -- Installing: /home/humble/ros2_ws/install/linorobot2_navigation/share/linorobot2_navigation/package.dsv
[0.533s] -- Installing: /home/humble/ros2_ws/install/linorobot2_navigation/share/ament_index/resource_index/packages/linorobot2_navigation
[0.533s] -- Installing: /home/humble/ros2_ws/install/linorobot2_navigation/share/linorobot2_navigation/cmake/linorobot2_navigationConfig.cmake
[0.533s] -- Installing: /home/humble/ros2_ws/install/linorobot2_navigation/share/linorobot2_navigation/cmake/linorobot2_navigationConfig-version.cmake
[0.533s] -- Installing: /home/humble/ros2_ws/install/linorobot2_navigation/share/linorobot2_navigation/package.xml
[0.533s] Invoked command in '/home/humble/ros2_ws/build/linorobot2_navigation' returned '0': CMAKE_PREFIX_PATH=${CMAKE_PREFIX_PATH}:/home/humble/ros2_ws/install/py_pub_sub:/opt/ros/humble /usr/bin/cmake --install /home/humble/ros2_ws/build/linorobot2_navigation
