[0.016s] Invoking command in '/home/humble/ros2_ws/build/linorobot2_base': CMAKE_PREFIX_PATH=${CMAKE_PREFIX_PATH}:/home/humble/ros2_ws/install/py_pub_sub:/opt/ros/humble /usr/bin/cmake --build /home/humble/ros2_ws/build/linorobot2_base -- -j2 -l2
[0.056s] Invoked command in '/home/humble/ros2_ws/build/linorobot2_base' returned '0': CMAKE_PREFIX_PATH=${CMAKE_PREFIX_PATH}:/home/humble/ros2_ws/install/py_pub_sub:/opt/ros/humble /usr/bin/cmake --build /home/humble/ros2_ws/build/linorobot2_base -- -j2 -l2
[0.056s] Invoking command in '/home/humble/ros2_ws/build/linorobot2_base': CMAKE_PREFIX_PATH=${CMAKE_PREFIX_PATH}:/home/humble/ros2_ws/install/py_pub_sub:/opt/ros/humble /usr/bin/cmake --install /home/humble/ros2_ws/build/linorobot2_base
[0.061s] -- Install configuration: ""
[0.061s] -- Up-to-date: /home/humble/ros2_ws/install/linorobot2_base/share/linorobot2_base/config
[0.061s] -- Up-to-date: /home/humble/ros2_ws/install/linorobot2_base/share/linorobot2_base/config/ekf.yaml
[0.061s] -- Up-to-date: /home/humble/ros2_ws/install/linorobot2_base/share/ament_index/resource_index/package_run_dependencies/linorobot2_base
[0.061s] -- Up-to-date: /home/humble/ros2_ws/install/linorobot2_base/share/ament_index/resource_index/parent_prefix_path/linorobot2_base
[0.061s] -- Up-to-date: /home/humble/ros2_ws/install/linorobot2_base/share/linorobot2_base/environment/ament_prefix_path.sh
[0.061s] -- Up-to-date: /home/humble/ros2_ws/install/linorobot2_base/share/linorobot2_base/environment/ament_prefix_path.dsv
[0.061s] -- Up-to-date: /home/humble/ros2_ws/install/linorobot2_base/share/linorobot2_base/environment/path.sh
[0.061s] -- Up-to-date: /home/humble/ros2_ws/install/linorobot2_base/share/linorobot2_base/environment/path.dsv
[0.061s] -- Up-to-date: /home/humble/ros2_ws/install/linorobot2_base/share/linorobot2_base/local_setup.bash
[0.061s] -- Up-to-date: /home/humble/ros2_ws/install/linorobot2_base/share/linorobot2_base/local_setup.sh
[0.061s] -- Up-to-date: /home/humble/ros2_ws/install/linorobot2_base/share/linorobot2_base/local_setup.zsh
[0.061s] -- Up-to-date: /home/humble/ros2_ws/install/linorobot2_base/share/linorobot2_base/local_setup.dsv
[0.061s] -- Installing: /home/humble/ros2_ws/install/linorobot2_base/share/linorobot2_base/package.dsv
[0.062s] -- Up-to-date: /home/humble/ros2_ws/install/linorobot2_base/share/ament_index/resource_index/packages/linorobot2_base
[0.062s] -- Up-to-date: /home/humble/ros2_ws/install/linorobot2_base/share/linorobot2_base/cmake/linorobot2_baseConfig.cmake
[0.062s] -- Up-to-date: /home/humble/ros2_ws/install/linorobot2_base/share/linorobot2_base/cmake/linorobot2_baseConfig-version.cmake
[0.062s] -- Up-to-date: /home/humble/ros2_ws/install/linorobot2_base/share/linorobot2_base/package.xml
[0.079s] Invoked command in '/home/humble/ros2_ws/build/linorobot2_base' returned '0': CMAKE_PREFIX_PATH=${CMAKE_PREFIX_PATH}:/home/humble/ros2_ws/install/py_pub_sub:/opt/ros/humble /usr/bin/cmake --install /home/humble/ros2_ws/build/linorobot2_base
