[0.019s] Invoking command in '/home/humble/ros2_ws/build/linorobot2_bringup': CMAKE_PREFIX_PATH=${CMAKE_PREFIX_PATH}:/home/humble/ros2_ws/install/py_pub_sub:/opt/ros/humble /usr/bin/cmake /home/humble/ros2_ws/src/linorobot2/linorobot2_bringup -DCMAKE_INSTALL_PREFIX=/home/humble/ros2_ws/install/linorobot2_bringup
[0.059s] -- The C compiler identification is GNU 11.4.0
[0.098s] -- The CXX compiler identification is GNU 11.4.0
[0.103s] -- Detecting C compiler ABI info
[0.151s] -- Detecting C compiler ABI info - done
[0.156s] -- Check for working C compiler: /usr/bin/cc - skipped
[0.156s] -- Detecting C compile features
[0.156s] -- Detecting C compile features - done
[0.159s] -- Detecting CXX compiler ABI info
[0.216s] -- Detecting CXX compiler ABI info - done
[0.221s] -- Check for working CXX compiler: /usr/bin/c++ - skipped
[0.222s] -- Detecting CXX compile features
[0.222s] -- Detecting CXX compile features - done
[0.224s] -- Found ament_cmake: 1.3.11 (/opt/ros/humble/share/ament_cmake/cmake)
[0.332s] -- Found Python3: /usr/bin/python3 (found version "3.10.12") found components: Interpreter 
[0.437s] -- Configuring done
[0.439s] -- Generating done
[0.440s] -- Build files have been written to: /home/humble/ros2_ws/build/linorobot2_bringup
[0.446s] Invoked command in '/home/humble/ros2_ws/build/linorobot2_bringup' returned '0': CMAKE_PREFIX_PATH=${CMAKE_PREFIX_PATH}:/home/humble/ros2_ws/install/py_pub_sub:/opt/ros/humble /usr/bin/cmake /home/humble/ros2_ws/src/linorobot2/linorobot2_bringup -DCMAKE_INSTALL_PREFIX=/home/humble/ros2_ws/install/linorobot2_bringup
[0.446s] Invoking command in '/home/humble/ros2_ws/build/linorobot2_bringup': CMAKE_PREFIX_PATH=${CMAKE_PREFIX_PATH}:/home/humble/ros2_ws/install/py_pub_sub:/opt/ros/humble /usr/bin/cmake --build /home/humble/ros2_ws/build/linorobot2_bringup -- -j2 -l2
[0.474s] Invoked command in '/home/humble/ros2_ws/build/linorobot2_bringup' returned '0': CMAKE_PREFIX_PATH=${CMAKE_PREFIX_PATH}:/home/humble/ros2_ws/install/py_pub_sub:/opt/ros/humble /usr/bin/cmake --build /home/humble/ros2_ws/build/linorobot2_bringup -- -j2 -l2
[0.474s] Invoking command in '/home/humble/ros2_ws/build/linorobot2_bringup': CMAKE_PREFIX_PATH=${CMAKE_PREFIX_PATH}:/home/humble/ros2_ws/install/py_pub_sub:/opt/ros/humble /usr/bin/cmake --install /home/humble/ros2_ws/build/linorobot2_bringup
[0.481s] -- Install configuration: ""
[0.481s] -- Installing: /home/humble/ros2_ws/install/linorobot2_bringup/share/linorobot2_bringup/launch
[0.482s] -- Installing: /home/humble/ros2_ws/install/linorobot2_bringup/share/linorobot2_bringup/launch/bringup.launch.py
[0.482s] -- Installing: /home/humble/ros2_ws/install/linorobot2_bringup/share/linorobot2_bringup/launch/custom_robot.launch.py
[0.483s] -- Installing: /home/humble/ros2_ws/install/linorobot2_bringup/share/linorobot2_bringup/launch/sensors.launch.py
[0.483s] -- Installing: /home/humble/ros2_ws/install/linorobot2_bringup/share/linorobot2_bringup/launch/joy_teleop.launch.py
[0.483s] -- Installing: /home/humble/ros2_ws/install/linorobot2_bringup/share/linorobot2_bringup/launch/depth.launch.py
[0.483s] -- Installing: /home/humble/ros2_ws/install/linorobot2_bringup/share/linorobot2_bringup/launch/extra.launch.py
[0.483s] -- Installing: /home/humble/ros2_ws/install/linorobot2_bringup/share/linorobot2_bringup/launch/lasers.launch.py
[0.483s] -- Installing: /home/humble/ros2_ws/install/linorobot2_bringup/share/linorobot2_bringup/launch/default_robot.launch.py
[0.483s] -- Installing: /home/humble/ros2_ws/install/linorobot2_bringup/share/linorobot2_bringup/config
[0.483s] -- Installing: /home/humble/ros2_ws/install/linorobot2_bringup/share/linorobot2_bringup/config/joy.yaml
[0.483s] -- Installing: /home/humble/ros2_ws/install/linorobot2_bringup/share/linorobot2_bringup/config/fake_laser.yaml
[0.483s] -- Installing: /home/humble/ros2_ws/install/linorobot2_bringup/share/linorobot2_bringup/config/zed_common.yaml
[0.483s] -- Installing: /home/humble/ros2_ws/install/linorobot2_bringup/share/linorobot2_bringup/config/box_laser_filter.yaml
[0.483s] -- Installing: /home/humble/ros2_ws/install/linorobot2_bringup/share/ament_index/resource_index/package_run_dependencies/linorobot2_bringup
[0.483s] -- Installing: /home/humble/ros2_ws/install/linorobot2_bringup/share/ament_index/resource_index/parent_prefix_path/linorobot2_bringup
[0.483s] -- Installing: /home/humble/ros2_ws/install/linorobot2_bringup/share/linorobot2_bringup/environment/ament_prefix_path.sh
[0.483s] -- Installing: /home/humble/ros2_ws/install/linorobot2_bringup/share/linorobot2_bringup/environment/ament_prefix_path.dsv
[0.483s] -- Installing: /home/humble/ros2_ws/install/linorobot2_bringup/share/linorobot2_bringup/environment/path.sh
[0.483s] -- Installing: /home/humble/ros2_ws/install/linorobot2_bringup/share/linorobot2_bringup/environment/path.dsv
[0.483s] -- Installing: /home/humble/ros2_ws/install/linorobot2_bringup/share/linorobot2_bringup/local_setup.bash
[0.483s] -- Installing: /home/humble/ros2_ws/install/linorobot2_bringup/share/linorobot2_bringup/local_setup.sh
[0.483s] -- Installing: /home/humble/ros2_ws/install/linorobot2_bringup/share/linorobot2_bringup/local_setup.zsh
[0.483s] -- Installing: /home/humble/ros2_ws/install/linorobot2_bringup/share/linorobot2_bringup/local_setup.dsv
[0.483s] -- Installing: /home/humble/ros2_ws/install/linorobot2_bringup/share/linorobot2_bringup/package.dsv
[0.483s] -- Installing: /home/humble/ros2_ws/install/linorobot2_bringup/share/ament_index/resource_index/packages/linorobot2_bringup
[0.483s] -- Installing: /home/humble/ros2_ws/install/linorobot2_bringup/share/linorobot2_bringup/cmake/linorobot2_bringupConfig.cmake
[0.483s] -- Installing: /home/humble/ros2_ws/install/linorobot2_bringup/share/linorobot2_bringup/cmake/linorobot2_bringupConfig-version.cmake
[0.483s] -- Installing: /home/humble/ros2_ws/install/linorobot2_bringup/share/linorobot2_bringup/package.xml
[0.484s] Invoked command in '/home/humble/ros2_ws/build/linorobot2_bringup' returned '0': CMAKE_PREFIX_PATH=${CMAKE_PREFIX_PATH}:/home/humble/ros2_ws/install/py_pub_sub:/opt/ros/humble /usr/bin/cmake --install /home/humble/ros2_ws/build/linorobot2_bringup
