-- Install configuration: ""
-- Up-to-date: /home/humble/ros2_ws/install/linorobot2_description/share/linorobot2_description/launch
-- Up-to-date: /home/humble/ros2_ws/install/linorobot2_description/share/linorobot2_description/launch/description.launch.py
-- Up-to-date: /home/humble/ros2_ws/install/linorobot2_description/share/linorobot2_description/urdf
-- Up-to-date: /home/humble/ros2_ws/install/linorobot2_description/share/linorobot2_description/urdf/mech
-- Up-to-date: /home/humble/ros2_ws/install/linorobot2_description/share/linorobot2_description/urdf/mech/caster_wheel.urdf.xacro
-- Up-to-date: /home/humble/ros2_ws/install/linorobot2_description/share/linorobot2_description/urdf/mech/wheel.urdf.xacro
-- Up-to-date: /home/humble/ros2_ws/install/linorobot2_description/share/linorobot2_description/urdf/mech/base.urdf.xacro
-- Up-to-date: /home/humble/ros2_ws/install/linorobot2_description/share/linorobot2_description/urdf/sensors
-- Up-to-date: /home/humble/ros2_ws/install/linorobot2_description/share/linorobot2_description/urdf/sensors/laser.urdf.xacro
-- Up-to-date: /home/humble/ros2_ws/install/linorobot2_description/share/linorobot2_description/urdf/sensors/camera.urdf.xacro
-- Up-to-date: /home/humble/ros2_ws/install/linorobot2_description/share/linorobot2_description/urdf/sensors/imu.urdf.xacro
-- Up-to-date: /home/humble/ros2_ws/install/linorobot2_description/share/linorobot2_description/urdf/sensors/depth_sensor.urdf.xacro
-- Up-to-date: /home/humble/ros2_ws/install/linorobot2_description/share/linorobot2_description/urdf/sensors/generic_laser.urdf.xacro
-- Up-to-date: /home/humble/ros2_ws/install/linorobot2_description/share/linorobot2_description/urdf/robots
-- Up-to-date: /home/humble/ros2_ws/install/linorobot2_description/share/linorobot2_description/urdf/robots/6wd.urdf.xacro
-- Up-to-date: /home/humble/ros2_ws/install/linorobot2_description/share/linorobot2_description/urdf/controllers
-- Installing: /home/humble/ros2_ws/install/linorobot2_description/share/linorobot2_description/urdf/controllers/omni_drive.urdf.xacro
-- Installing: /home/humble/ros2_ws/install/linorobot2_description/share/linorobot2_description/urdf/controllers/skid_steer.urdf.xacro
-- Up-to-date: /home/humble/ros2_ws/install/linorobot2_description/share/linorobot2_description/urdf/controllers/diff_drive.urdf.xacro
-- Installing: /home/humble/ros2_ws/install/linorobot2_description/share/linorobot2_description/urdf/6wd_properties.urdf.xacro
-- Up-to-date: /home/humble/ros2_ws/install/linorobot2_description/share/linorobot2_description/rviz
-- Up-to-date: /home/humble/ros2_ws/install/linorobot2_description/share/linorobot2_description/rviz/description.rviz
-- Up-to-date: /home/humble/ros2_ws/install/linorobot2_description/share/ament_index/resource_index/package_run_dependencies/linorobot2_description
-- Up-to-date: /home/humble/ros2_ws/install/linorobot2_description/share/ament_index/resource_index/parent_prefix_path/linorobot2_description
-- Up-to-date: /home/humble/ros2_ws/install/linorobot2_description/share/linorobot2_description/environment/ament_prefix_path.sh
-- Up-to-date: /home/humble/ros2_ws/install/linorobot2_description/share/linorobot2_description/environment/ament_prefix_path.dsv
-- Up-to-date: /home/humble/ros2_ws/install/linorobot2_description/share/linorobot2_description/environment/path.sh
-- Up-to-date: /home/humble/ros2_ws/install/linorobot2_description/share/linorobot2_description/environment/path.dsv
-- Up-to-date: /home/humble/ros2_ws/install/linorobot2_description/share/linorobot2_description/local_setup.bash
-- Up-to-date: /home/humble/ros2_ws/install/linorobot2_description/share/linorobot2_description/local_setup.sh
-- Up-to-date: /home/humble/ros2_ws/install/linorobot2_description/share/linorobot2_description/local_setup.zsh
-- Up-to-date: /home/humble/ros2_ws/install/linorobot2_description/share/linorobot2_description/local_setup.dsv
-- Up-to-date: /home/humble/ros2_ws/install/linorobot2_description/share/linorobot2_description/package.dsv
-- Up-to-date: /home/humble/ros2_ws/install/linorobot2_description/share/ament_index/resource_index/packages/linorobot2_description
-- Up-to-date: /home/humble/ros2_ws/install/linorobot2_description/share/linorobot2_description/cmake/linorobot2_descriptionConfig.cmake
-- Up-to-date: /home/humble/ros2_ws/install/linorobot2_description/share/linorobot2_description/cmake/linorobot2_descriptionConfig-version.cmake
-- Up-to-date: /home/humble/ros2_ws/install/linorobot2_description/share/linorobot2_description/package.xml
