[0.014s] Invoking command in '/home/humble/ros2_ws/build/linorobot2_description': CMAKE_PREFIX_PATH=${CMAKE_PREFIX_PATH}:/home/humble/ros2_ws/install/py_pub_sub:/opt/ros/humble /usr/bin/cmake --build /home/humble/ros2_ws/build/linorobot2_description -- -j2 -l2
[0.076s] Invoked command in '/home/humble/ros2_ws/build/linorobot2_description' returned '0': CMAKE_PREFIX_PATH=${CMAKE_PREFIX_PATH}:/home/humble/ros2_ws/install/py_pub_sub:/opt/ros/humble /usr/bin/cmake --build /home/humble/ros2_ws/build/linorobot2_description -- -j2 -l2
[0.078s] Invoking command in '/home/humble/ros2_ws/build/linorobot2_description': CMAKE_PREFIX_PATH=${CMAKE_PREFIX_PATH}:/home/humble/ros2_ws/install/py_pub_sub:/opt/ros/humble /usr/bin/cmake --install /home/humble/ros2_ws/build/linorobot2_description
[0.084s] -- Install configuration: ""
[0.085s] -- Up-to-date: /home/humble/ros2_ws/install/linorobot2_description/share/linorobot2_description/launch
[0.085s] -- Up-to-date: /home/humble/ros2_ws/install/linorobot2_description/share/linorobot2_description/launch/description.launch.py
[0.085s] -- Up-to-date: /home/humble/ros2_ws/install/linorobot2_description/share/linorobot2_description/urdf
[0.085s] -- Up-to-date: /home/humble/ros2_ws/install/linorobot2_description/share/linorobot2_description/urdf/mech
[0.085s] -- Up-to-date: /home/humble/ros2_ws/install/linorobot2_description/share/linorobot2_description/urdf/mech/caster_wheel.urdf.xacro
[0.085s] -- Up-to-date: /home/humble/ros2_ws/install/linorobot2_description/share/linorobot2_description/urdf/mech/wheel.urdf.xacro
[0.085s] -- Up-to-date: /home/humble/ros2_ws/install/linorobot2_description/share/linorobot2_description/urdf/mech/base.urdf.xacro
[0.085s] -- Up-to-date: /home/humble/ros2_ws/install/linorobot2_description/share/linorobot2_description/urdf/sensors
[0.085s] -- Up-to-date: /home/humble/ros2_ws/install/linorobot2_description/share/linorobot2_description/urdf/sensors/laser.urdf.xacro
[0.085s] -- Up-to-date: /home/humble/ros2_ws/install/linorobot2_description/share/linorobot2_description/urdf/sensors/camera.urdf.xacro
[0.085s] -- Up-to-date: /home/humble/ros2_ws/install/linorobot2_description/share/linorobot2_description/urdf/sensors/imu.urdf.xacro
[0.085s] -- Up-to-date: /home/humble/ros2_ws/install/linorobot2_description/share/linorobot2_description/urdf/sensors/depth_sensor.urdf.xacro
[0.085s] -- Up-to-date: /home/humble/ros2_ws/install/linorobot2_description/share/linorobot2_description/urdf/sensors/generic_laser.urdf.xacro
[0.085s] -- Up-to-date: /home/humble/ros2_ws/install/linorobot2_description/share/linorobot2_description/urdf/robots
[0.085s] -- Up-to-date: /home/humble/ros2_ws/install/linorobot2_description/share/linorobot2_description/urdf/robots/6wd.urdf.xacro
[0.085s] -- Up-to-date: /home/humble/ros2_ws/install/linorobot2_description/share/linorobot2_description/urdf/controllers
[0.085s] -- Installing: /home/humble/ros2_ws/install/linorobot2_description/share/linorobot2_description/urdf/controllers/omni_drive.urdf.xacro
[0.085s] -- Installing: /home/humble/ros2_ws/install/linorobot2_description/share/linorobot2_description/urdf/controllers/skid_steer.urdf.xacro
[0.085s] -- Up-to-date: /home/humble/ros2_ws/install/linorobot2_description/share/linorobot2_description/urdf/controllers/diff_drive.urdf.xacro
[0.085s] -- Installing: /home/humble/ros2_ws/install/linorobot2_description/share/linorobot2_description/urdf/6wd_properties.urdf.xacro
[0.085s] -- Up-to-date: /home/humble/ros2_ws/install/linorobot2_description/share/linorobot2_description/rviz
[0.085s] -- Up-to-date: /home/humble/ros2_ws/install/linorobot2_description/share/linorobot2_description/rviz/description.rviz
[0.085s] -- Up-to-date: /home/humble/ros2_ws/install/linorobot2_description/share/ament_index/resource_index/package_run_dependencies/linorobot2_description
[0.085s] -- Up-to-date: /home/humble/ros2_ws/install/linorobot2_description/share/ament_index/resource_index/parent_prefix_path/linorobot2_description
[0.085s] -- Up-to-date: /home/humble/ros2_ws/install/linorobot2_description/share/linorobot2_description/environment/ament_prefix_path.sh
[0.085s] -- Up-to-date: /home/humble/ros2_ws/install/linorobot2_description/share/linorobot2_description/environment/ament_prefix_path.dsv
[0.085s] -- Up-to-date: /home/humble/ros2_ws/install/linorobot2_description/share/linorobot2_description/environment/path.sh
[0.085s] -- Up-to-date: /home/humble/ros2_ws/install/linorobot2_description/share/linorobot2_description/environment/path.dsv
[0.085s] -- Up-to-date: /home/humble/ros2_ws/install/linorobot2_description/share/linorobot2_description/local_setup.bash
[0.086s] -- Up-to-date: /home/humble/ros2_ws/install/linorobot2_description/share/linorobot2_description/local_setup.sh
[0.086s] -- Up-to-date: /home/humble/ros2_ws/install/linorobot2_description/share/linorobot2_description/local_setup.zsh
[0.086s] -- Up-to-date: /home/humble/ros2_ws/install/linorobot2_description/share/linorobot2_description/local_setup.dsv
[0.086s] -- Up-to-date: /home/humble/ros2_ws/install/linorobot2_description/share/linorobot2_description/package.dsv
[0.086s] -- Up-to-date: /home/humble/ros2_ws/install/linorobot2_description/share/ament_index/resource_index/packages/linorobot2_description
[0.086s] -- Up-to-date: /home/humble/ros2_ws/install/linorobot2_description/share/linorobot2_description/cmake/linorobot2_descriptionConfig.cmake
[0.086s] -- Up-to-date: /home/humble/ros2_ws/install/linorobot2_description/share/linorobot2_description/cmake/linorobot2_descriptionConfig-version.cmake
[0.086s] -- Up-to-date: /home/humble/ros2_ws/install/linorobot2_description/share/linorobot2_description/package.xml
[0.089s] Invoked command in '/home/humble/ros2_ws/build/linorobot2_description' returned '0': CMAKE_PREFIX_PATH=${CMAKE_PREFIX_PATH}:/home/humble/ros2_ws/install/py_pub_sub:/opt/ros/humble /usr/bin/cmake --install /home/humble/ros2_ws/build/linorobot2_description
