[0.004s] Invoking command in '/home/humble/ros2_ws/build/linorobot2_viz': CMAKE_PREFIX_PATH=${CMAKE_PREFIX_PATH}:/home/humble/ros2_ws/install/py_pub_sub:/opt/ros/humble /usr/bin/cmake /home/humble/ros2_ws/src/linorobot2_viz -DCMAKE_INSTALL_PREFIX=/home/humble/ros2_ws/install/linorobot2_viz
[0.055s] -- The C compiler identification is GNU 11.4.0
[0.091s] -- The CXX compiler identification is GNU 11.4.0
[0.097s] -- Detecting C compiler ABI info
[0.177s] -- Detecting C compiler ABI info - done
[0.183s] -- Check for working C compiler: /usr/bin/cc - skipped
[0.184s] -- Detecting C compile features
[0.184s] -- Detecting C compile features - done
[0.187s] -- Detecting CXX compiler ABI info
[0.253s] -- Detecting CXX compiler ABI info - done
[0.257s] -- Check for working CXX compiler: /usr/bin/c++ - skipped
[0.258s] -- Detecting CXX compile features
[0.258s] -- Detecting CXX compile features - done
[0.260s] -- Found ament_cmake: 1.3.11 (/opt/ros/humble/share/ament_cmake/cmake)
[0.381s] -- Found Python3: /usr/bin/python3 (found version "3.10.12") found components: Interpreter 
[0.493s] -- Configuring done
[0.497s] -- Generating done
[0.498s] -- Build files have been written to: /home/humble/ros2_ws/build/linorobot2_viz
[0.504s] Invoked command in '/home/humble/ros2_ws/build/linorobot2_viz' returned '0': CMAKE_PREFIX_PATH=${CMAKE_PREFIX_PATH}:/home/humble/ros2_ws/install/py_pub_sub:/opt/ros/humble /usr/bin/cmake /home/humble/ros2_ws/src/linorobot2_viz -DCMAKE_INSTALL_PREFIX=/home/humble/ros2_ws/install/linorobot2_viz
[0.505s] Invoking command in '/home/humble/ros2_ws/build/linorobot2_viz': CMAKE_PREFIX_PATH=${CMAKE_PREFIX_PATH}:/home/humble/ros2_ws/install/py_pub_sub:/opt/ros/humble /usr/bin/cmake --build /home/humble/ros2_ws/build/linorobot2_viz -- -j2 -l2
[0.535s] Invoked command in '/home/humble/ros2_ws/build/linorobot2_viz' returned '0': CMAKE_PREFIX_PATH=${CMAKE_PREFIX_PATH}:/home/humble/ros2_ws/install/py_pub_sub:/opt/ros/humble /usr/bin/cmake --build /home/humble/ros2_ws/build/linorobot2_viz -- -j2 -l2
[0.536s] Invoking command in '/home/humble/ros2_ws/build/linorobot2_viz': CMAKE_PREFIX_PATH=${CMAKE_PREFIX_PATH}:/home/humble/ros2_ws/install/py_pub_sub:/opt/ros/humble /usr/bin/cmake --install /home/humble/ros2_ws/build/linorobot2_viz
[0.543s] -- Install configuration: ""
[0.543s] -- Installing: /home/humble/ros2_ws/install/linorobot2_viz/share/linorobot2_viz/launch
[0.544s] -- Installing: /home/humble/ros2_ws/install/linorobot2_viz/share/linorobot2_viz/launch/slam.launch.py
[0.544s] -- Installing: /home/humble/ros2_ws/install/linorobot2_viz/share/linorobot2_viz/launch/robot_model.launch.py
[0.544s] -- Installing: /home/humble/ros2_ws/install/linorobot2_viz/share/linorobot2_viz/launch/navigation.launch.py
[0.545s] -- Installing: /home/humble/ros2_ws/install/linorobot2_viz/share/linorobot2_viz/rviz
[0.546s] -- Installing: /home/humble/ros2_ws/install/linorobot2_viz/share/linorobot2_viz/rviz/linorobot2_navigation.rviz
[0.547s] -- Installing: /home/humble/ros2_ws/install/linorobot2_viz/share/linorobot2_viz/rviz/linorobot2_navigation_minimal.rviz
[0.547s] -- Installing: /home/humble/ros2_ws/install/linorobot2_viz/share/linorobot2_viz/rviz/linorobot2_slam.rviz
[0.548s] -- Installing: /home/humble/ros2_ws/install/linorobot2_viz/share/linorobot2_viz/rviz/description.rviz
[0.549s] -- Installing: /home/humble/ros2_ws/install/linorobot2_viz/share/ament_index/resource_index/package_run_dependencies/linorobot2_viz
[0.549s] -- Installing: /home/humble/ros2_ws/install/linorobot2_viz/share/ament_index/resource_index/parent_prefix_path/linorobot2_viz
[0.550s] -- Installing: /home/humble/ros2_ws/install/linorobot2_viz/share/linorobot2_viz/environment/ament_prefix_path.sh
[0.550s] -- Installing: /home/humble/ros2_ws/install/linorobot2_viz/share/linorobot2_viz/environment/ament_prefix_path.dsv
[0.550s] -- Installing: /home/humble/ros2_ws/install/linorobot2_viz/share/linorobot2_viz/environment/path.sh
[0.550s] -- Installing: /home/humble/ros2_ws/install/linorobot2_viz/share/linorobot2_viz/environment/path.dsv
[0.550s] -- Installing: /home/humble/ros2_ws/install/linorobot2_viz/share/linorobot2_viz/local_setup.bash
[0.550s] -- Installing: /home/humble/ros2_ws/install/linorobot2_viz/share/linorobot2_viz/local_setup.sh
[0.550s] -- Installing: /home/humble/ros2_ws/install/linorobot2_viz/share/linorobot2_viz/local_setup.zsh
[0.551s] -- Installing: /home/humble/ros2_ws/install/linorobot2_viz/share/linorobot2_viz/local_setup.dsv
[0.551s] -- Installing: /home/humble/ros2_ws/install/linorobot2_viz/share/linorobot2_viz/package.dsv
[0.551s] -- Installing: /home/humble/ros2_ws/install/linorobot2_viz/share/ament_index/resource_index/packages/linorobot2_viz
[0.551s] -- Installing: /home/humble/ros2_ws/install/linorobot2_viz/share/linorobot2_viz/cmake/linorobot2_vizConfig.cmake
[0.551s] -- Installing: /home/humble/ros2_ws/install/linorobot2_viz/share/linorobot2_viz/cmake/linorobot2_vizConfig-version.cmake
[0.551s] -- Installing: /home/humble/ros2_ws/install/linorobot2_viz/share/linorobot2_viz/package.xml
[0.555s] Invoked command in '/home/humble/ros2_ws/build/linorobot2_viz' returned '0': CMAKE_PREFIX_PATH=${CMAKE_PREFIX_PATH}:/home/humble/ros2_ws/install/py_pub_sub:/opt/ros/humble /usr/bin/cmake --install /home/humble/ros2_ws/build/linorobot2_viz
