[0.461s] Invoking command in '/home/humble/ros2_ws/src/py_pub_sub': PYTHONPATH=/home/humble/ros2_ws/build/py_pub_sub/prefix_override:/usr/lib/python3/dist-packages/colcon_core/task/python/colcon_distutils_commands:/home/humble/ros2_ws/install/py_pub_sub/lib/python3.10/site-packages:${PYTHONPATH} /usr/bin/python3 -W ignore:setup.py install is deprecated -W ignore:easy_install command is deprecated setup.py egg_info --egg-base ../../build/py_pub_sub build --build-base /home/humble/ros2_ws/build/py_pub_sub/build install --record /home/humble/ros2_ws/build/py_pub_sub/install.log --single-version-externally-managed install_data
[0.619s] running egg_info
[0.620s] creating ../../build/py_pub_sub/py_pub_sub.egg-info
[0.620s] writing ../../build/py_pub_sub/py_pub_sub.egg-info/PKG-INFO
[0.620s] writing dependency_links to ../../build/py_pub_sub/py_pub_sub.egg-info/dependency_links.txt
[0.621s] writing entry points to ../../build/py_pub_sub/py_pub_sub.egg-info/entry_points.txt
[0.621s] writing requirements to ../../build/py_pub_sub/py_pub_sub.egg-info/requires.txt
[0.621s] writing top-level names to ../../build/py_pub_sub/py_pub_sub.egg-info/top_level.txt
[0.621s] writing manifest file '../../build/py_pub_sub/py_pub_sub.egg-info/SOURCES.txt'
[0.623s] reading manifest file '../../build/py_pub_sub/py_pub_sub.egg-info/SOURCES.txt'
[0.623s] writing manifest file '../../build/py_pub_sub/py_pub_sub.egg-info/SOURCES.txt'
[0.623s] running build
[0.623s] running build_py
[0.623s] creating /home/humble/ros2_ws/build/py_pub_sub/build
[0.623s] creating /home/humble/ros2_ws/build/py_pub_sub/build/lib
[0.623s] creating /home/humble/ros2_ws/build/py_pub_sub/build/lib/py_pub_sub
[0.624s] copying py_pub_sub/test_publisher.py -> /home/humble/ros2_ws/build/py_pub_sub/build/lib/py_pub_sub
[0.624s] copying py_pub_sub/__init__.py -> /home/humble/ros2_ws/build/py_pub_sub/build/lib/py_pub_sub
[0.624s] running install
[0.625s] running install_lib
[0.625s] creating /home/humble/ros2_ws/install/py_pub_sub/lib/python3.10/site-packages/py_pub_sub
[0.625s] copying /home/humble/ros2_ws/build/py_pub_sub/build/lib/py_pub_sub/test_publisher.py -> /home/humble/ros2_ws/install/py_pub_sub/lib/python3.10/site-packages/py_pub_sub
[0.625s] copying /home/humble/ros2_ws/build/py_pub_sub/build/lib/py_pub_sub/__init__.py -> /home/humble/ros2_ws/install/py_pub_sub/lib/python3.10/site-packages/py_pub_sub
[0.626s] byte-compiling /home/humble/ros2_ws/install/py_pub_sub/lib/python3.10/site-packages/py_pub_sub/test_publisher.py to test_publisher.cpython-310.pyc
[0.626s] byte-compiling /home/humble/ros2_ws/install/py_pub_sub/lib/python3.10/site-packages/py_pub_sub/__init__.py to __init__.cpython-310.pyc
[0.626s] running install_data
[0.627s] creating /home/humble/ros2_ws/install/py_pub_sub/share/ament_index
[0.627s] creating /home/humble/ros2_ws/install/py_pub_sub/share/ament_index/resource_index
[0.627s] creating /home/humble/ros2_ws/install/py_pub_sub/share/ament_index/resource_index/packages
[0.627s] copying resource/py_pub_sub -> /home/humble/ros2_ws/install/py_pub_sub/share/ament_index/resource_index/packages
[0.627s] copying package.xml -> /home/humble/ros2_ws/install/py_pub_sub/share/py_pub_sub
[0.627s] running install_egg_info
[0.629s] Copying ../../build/py_pub_sub/py_pub_sub.egg-info to /home/humble/ros2_ws/install/py_pub_sub/lib/python3.10/site-packages/py_pub_sub-0.0.0-py3.10.egg-info
[0.630s] running install_scripts
[0.650s] Installing talker script to /home/humble/ros2_ws/install/py_pub_sub/lib/py_pub_sub
[0.650s] writing list of installed files to '/home/humble/ros2_ws/build/py_pub_sub/install.log'
[0.672s] Invoked command in '/home/humble/ros2_ws/src/py_pub_sub' returned '0': PYTHONPATH=/home/humble/ros2_ws/build/py_pub_sub/prefix_override:/usr/lib/python3/dist-packages/colcon_core/task/python/colcon_distutils_commands:/home/humble/ros2_ws/install/py_pub_sub/lib/python3.10/site-packages:${PYTHONPATH} /usr/bin/python3 -W ignore:setup.py install is deprecated -W ignore:easy_install command is deprecated setup.py egg_info --egg-base ../../build/py_pub_sub build --build-base /home/humble/ros2_ws/build/py_pub_sub/build install --record /home/humble/ros2_ws/build/py_pub_sub/install.log --single-version-externally-managed install_data
