running egg_info
writing ../../build/firebase_bridge/firebase_bridge.egg-info/PKG-INFO
writing dependency_links to ../../build/firebase_bridge/firebase_bridge.egg-info/dependency_links.txt
writing entry points to ../../build/firebase_bridge/firebase_bridge.egg-info/entry_points.txt
writing requirements to ../../build/firebase_bridge/firebase_bridge.egg-info/requires.txt
writing top-level names to ../../build/firebase_bridge/firebase_bridge.egg-info/top_level.txt
reading manifest file '../../build/firebase_bridge/firebase_bridge.egg-info/SOURCES.txt'
writing manifest file '../../build/firebase_bridge/firebase_bridge.egg-info/SOURCES.txt'
running build
running build_py
running install
running install_lib
running install_data
copying package.xml -> /home/humble/ros2_ws/install/firebase_bridge/share/firebase_bridge
running install_egg_info
removing '/home/humble/ros2_ws/install/firebase_bridge/lib/python3.10/site-packages/firebase_bridge-0.0.0-py3.10.egg-info' (and everything under it)
Copying ../../build/firebase_bridge/firebase_bridge.egg-info to /home/humble/ros2_ws/install/firebase_bridge/lib/python3.10/site-packages/firebase_bridge-0.0.0-py3.10.egg-info
running install_scripts
Installing firebase script to /home/humble/ros2_ws/install/firebase_bridge/lib/firebase_bridge
writing list of installed files to '/home/humble/ros2_ws/build/firebase_bridge/install.log'
