[0.007s] Invoking command in '/home/humble/ros2_ws/build/linorobot2_viz': CMAKE_PREFIX_PATH=${CMAKE_PREFIX_PATH}:/home/humble/ros2_ws/install/py_pub_sub:/opt/ros/humble /usr/bin/cmake --build /home/humble/ros2_ws/build/linorobot2_viz -- -j2 -l2
[0.200s] Invoked command in '/home/humble/ros2_ws/build/linorobot2_viz' returned '0': CMAKE_PREFIX_PATH=${CMAKE_PREFIX_PATH}:/home/humble/ros2_ws/install/py_pub_sub:/opt/ros/humble /usr/bin/cmake --build /home/humble/ros2_ws/build/linorobot2_viz -- -j2 -l2
[0.205s] Invoking command in '/home/humble/ros2_ws/build/linorobot2_viz': CMAKE_PREFIX_PATH=${CMAKE_PREFIX_PATH}:/home/humble/ros2_ws/install/py_pub_sub:/opt/ros/humble /usr/bin/cmake --install /home/humble/ros2_ws/build/linorobot2_viz
[0.211s] -- Install configuration: ""
[0.211s] -- Up-to-date: /home/humble/ros2_ws/install/linorobot2_viz/share/linorobot2_viz/launch
[0.215s] -- Up-to-date: /home/humble/ros2_ws/install/linorobot2_viz/share/linorobot2_viz/launch/slam.launch.py
[0.215s] -- Up-to-date: /home/humble/ros2_ws/install/linorobot2_viz/share/linorobot2_viz/launch/robot_model.launch.py
[0.215s] -- Up-to-date: /home/humble/ros2_ws/install/linorobot2_viz/share/linorobot2_viz/launch/navigation.launch.py
[0.215s] -- Up-to-date: /home/humble/ros2_ws/install/linorobot2_viz/share/linorobot2_viz/rviz
[0.215s] -- Up-to-date: /home/humble/ros2_ws/install/linorobot2_viz/share/linorobot2_viz/rviz/linorobot2_navigation.rviz
[0.215s] -- Up-to-date: /home/humble/ros2_ws/install/linorobot2_viz/share/linorobot2_viz/rviz/linorobot2_navigation_minimal.rviz
[0.215s] -- Up-to-date: /home/humble/ros2_ws/install/linorobot2_viz/share/linorobot2_viz/rviz/linorobot2_slam.rviz
[0.215s] -- Up-to-date: /home/humble/ros2_ws/install/linorobot2_viz/share/linorobot2_viz/rviz/description.rviz
[0.215s] -- Up-to-date: /home/humble/ros2_ws/install/linorobot2_viz/share/ament_index/resource_index/package_run_dependencies/linorobot2_viz
[0.215s] -- Up-to-date: /home/humble/ros2_ws/install/linorobot2_viz/share/ament_index/resource_index/parent_prefix_path/linorobot2_viz
[0.215s] -- Up-to-date: /home/humble/ros2_ws/install/linorobot2_viz/share/linorobot2_viz/environment/ament_prefix_path.sh
[0.215s] -- Up-to-date: /home/humble/ros2_ws/install/linorobot2_viz/share/linorobot2_viz/environment/ament_prefix_path.dsv
[0.215s] -- Up-to-date: /home/humble/ros2_ws/install/linorobot2_viz/share/linorobot2_viz/environment/path.sh
[0.215s] -- Up-to-date: /home/humble/ros2_ws/install/linorobot2_viz/share/linorobot2_viz/environment/path.dsv
[0.215s] -- Up-to-date: /home/humble/ros2_ws/install/linorobot2_viz/share/linorobot2_viz/local_setup.bash
[0.216s] -- Up-to-date: /home/humble/ros2_ws/install/linorobot2_viz/share/linorobot2_viz/local_setup.sh
[0.216s] -- Up-to-date: /home/humble/ros2_ws/install/linorobot2_viz/share/linorobot2_viz/local_setup.zsh
[0.216s] -- Up-to-date: /home/humble/ros2_ws/install/linorobot2_viz/share/linorobot2_viz/local_setup.dsv
[0.216s] -- Installing: /home/humble/ros2_ws/install/linorobot2_viz/share/linorobot2_viz/package.dsv
[0.216s] -- Up-to-date: /home/humble/ros2_ws/install/linorobot2_viz/share/ament_index/resource_index/packages/linorobot2_viz
[0.216s] -- Up-to-date: /home/humble/ros2_ws/install/linorobot2_viz/share/linorobot2_viz/cmake/linorobot2_vizConfig.cmake
[0.216s] -- Up-to-date: /home/humble/ros2_ws/install/linorobot2_viz/share/linorobot2_viz/cmake/linorobot2_vizConfig-version.cmake
[0.216s] -- Up-to-date: /home/humble/ros2_ws/install/linorobot2_viz/share/linorobot2_viz/package.xml
[0.219s] Invoked command in '/home/humble/ros2_ws/build/linorobot2_viz' returned '0': CMAKE_PREFIX_PATH=${CMAKE_PREFIX_PATH}:/home/humble/ros2_ws/install/py_pub_sub:/opt/ros/humble /usr/bin/cmake --install /home/humble/ros2_ws/build/linorobot2_viz
