running egg_info
writing ../../build/py_pub_sub/py_pub_sub.egg-info/PKG-INFO
writing dependency_links to ../../build/py_pub_sub/py_pub_sub.egg-info/dependency_links.txt
writing entry points to ../../build/py_pub_sub/py_pub_sub.egg-info/entry_points.txt
writing requirements to ../../build/py_pub_sub/py_pub_sub.egg-info/requires.txt
writing top-level names to ../../build/py_pub_sub/py_pub_sub.egg-info/top_level.txt
reading manifest file '../../build/py_pub_sub/py_pub_sub.egg-info/SOURCES.txt'
writing manifest file '../../build/py_pub_sub/py_pub_sub.egg-info/SOURCES.txt'
running build
running build_py
running install
running install_lib
running install_data
copying launch/plan_launch.py -> /home/humble/ros2_ws/install/py_pub_sub/share/py_pub_sub/launch
running install_egg_info
removing '/home/humble/ros2_ws/install/py_pub_sub/lib/python3.10/site-packages/py_pub_sub-0.0.0-py3.10.egg-info' (and everything under it)
Copying ../../build/py_pub_sub/py_pub_sub.egg-info to /home/humble/ros2_ws/install/py_pub_sub/lib/python3.10/site-packages/py_pub_sub-0.0.0-py3.10.egg-info
running install_scripts
Installing Astar script to /home/humble/ros2_ws/install/py_pub_sub/lib/py_pub_sub
Installing Start script to /home/humble/ros2_ws/install/py_pub_sub/lib/py_pub_sub
Installing talker script to /home/humble/ros2_ws/install/py_pub_sub/lib/py_pub_sub
writing list of installed files to '/home/humble/ros2_ws/build/py_pub_sub/install.log'
