[0.009s] Invoking command in '/home/humble/ros2_ws/build/linorobot2_description': CMAKE_PREFIX_PATH=${CMAKE_PREFIX_PATH}:/home/humble/ros2_ws/install/py_pub_sub:/opt/ros/humble /usr/bin/cmake /home/humble/ros2_ws/src/linorobot2/linorobot2_description -DCMAKE_INSTALL_PREFIX=/home/humble/ros2_ws/install/linorobot2_description
[0.050s] -- The C compiler identification is GNU 11.4.0
[0.087s] -- The CXX compiler identification is GNU 11.4.0
[0.092s] -- Detecting C compiler ABI info
[0.141s] -- Detecting C compiler ABI info - done
[0.148s] -- Check for working C compiler: /usr/bin/cc - skipped
[0.148s] -- Detecting C compile features
[0.148s] -- Detecting C compile features - done
[0.151s] -- Detecting CXX compiler ABI info
[0.205s] -- Detecting CXX compiler ABI info - done
[0.210s] -- Check for working CXX compiler: /usr/bin/c++ - skipped
[0.210s] -- Detecting CXX compile features
[0.210s] -- Detecting CXX compile features - done
[0.212s] -- Found ament_cmake: 1.3.11 (/opt/ros/humble/share/ament_cmake/cmake)
[0.327s] -- Found Python3: /usr/bin/python3 (found version "3.10.12") found components: Interpreter 
[0.407s] -- Found urdf: 2.6.1 (/opt/ros/humble/share/urdf/cmake)
[0.524s] -- Configuring done
[0.525s] -- Generating done
[0.525s] -- Build files have been written to: /home/humble/ros2_ws/build/linorobot2_description
[0.530s] Invoked command in '/home/humble/ros2_ws/build/linorobot2_description' returned '0': CMAKE_PREFIX_PATH=${CMAKE_PREFIX_PATH}:/home/humble/ros2_ws/install/py_pub_sub:/opt/ros/humble /usr/bin/cmake /home/humble/ros2_ws/src/linorobot2/linorobot2_description -DCMAKE_INSTALL_PREFIX=/home/humble/ros2_ws/install/linorobot2_description
[0.535s] Invoking command in '/home/humble/ros2_ws/build/linorobot2_description': CMAKE_PREFIX_PATH=${CMAKE_PREFIX_PATH}:/home/humble/ros2_ws/install/py_pub_sub:/opt/ros/humble /usr/bin/cmake --build /home/humble/ros2_ws/build/linorobot2_description -- -j2 -l2
[0.566s] Invoked command in '/home/humble/ros2_ws/build/linorobot2_description' returned '0': CMAKE_PREFIX_PATH=${CMAKE_PREFIX_PATH}:/home/humble/ros2_ws/install/py_pub_sub:/opt/ros/humble /usr/bin/cmake --build /home/humble/ros2_ws/build/linorobot2_description -- -j2 -l2
[0.569s] Invoking command in '/home/humble/ros2_ws/build/linorobot2_description': CMAKE_PREFIX_PATH=${CMAKE_PREFIX_PATH}:/home/humble/ros2_ws/install/py_pub_sub:/opt/ros/humble /usr/bin/cmake --install /home/humble/ros2_ws/build/linorobot2_description
[0.573s] -- Install configuration: ""
[0.573s] -- Installing: /home/humble/ros2_ws/install/linorobot2_description/share/linorobot2_description/launch
[0.574s] -- Installing: /home/humble/ros2_ws/install/linorobot2_description/share/linorobot2_description/launch/description.launch.py
[0.574s] -- Installing: /home/humble/ros2_ws/install/linorobot2_description/share/linorobot2_description/urdf
[0.574s] -- Installing: /home/humble/ros2_ws/install/linorobot2_description/share/linorobot2_description/urdf/mech
[0.574s] -- Installing: /home/humble/ros2_ws/install/linorobot2_description/share/linorobot2_description/urdf/mech/caster_wheel.urdf.xacro
[0.574s] -- Installing: /home/humble/ros2_ws/install/linorobot2_description/share/linorobot2_description/urdf/mech/wheel.urdf.xacro
[0.574s] -- Installing: /home/humble/ros2_ws/install/linorobot2_description/share/linorobot2_description/urdf/mech/base.urdf.xacro
[0.574s] -- Installing: /home/humble/ros2_ws/install/linorobot2_description/share/linorobot2_description/urdf/sensors
[0.574s] -- Installing: /home/humble/ros2_ws/install/linorobot2_description/share/linorobot2_description/urdf/sensors/laser.urdf.xacro
[0.575s] -- Installing: /home/humble/ros2_ws/install/linorobot2_description/share/linorobot2_description/urdf/sensors/camera.urdf.xacro
[0.575s] -- Installing: /home/humble/ros2_ws/install/linorobot2_description/share/linorobot2_description/urdf/sensors/imu.urdf.xacro
[0.575s] -- Installing: /home/humble/ros2_ws/install/linorobot2_description/share/linorobot2_description/urdf/sensors/depth_sensor.urdf.xacro
[0.575s] -- Installing: /home/humble/ros2_ws/install/linorobot2_description/share/linorobot2_description/urdf/sensors/generic_laser.urdf.xacro
[0.575s] -- Installing: /home/humble/ros2_ws/install/linorobot2_description/share/linorobot2_description/urdf/robots
[0.575s] -- Installing: /home/humble/ros2_ws/install/linorobot2_description/share/linorobot2_description/urdf/robots/6wd.urdf.xacro
[0.575s] -- Installing: /home/humble/ros2_ws/install/linorobot2_description/share/linorobot2_description/urdf/controllers
[0.575s] -- Installing: /home/humble/ros2_ws/install/linorobot2_description/share/linorobot2_description/urdf/controllers/diff_drive.urdf.xacro
[0.575s] -- Installing: /home/humble/ros2_ws/install/linorobot2_description/share/linorobot2_description/urdf/6wd_properties.urdf.xacro
[0.576s] -- Installing: /home/humble/ros2_ws/install/linorobot2_description/share/linorobot2_description/rviz
[0.576s] -- Installing: /home/humble/ros2_ws/install/linorobot2_description/share/linorobot2_description/rviz/description.rviz
[0.576s] -- Installing: /home/humble/ros2_ws/install/linorobot2_description/share/ament_index/resource_index/package_run_dependencies/linorobot2_description
[0.576s] -- Installing: /home/humble/ros2_ws/install/linorobot2_description/share/ament_index/resource_index/parent_prefix_path/linorobot2_description
[0.576s] -- Installing: /home/humble/ros2_ws/install/linorobot2_description/share/linorobot2_description/environment/ament_prefix_path.sh
[0.577s] -- Installing: /home/humble/ros2_ws/install/linorobot2_description/share/linorobot2_description/environment/ament_prefix_path.dsv
[0.577s] -- Installing: /home/humble/ros2_ws/install/linorobot2_description/share/linorobot2_description/environment/path.sh
[0.577s] -- Installing: /home/humble/ros2_ws/install/linorobot2_description/share/linorobot2_description/environment/path.dsv
[0.577s] -- Installing: /home/humble/ros2_ws/install/linorobot2_description/share/linorobot2_description/local_setup.bash
[0.577s] -- Installing: /home/humble/ros2_ws/install/linorobot2_description/share/linorobot2_description/local_setup.sh
[0.577s] -- Installing: /home/humble/ros2_ws/install/linorobot2_description/share/linorobot2_description/local_setup.zsh
[0.577s] -- Installing: /home/humble/ros2_ws/install/linorobot2_description/share/linorobot2_description/local_setup.dsv
[0.578s] -- Installing: /home/humble/ros2_ws/install/linorobot2_description/share/linorobot2_description/package.dsv
[0.578s] -- Installing: /home/humble/ros2_ws/install/linorobot2_description/share/ament_index/resource_index/packages/linorobot2_description
[0.578s] -- Installing: /home/humble/ros2_ws/install/linorobot2_description/share/linorobot2_description/cmake/linorobot2_descriptionConfig.cmake
[0.578s] -- Installing: /home/humble/ros2_ws/install/linorobot2_description/share/linorobot2_description/cmake/linorobot2_descriptionConfig-version.cmake
[0.578s] -- Installing: /home/humble/ros2_ws/install/linorobot2_description/share/linorobot2_description/package.xml
[0.581s] Invoked command in '/home/humble/ros2_ws/build/linorobot2_description' returned '0': CMAKE_PREFIX_PATH=${CMAKE_PREFIX_PATH}:/home/humble/ros2_ws/install/py_pub_sub:/opt/ros/humble /usr/bin/cmake --install /home/humble/ros2_ws/build/linorobot2_description
