[0.007s] Invoking command in '/home/humble/ros2_ws/build/linorobot2_gazebo': CMAKE_PREFIX_PATH=${CMAKE_PREFIX_PATH}:/home/humble/ros2_ws/install/py_pub_sub:/opt/ros/humble /usr/bin/cmake --build /home/humble/ros2_ws/build/linorobot2_gazebo -- -j2 -l2
[0.046s] Invoked command in '/home/humble/ros2_ws/build/linorobot2_gazebo' returned '0': CMAKE_PREFIX_PATH=${CMAKE_PREFIX_PATH}:/home/humble/ros2_ws/install/py_pub_sub:/opt/ros/humble /usr/bin/cmake --build /home/humble/ros2_ws/build/linorobot2_gazebo -- -j2 -l2
[0.049s] Invoking command in '/home/humble/ros2_ws/build/linorobot2_gazebo': CMAKE_PREFIX_PATH=${CMAKE_PREFIX_PATH}:/home/humble/ros2_ws/install/py_pub_sub:/opt/ros/humble /usr/bin/cmake --install /home/humble/ros2_ws/build/linorobot2_gazebo
[0.053s] -- Install configuration: ""
[0.053s] -- Up-to-date: /home/humble/ros2_ws/install/linorobot2_gazebo/share/linorobot2_gazebo/launch
[0.053s] -- Up-to-date: /home/humble/ros2_ws/install/linorobot2_gazebo/share/linorobot2_gazebo/launch/gazebo.launch.py
[0.053s] -- Up-to-date: /home/humble/ros2_ws/install/linorobot2_gazebo/share/linorobot2_gazebo/rviz
[0.053s] -- Up-to-date: /home/humble/ros2_ws/install/linorobot2_gazebo/share/linorobot2_gazebo/rviz/view_urdf.rviz
[0.053s] -- Up-to-date: /home/humble/ros2_ws/install/linorobot2_gazebo/share/linorobot2_gazebo/worlds
[0.054s] -- Up-to-date: /home/humble/ros2_ws/install/linorobot2_gazebo/share/linorobot2_gazebo/worlds/playground.world
[0.054s] -- Up-to-date: /home/humble/ros2_ws/install/linorobot2_gazebo/share/linorobot2_gazebo/worlds/gas_station.world
[0.054s] -- Up-to-date: /home/humble/ros2_ws/install/linorobot2_gazebo/lib/linorobot2_gazebo/command_timeout.py
[0.054s] -- Up-to-date: /home/humble/ros2_ws/install/linorobot2_gazebo/share/linorobot2_gazebo/environment/linorobot2_gazebo.sh
[0.054s] -- Up-to-date: /home/humble/ros2_ws/install/linorobot2_gazebo/share/ament_index/resource_index/package_run_dependencies/linorobot2_gazebo
[0.054s] -- Up-to-date: /home/humble/ros2_ws/install/linorobot2_gazebo/share/ament_index/resource_index/parent_prefix_path/linorobot2_gazebo
[0.054s] -- Up-to-date: /home/humble/ros2_ws/install/linorobot2_gazebo/share/linorobot2_gazebo/environment/ament_prefix_path.sh
[0.054s] -- Up-to-date: /home/humble/ros2_ws/install/linorobot2_gazebo/share/linorobot2_gazebo/environment/ament_prefix_path.dsv
[0.054s] -- Up-to-date: /home/humble/ros2_ws/install/linorobot2_gazebo/share/linorobot2_gazebo/environment/path.sh
[0.054s] -- Up-to-date: /home/humble/ros2_ws/install/linorobot2_gazebo/share/linorobot2_gazebo/environment/path.dsv
[0.054s] -- Up-to-date: /home/humble/ros2_ws/install/linorobot2_gazebo/share/linorobot2_gazebo/local_setup.bash
[0.055s] -- Up-to-date: /home/humble/ros2_ws/install/linorobot2_gazebo/share/linorobot2_gazebo/local_setup.sh
[0.055s] -- Up-to-date: /home/humble/ros2_ws/install/linorobot2_gazebo/share/linorobot2_gazebo/local_setup.zsh
[0.055s] -- Up-to-date: /home/humble/ros2_ws/install/linorobot2_gazebo/share/linorobot2_gazebo/local_setup.dsv
[0.055s] -- Installing: /home/humble/ros2_ws/install/linorobot2_gazebo/share/linorobot2_gazebo/package.dsv
[0.055s] -- Up-to-date: /home/humble/ros2_ws/install/linorobot2_gazebo/share/ament_index/resource_index/packages/linorobot2_gazebo
[0.055s] -- Up-to-date: /home/humble/ros2_ws/install/linorobot2_gazebo/share/linorobot2_gazebo/cmake/linorobot2_gazeboConfig.cmake
[0.055s] -- Up-to-date: /home/humble/ros2_ws/install/linorobot2_gazebo/share/linorobot2_gazebo/cmake/linorobot2_gazeboConfig-version.cmake
[0.055s] -- Up-to-date: /home/humble/ros2_ws/install/linorobot2_gazebo/share/linorobot2_gazebo/package.xml
[0.057s] Invoked command in '/home/humble/ros2_ws/build/linorobot2_gazebo' returned '0': CMAKE_PREFIX_PATH=${CMAKE_PREFIX_PATH}:/home/humble/ros2_ws/install/py_pub_sub:/opt/ros/humble /usr/bin/cmake --install /home/humble/ros2_ws/build/linorobot2_gazebo
