running egg_info
creating ../../build/car_mqtt_client/car_mqtt_client.egg-info
writing ../../build/car_mqtt_client/car_mqtt_client.egg-info/PKG-INFO
writing dependency_links to ../../build/car_mqtt_client/car_mqtt_client.egg-info/dependency_links.txt
writing entry points to ../../build/car_mqtt_client/car_mqtt_client.egg-info/entry_points.txt
writing requirements to ../../build/car_mqtt_client/car_mqtt_client.egg-info/requires.txt
writing top-level names to ../../build/car_mqtt_client/car_mqtt_client.egg-info/top_level.txt
writing manifest file '../../build/car_mqtt_client/car_mqtt_client.egg-info/SOURCES.txt'
reading manifest file '../../build/car_mqtt_client/car_mqtt_client.egg-info/SOURCES.txt'
writing manifest file '../../build/car_mqtt_client/car_mqtt_client.egg-info/SOURCES.txt'
running build
running build_py
creating /home/humble/ros2_ws/build/car_mqtt_client/build
creating /home/humble/ros2_ws/build/car_mqtt_client/build/lib
creating /home/humble/ros2_ws/build/car_mqtt_client/build/lib/car_mqtt_client
copying car_mqtt_client/mqtt_node.py -> /home/humble/ros2_ws/build/car_mqtt_client/build/lib/car_mqtt_client
copying car_mqtt_client/__init__.py -> /home/humble/ros2_ws/build/car_mqtt_client/build/lib/car_mqtt_client
running install
running install_lib
creating /home/humble/ros2_ws/install/car_mqtt_client/lib/python3.10/site-packages/car_mqtt_client
copying /home/humble/ros2_ws/build/car_mqtt_client/build/lib/car_mqtt_client/mqtt_node.py -> /home/humble/ros2_ws/install/car_mqtt_client/lib/python3.10/site-packages/car_mqtt_client
copying /home/humble/ros2_ws/build/car_mqtt_client/build/lib/car_mqtt_client/__init__.py -> /home/humble/ros2_ws/install/car_mqtt_client/lib/python3.10/site-packages/car_mqtt_client
byte-compiling /home/humble/ros2_ws/install/car_mqtt_client/lib/python3.10/site-packages/car_mqtt_client/mqtt_node.py to mqtt_node.cpython-310.pyc
byte-compiling /home/humble/ros2_ws/install/car_mqtt_client/lib/python3.10/site-packages/car_mqtt_client/__init__.py to __init__.cpython-310.pyc
running install_data
creating /home/humble/ros2_ws/install/car_mqtt_client/share/ament_index
creating /home/humble/ros2_ws/install/car_mqtt_client/share/ament_index/resource_index
creating /home/humble/ros2_ws/install/car_mqtt_client/share/ament_index/resource_index/packages
copying resource/car_mqtt_client -> /home/humble/ros2_ws/install/car_mqtt_client/share/ament_index/resource_index/packages
copying package.xml -> /home/humble/ros2_ws/install/car_mqtt_client/share/car_mqtt_client
running install_egg_info
Copying ../../build/car_mqtt_client/car_mqtt_client.egg-info to /home/humble/ros2_ws/install/car_mqtt_client/lib/python3.10/site-packages/car_mqtt_client-0.0.0-py3.10.egg-info
running install_scripts
writing list of installed files to '/home/humble/ros2_ws/build/car_mqtt_client/install.log'
